<?xml version="1.0" encoding="UTF-8"?>
<!-- Generated by org.testng.reporters.JUnitXMLReporter -->
<testsuite hostname="admin-PC" ignored="2" name="Grouping testB" tests="2" failures="0" timestamp="16 May 2019 11:37:14 GMT" time="0.017" errors="0">
  <testcase name="m2" time="0.005" classname="groupingexample.Groupingexample1"/>
  <testcase name="m3" time="0.007" classname="groupingexample.Groupingexample1"/>
  <testcase name="m4" time="0.0" classname="groupingexample.Groupingexample1">
    <ignored/>
  </testcase> <!-- m4 -->
  <testcase name="m1" time="0.0" classname="groupingexample.Groupingexample1">
    <ignored/>
  </testcase> <!-- m1 -->
</testsuite> <!-- Grouping testB -->
