<?xml version="1.0" encoding="UTF-8"?>
<!-- Generated by org.testng.reporters.JUnitXMLReporter -->
<testsuite hostname="admin-PC" ignored="0" name="Grouping testA" tests="3" failures="0" timestamp="16 May 2019 12:00:44 GMT" time="16.828" errors="0">
  <testcase name="openbrowser" time="9.401" classname="priority.Priorityexample"/>
  <testcase name="search" time="7.253" classname="priority.Priorityexample"/>
  <testcase name="tearDown" time="0.111" classname="priority.Priorityexample"/>
</testsuite> <!-- Grouping testA -->
