<?xml version="1.0" encoding="UTF-8"?>
<!-- Generated by org.testng.reporters.JUnitXMLReporter -->
<testsuite hostname="admin-PC" ignored="2" name="Grouping testB" tests="2" failures="0" timestamp="08 Jun 2019 13:18:52 GMT" time="0.0" errors="0">
  <testcase name="m2" time="0.0" classname="groupingexample.Groupingexample1"/>
  <testcase name="m3" time="0.0" classname="groupingexample.Groupingexample1"/>
  <testcase name="m4" time="0.0" classname="groupingexample.Groupingexample1">
    <ignored/>
  </testcase> <!-- m4 -->
  <testcase name="m1" time="0.0" classname="groupingexample.Groupingexample1">
    <ignored/>
  </testcase> <!-- m1 -->
</testsuite> <!-- Grouping testB -->
