<?xml version="1.0" encoding="UTF-8"?>
<!-- Generated by org.testng.reporters.JUnitReportReporter -->
<testsuite skipped="0" hostname="admin-PC" name="com.test.invocationtest" tests="5000" failures="0" timestamp="15 May 2019 12:04:07 GMT" time="4.452" errors="0">
  <testcase name="sumtest" time="0.000" classname="com.test.invocationtest"/>
  <testcase name="sumtest" time="0.000" classname="com.test.invocationtest"/>
  <testcase name="sumtest" time="0.000" classname="com.test.invocationtest"/>
  <testcase name="sumtest" time="0.000" classname="com.test.invocationtest"/>
  <testcase name="sumtest" time="0.000" classname="com.test.invocationtest"/>
  <testcase name="sumtest" time="0.000" classname="com.test.invocationtest"/>
  <testcase name="sumtest" time="0.000" classname="com.test.invocationtest"/>
  <testcase name="sumtest" time="0.002" classname="com.test.invocationtest"/>
  <testcase name="sumtest" time="0.000" classname="com.test.invocationtest"/>
  <testcase name="sumtest" time="0.000" classname="com.test.invocationtest"/>
  <testcase name="sumtest" time="0.000" classname="com.test.invocationtest"/>
  <testcase name="sumtest" time="0.031" classname="com.test.invocationtest"/>
  <testcase name="sumtest" time="0.000" classname="com.test.invocationtest"/>
  <testcase name="sumtest" time="0.000" classname="com.test.invocationtest"/>
  <testcase name="sumtest" time="0.000" classname="com.test.invocationtest"/>
  <testcase name="sumtest" time="0.000" classname="com.test.invocationtest"/>
  <testcase name="sumtest" time="0.000" classname="com.test.invocationtest"/>
  <testcase name="sumtest" time="0.000" classname="com.test.invocationtest"/>
  <testcase name="sumtest" time="0.000" classname="com.test.invocationtest"/>
  <testcase name="sumtest" time="0.000" classname="com.test.invocationtest"/>
  <testcase name="sumtest" time="0.000" classname="com.test.invocationtest"/>
  <testcase name="sumtest" time="0.000" classname="com.test.invocationtest"/>
  <testcase name="sumtest" time="0.000" classname="com.test.invocationtest"/>
  <testcase name="sumtest" time="0.016" classname="com.test.invocationtest"/>
  <testcase name="sumtest" time="0.000" classname="com.test.invocationtest"/>
  <testcase name="sumtest" time="0.000" classname="com.test.invocationtest"/>
  <testcase name="sumtest" time="0.000" classname="com.test.invocationtest"/>
  <testcase name="sumtest" time="0.000" classname="com.test.invocationtest"/>
  <testcase name="sumtest" time="0.000" classname="com.test.invocationtest"/>
  <testcase name="sumtest" time="0.001" classname="com.test.invocationtest"/>
  <testcase name="sumtest" time="0.000" classname="com.test.invocationtest"/>
  <testcase name="sumtest" time="0.000" classname="com.test.invocationtest"/>
  <testcase name="sumtest" time="0.000" classname="com.test.invocationtest"/>
  <testcase name="sumtest" time="0.000" classname="com.test.invocationtest"/>
  <testcase name="sumtest" time="0.000" classname="com.test.invocationtest"/>
  <testcase name="sumtest" time="0.000" classname="com.test.invocationtest"/>
  <testcase name="sumtest" time="0.000" classname="com.test.invocationtest"/>
  <testcase name="sumtest" time="0.000" classname="com.test.invocationtest"/>
  <testcase name="sumtest" time="0.000" classname="com.test.invocationtest"/>
  <testcase name="sumtest" time="0.001" classname="com.test.invocationtest"/>
  <testcase name="sumtest" time="0.001" classname="com.test.invocationtest"/>
  <testcase name="sumtest" time="0.000" classname="com.test.invocationtest"/>
  <testcase name="sumtest" time="0.000" classname="com.test.invocationtest"/>
  <testcase name="sumtest" time="0.000" classname="com.test.invocationtest"/>
  <testcase name="sumtest" time="0.000" classname="com.test.invocationtest"/>
  <testcase name="sumtest" time="0.016" classname="com.test.invocationtest"/>
  <testcase name="sumtest" time="0.000" classname="com.test.invocationtest"/>
  <testcase name="sumtest" time="0.000" classname="com.test.invocationtest"/>
  <testcase name="sumtest" time="0.000" classname="com.test.invocationtest"/>
  <testcase name="sumtest" time="0.000" classname="com.test.invocationtest"/>
  <testcase name="sumtest" time="0.000" classname="com.test.invocationtest"/>
  <testcase name="sumtest" time="0.000" classname="com.test.invocationtest"/>
  <testcase name="sumtest" time="0.000" classname="com.test.invocationtest"/>
  <testcase name="sumtest" time="0.000" classname="com.test.invocationtest"/>
  <testcase name="sumtest" time="0.000" classname="com.test.invocationtest"/>
  <testcase name="sumtest" time="0.000" classname="com.test.invocationtest"/>
  <testcase name="sumtest" time="0.003" classname="com.test.invocationtest"/>
  <testcase name="sumtest" time="0.001" classname="com.test.invocationtest"/>
  <testcase name="sumtest" time="0.000" classname="com.test.invocationtest"/>
  <testcase name="sumtest" time="0.016" classname="com.test.invocationtest"/>
  <testcase name="sumtest" time="0.000" classname="com.test.invocationtest"/>
  <testcase name="sumtest" time="0.000" classname="com.test.invocationtest"/>
  <testcase name="sumtest" time="0.000" classname="com.test.invocationtest"/>
  <testcase name="sumtest" time="0.000" classname="com.test.invocationtest"/>
  <testcase name="sumtest" time="0.000" classname="com.test.invocationtest"/>
  <testcase name="sumtest" time="0.000" classname="com.test.invocationtest"/>
  <testcase name="sumtest" time="0.000" classname="com.test.invocationtest"/>
  <testcase name="sumtest" time="0.000" classname="com.test.invocationtest"/>
  <testcase name="sumtest" time="0.000" classname="com.test.invocationtest"/>
  <testcase name="sumtest" time="0.000" classname="com.test.invocationtest"/>
  <testcase name="sumtest" time="0.000" classname="com.test.invocationtest"/>
  <testcase name="sumtest" time="0.000" classname="com.test.invocationtest"/>
  <testcase name="sumtest" time="0.000" classname="com.test.invocationtest"/>
  <testcase name="sumtest" time="0.000" classname="com.test.invocationtest"/>
  <testcase name="sumtest" time="0.000" classname="com.test.invocationtest"/>
  <testcase name="sumtest" time="0.000" classname="com.test.invocationtest"/>
  <testcase name="sumtest" time="0.000" classname="com.test.invocationtest"/>
  <testcase name="sumtest" time="0.000" classname="com.test.invocationtest"/>
  <testcase name="sumtest" time="0.000" classname="com.test.invocationtest"/>
  <testcase name="sumtest" time="0.000" classname="com.test.invocationtest"/>
  <testcase name="sumtest" time="0.000" classname="com.test.invocationtest"/>
  <testcase name="sumtest" time="0.000" classname="com.test.invocationtest"/>
  <testcase name="sumtest" time="0.000" classname="com.test.invocationtest"/>
  <testcase name="sumtest" time="0.000" classname="com.test.invocationtest"/>
  <testcase name="sumtest" time="0.000" classname="com.test.invocationtest"/>
  <testcase name="sumtest" time="0.000" classname="com.test.invocationtest"/>
  <testcase name="sumtest" time="0.001" classname="com.test.invocationtest"/>
  <testcase name="sumtest" time="0.000" classname="com.test.invocationtest"/>
  <testcase name="sumtest" time="0.000" classname="com.test.invocationtest"/>
  <testcase name="sumtest" time="0.000" classname="com.test.invocationtest"/>
  <testcase name="sumtest" time="0.000" classname="com.test.invocationtest"/>
  <testcase name="sumtest" time="0.000" classname="com.test.invocationtest"/>
  <testcase name="sumtest" time="0.000" classname="com.test.invocationtest"/>
  <testcase name="sumtest" time="0.000" classname="com.test.invocationtest"/>
  <testcase name="sumtest" time="0.000" classname="com.test.invocationtest"/>
  <testcase name="sumtest" time="0.001" classname="com.test.invocationtest"/>
  <testcase name="sumtest" time="0.000" classname="com.test.invocationtest"/>
  <testcase name="sumtest" time="0.001" classname="com.test.invocationtest"/>
  <testcase name="sumtest" time="0.000" classname="com.test.invocationtest"/>
  <testcase name="sumtest" time="0.001" classname="com.test.invocationtest"/>
  <testcase name="sumtest" time="0.000" classname="com.test.invocationtest"/>
  <testcase name="sumtest" time="0.000" classname="com.test.invocationtest"/>
  <testcase name="sumtest" time="0.000" classname="com.test.invocationtest"/>
  <testcase name="sumtest" time="0.000" classname="com.test.invocationtest"/>
  <testcase name="sumtest" time="0.000" classname="com.test.invocationtest"/>
  <testcase name="sumtest" time="0.000" classname="com.test.invocationtest"/>
  <testcase name="sumtest" time="0.000" classname="com.test.invocationtest"/>
  <testcase name="sumtest" time="0.001" classname="com.test.invocationtest"/>
  <testcase name="sumtest" time="0.000" classname="com.test.invocationtest"/>
  <testcase name="sumtest" time="0.000" classname="com.test.invocationtest"/>
  <testcase name="sumtest" time="0.000" classname="com.test.invocationtest"/>
  <testcase name="sumtest" time="0.000" classname="com.test.invocationtest"/>
  <testcase name="sumtest" time="0.000" classname="com.test.invocationtest"/>
  <testcase name="sumtest" time="0.000" classname="com.test.invocationtest"/>
  <testcase name="sumtest" time="0.000" classname="com.test.invocationtest"/>
  <testcase name="sumtest" time="0.000" classname="com.test.invocationtest"/>
  <testcase name="sumtest" time="0.000" classname="com.test.invocationtest"/>
  <testcase name="sumtest" time="0.000" classname="com.test.invocationtest"/>
  <testcase name="sumtest" time="0.000" classname="com.test.invocationtest"/>
  <testcase name="sumtest" time="0.000" classname="com.test.invocationtest"/>
  <testcase name="sumtest" time="0.000" classname="com.test.invocationtest"/>
  <testcase name="sumtest" time="0.000" classname="com.test.invocationtest"/>
  <testcase name="sumtest" time="0.000" classname="com.test.invocationtest"/>
  <testcase name="sumtest" time="0.000" classname="com.test.invocationtest"/>
  <testcase name="sumtest" time="0.000" classname="com.test.invocationtest"/>
  <testcase name="sumtest" time="0.000" classname="com.test.invocationtest"/>
  <testcase name="sumtest" time="0.001" classname="com.test.invocationtest"/>
  <testcase name="sumtest" time="0.000" classname="com.test.invocationtest"/>
  <testcase name="sumtest" time="0.000" classname="com.test.invocationtest"/>
  <testcase name="sumtest" time="0.000" classname="com.test.invocationtest"/>
  <testcase name="sumtest" time="0.000" classname="com.test.invocationtest"/>
  <testcase name="sumtest" time="0.019" classname="com.test.invocationtest"/>
  <testcase name="sumtest" time="0.000" classname="com.test.invocationtest"/>
  <testcase name="sumtest" time="0.000" classname="com.test.invocationtest"/>
  <testcase name="sumtest" time="0.000" classname="com.test.invocationtest"/>
  <testcase name="sumtest" time="0.000" classname="com.test.invocationtest"/>
  <testcase name="sumtest" time="0.000" classname="com.test.invocationtest"/>
  <testcase name="sumtest" time="0.000" classname="com.test.invocationtest"/>
  <testcase name="sumtest" time="0.000" classname="com.test.invocationtest"/>
  <testcase name="sumtest" time="0.001" classname="com.test.invocationtest"/>
  <testcase name="sumtest" time="0.000" classname="com.test.invocationtest"/>
  <testcase name="sumtest" time="0.001" classname="com.test.invocationtest"/>
  <testcase name="sumtest" time="0.000" classname="com.test.invocationtest"/>
  <testcase name="sumtest" time="0.000" classname="com.test.invocationtest"/>
  <testcase name="sumtest" time="0.000" classname="com.test.invocationtest"/>
  <testcase name="sumtest" time="0.000" classname="com.test.invocationtest"/>
  <testcase name="sumtest" time="0.000" classname="com.test.invocationtest"/>
  <testcase name="sumtest" time="0.000" classname="com.test.invocationtest"/>
  <testcase name="sumtest" time="0.000" classname="com.test.invocationtest"/>
  <testcase name="sumtest" time="0.000" classname="com.test.invocationtest"/>
  <testcase name="sumtest" time="0.000" classname="com.test.invocationtest"/>
  <testcase name="sumtest" time="0.000" classname="com.test.invocationtest"/>
  <testcase name="sumtest" time="0.000" classname="com.test.invocationtest"/>
  <testcase name="sumtest" time="0.000" classname="com.test.invocationtest"/>
  <testcase name="sumtest" time="0.000" classname="com.test.invocationtest"/>
  <testcase name="sumtest" time="0.000" classname="com.test.invocationtest"/>
  <testcase name="sumtest" time="0.000" classname="com.test.invocationtest"/>
  <testcase name="sumtest" time="0.001" classname="com.test.invocationtest"/>
  <testcase name="sumtest" time="0.000" classname="com.test.invocationtest"/>
  <testcase name="sumtest" time="0.000" classname="com.test.invocationtest"/>
  <testcase name="sumtest" time="0.001" classname="com.test.invocationtest"/>
  <testcase name="sumtest" time="0.000" classname="com.test.invocationtest"/>
  <testcase name="sumtest" time="0.000" classname="com.test.invocationtest"/>
  <testcase name="sumtest" time="0.000" classname="com.test.invocationtest"/>
  <testcase name="sumtest" time="0.000" classname="com.test.invocationtest"/>
  <testcase name="sumtest" time="0.000" classname="com.test.invocationtest"/>
  <testcase name="sumtest" time="0.000" classname="com.test.invocationtest"/>
  <testcase name="sumtest" time="0.001" classname="com.test.invocationtest"/>
  <testcase name="sumtest" time="0.000" classname="com.test.invocationtest"/>
  <testcase name="sumtest" time="0.000" classname="com.test.invocationtest"/>
  <testcase name="sumtest" time="0.016" classname="com.test.invocationtest"/>
  <testcase name="sumtest" time="0.000" classname="com.test.invocationtest"/>
  <testcase name="sumtest" time="0.000" classname="com.test.invocationtest"/>
  <testcase name="sumtest" time="0.000" classname="com.test.invocationtest"/>
  <testcase name="sumtest" time="0.000" classname="com.test.invocationtest"/>
  <testcase name="sumtest" time="0.001" classname="com.test.invocationtest"/>
  <testcase name="sumtest" time="0.000" classname="com.test.invocationtest"/>
  <testcase name="sumtest" time="0.000" classname="com.test.invocationtest"/>
  <testcase name="sumtest" time="0.016" classname="com.test.invocationtest"/>
  <testcase name="sumtest" time="0.000" classname="com.test.invocationtest"/>
  <testcase name="sumtest" time="0.000" classname="com.test.invocationtest"/>
  <testcase name="sumtest" time="0.000" classname="com.test.invocationtest"/>
  <testcase name="sumtest" time="0.000" classname="com.test.invocationtest"/>
  <testcase name="sumtest" time="0.000" classname="com.test.invocationtest"/>
  <testcase name="sumtest" time="0.000" classname="com.test.invocationtest"/>
  <testcase name="sumtest" time="0.000" classname="com.test.invocationtest"/>
  <testcase name="sumtest" time="0.000" classname="com.test.invocationtest"/>
  <testcase name="sumtest" time="0.000" classname="com.test.invocationtest"/>
  <testcase name="sumtest" time="0.011" classname="com.test.invocationtest"/>
  <testcase name="sumtest" time="0.000" classname="com.test.invocationtest"/>
  <testcase name="sumtest" time="0.000" classname="com.test.invocationtest"/>
  <testcase name="sumtest" time="0.014" classname="com.test.invocationtest"/>
  <testcase name="sumtest" time="0.000" classname="com.test.invocationtest"/>
  <testcase name="sumtest" time="0.000" classname="com.test.invocationtest"/>
  <testcase name="sumtest" time="0.000" classname="com.test.invocationtest"/>
  <testcase name="sumtest" time="0.000" classname="com.test.invocationtest"/>
  <testcase name="sumtest" time="0.000" classname="com.test.invocationtest"/>
  <testcase name="sumtest" time="0.000" classname="com.test.invocationtest"/>
  <testcase name="sumtest" time="0.000" classname="com.test.invocationtest"/>
  <testcase name="sumtest" time="0.000" classname="com.test.invocationtest"/>
  <testcase name="sumtest" time="0.000" classname="com.test.invocationtest"/>
  <testcase name="sumtest" time="0.000" classname="com.test.invocationtest"/>
  <testcase name="sumtest" time="0.000" classname="com.test.invocationtest"/>
  <testcase name="sumtest" time="0.000" classname="com.test.invocationtest"/>
  <testcase name="sumtest" time="0.000" classname="com.test.invocationtest"/>
  <testcase name="sumtest" time="0.000" classname="com.test.invocationtest"/>
  <testcase name="sumtest" time="0.000" classname="com.test.invocationtest"/>
  <testcase name="sumtest" time="0.000" classname="com.test.invocationtest"/>
  <testcase name="sumtest" time="0.000" classname="com.test.invocationtest"/>
  <testcase name="sumtest" time="0.000" classname="com.test.invocationtest"/>
  <testcase name="sumtest" time="0.000" classname="com.test.invocationtest"/>
  <testcase name="sumtest" time="0.000" classname="com.test.invocationtest"/>
  <testcase name="sumtest" time="0.000" classname="com.test.invocationtest"/>
  <testcase name="sumtest" time="0.000" classname="com.test.invocationtest"/>
  <testcase name="sumtest" time="0.015" classname="com.test.invocationtest"/>
  <testcase name="sumtest" time="0.000" classname="com.test.invocationtest"/>
  <testcase name="sumtest" time="0.000" classname="com.test.invocationtest"/>
  <testcase name="sumtest" time="0.000" classname="com.test.invocationtest"/>
  <testcase name="sumtest" time="0.000" classname="com.test.invocationtest"/>
  <testcase name="sumtest" time="0.000" classname="com.test.invocationtest"/>
  <testcase name="sumtest" time="0.011" classname="com.test.invocationtest"/>
  <testcase name="sumtest" time="0.000" classname="com.test.invocationtest"/>
  <testcase name="sumtest" time="0.016" classname="com.test.invocationtest"/>
  <testcase name="sumtest" time="0.000" classname="com.test.invocationtest"/>
  <testcase name="sumtest" time="0.000" classname="com.test.invocationtest"/>
  <testcase name="sumtest" time="0.000" classname="com.test.invocationtest"/>
  <testcase name="sumtest" time="0.000" classname="com.test.invocationtest"/>
  <testcase name="sumtest" time="0.000" classname="com.test.invocationtest"/>
  <testcase name="sumtest" time="0.001" classname="com.test.invocationtest"/>
  <testcase name="sumtest" time="0.000" classname="com.test.invocationtest"/>
  <testcase name="sumtest" time="0.001" classname="com.test.invocationtest"/>
  <testcase name="sumtest" time="0.000" classname="com.test.invocationtest"/>
  <testcase name="sumtest" time="0.000" classname="com.test.invocationtest"/>
  <testcase name="sumtest" time="0.000" classname="com.test.invocationtest"/>
  <testcase name="sumtest" time="0.000" classname="com.test.invocationtest"/>
  <testcase name="sumtest" time="0.000" classname="com.test.invocationtest"/>
  <testcase name="sumtest" time="0.000" classname="com.test.invocationtest"/>
  <testcase name="sumtest" time="0.000" classname="com.test.invocationtest"/>
  <testcase name="sumtest" time="0.000" classname="com.test.invocationtest"/>
  <testcase name="sumtest" time="0.000" classname="com.test.invocationtest"/>
  <testcase name="sumtest" time="0.000" classname="com.test.invocationtest"/>
  <testcase name="sumtest" time="0.000" classname="com.test.invocationtest"/>
  <testcase name="sumtest" time="0.000" classname="com.test.invocationtest"/>
  <testcase name="sumtest" time="0.001" classname="com.test.invocationtest"/>
  <testcase name="sumtest" time="0.000" classname="com.test.invocationtest"/>
  <testcase name="sumtest" time="0.000" classname="com.test.invocationtest"/>
  <testcase name="sumtest" time="0.000" classname="com.test.invocationtest"/>
  <testcase name="sumtest" time="0.000" classname="com.test.invocationtest"/>
  <testcase name="sumtest" time="0.000" classname="com.test.invocationtest"/>
  <testcase name="sumtest" time="0.000" classname="com.test.invocationtest"/>
  <testcase name="sumtest" time="0.000" classname="com.test.invocationtest"/>
  <testcase name="sumtest" time="0.015" classname="com.test.invocationtest"/>
  <testcase name="sumtest" time="0.000" classname="com.test.invocationtest"/>
  <testcase name="sumtest" time="0.000" classname="com.test.invocationtest"/>
  <testcase name="sumtest" time="0.000" classname="com.test.invocationtest"/>
  <testcase name="sumtest" time="0.000" classname="com.test.invocationtest"/>
  <testcase name="sumtest" time="0.000" classname="com.test.invocationtest"/>
  <testcase name="sumtest" time="0.000" classname="com.test.invocationtest"/>
  <testcase name="sumtest" time="0.000" classname="com.test.invocationtest"/>
  <testcase name="sumtest" time="0.016" classname="com.test.invocationtest"/>
  <testcase name="sumtest" time="0.000" classname="com.test.invocationtest"/>
  <testcase name="sumtest" time="0.000" classname="com.test.invocationtest"/>
  <testcase name="sumtest" time="0.000" classname="com.test.invocationtest"/>
  <testcase name="sumtest" time="0.000" classname="com.test.invocationtest"/>
  <testcase name="sumtest" time="0.000" classname="com.test.invocationtest"/>
  <testcase name="sumtest" time="0.000" classname="com.test.invocationtest"/>
  <testcase name="sumtest" time="0.000" classname="com.test.invocationtest"/>
  <testcase name="sumtest" time="0.000" classname="com.test.invocationtest"/>
  <testcase name="sumtest" time="0.000" classname="com.test.invocationtest"/>
  <testcase name="sumtest" time="0.000" classname="com.test.invocationtest"/>
  <testcase name="sumtest" time="0.000" classname="com.test.invocationtest"/>
  <testcase name="sumtest" time="0.016" classname="com.test.invocationtest"/>
  <testcase name="sumtest" time="0.000" classname="com.test.invocationtest"/>
  <testcase name="sumtest" time="0.000" classname="com.test.invocationtest"/>
  <testcase name="sumtest" time="0.000" classname="com.test.invocationtest"/>
  <testcase name="sumtest" time="0.000" classname="com.test.invocationtest"/>
  <testcase name="sumtest" time="0.000" classname="com.test.invocationtest"/>
  <testcase name="sumtest" time="0.000" classname="com.test.invocationtest"/>
  <testcase name="sumtest" time="0.000" classname="com.test.invocationtest"/>
  <testcase name="sumtest" time="0.015" classname="com.test.invocationtest"/>
  <testcase name="sumtest" time="0.000" classname="com.test.invocationtest"/>
  <testcase name="sumtest" time="0.000" classname="com.test.invocationtest"/>
  <testcase name="sumtest" time="0.000" classname="com.test.invocationtest"/>
  <testcase name="sumtest" time="0.000" classname="com.test.invocationtest"/>
  <testcase name="sumtest" time="0.000" classname="com.test.invocationtest"/>
  <testcase name="sumtest" time="0.000" classname="com.test.invocationtest"/>
  <testcase name="sumtest" time="0.000" classname="com.test.invocationtest"/>
  <testcase name="sumtest" time="0.000" classname="com.test.invocationtest"/>
  <testcase name="sumtest" time="0.000" classname="com.test.invocationtest"/>
  <testcase name="sumtest" time="0.000" classname="com.test.invocationtest"/>
  <testcase name="sumtest" time="0.000" classname="com.test.invocationtest"/>
  <testcase name="sumtest" time="0.000" classname="com.test.invocationtest"/>
  <testcase name="sumtest" time="0.000" classname="com.test.invocationtest"/>
  <testcase name="sumtest" time="0.000" classname="com.test.invocationtest"/>
  <testcase name="sumtest" time="0.000" classname="com.test.invocationtest"/>
  <testcase name="sumtest" time="0.000" classname="com.test.invocationtest"/>
  <testcase name="sumtest" time="0.000" classname="com.test.invocationtest"/>
  <testcase name="sumtest" time="0.001" classname="com.test.invocationtest"/>
  <testcase name="sumtest" time="0.000" classname="com.test.invocationtest"/>
  <testcase name="sumtest" time="0.000" classname="com.test.invocationtest"/>
  <testcase name="sumtest" time="0.000" classname="com.test.invocationtest"/>
  <testcase name="sumtest" time="0.001" classname="com.test.invocationtest"/>
  <testcase name="sumtest" time="0.000" classname="com.test.invocationtest"/>
  <testcase name="sumtest" time="0.000" classname="com.test.invocationtest"/>
  <testcase name="sumtest" time="0.000" classname="com.test.invocationtest"/>
  <testcase name="sumtest" time="0.000" classname="com.test.invocationtest"/>
  <testcase name="sumtest" time="0.001" classname="com.test.invocationtest"/>
  <testcase name="sumtest" time="0.000" classname="com.test.invocationtest"/>
  <testcase name="sumtest" time="0.000" classname="com.test.invocationtest"/>
  <testcase name="sumtest" time="0.000" classname="com.test.invocationtest"/>
  <testcase name="sumtest" time="0.000" classname="com.test.invocationtest"/>
  <testcase name="sumtest" time="0.000" classname="com.test.invocationtest"/>
  <testcase name="sumtest" time="0.000" classname="com.test.invocationtest"/>
  <testcase name="sumtest" time="0.000" classname="com.test.invocationtest"/>
  <testcase name="sumtest" time="0.002" classname="com.test.invocationtest"/>
  <testcase name="sumtest" time="0.000" classname="com.test.invocationtest"/>
  <testcase name="sumtest" time="0.000" classname="com.test.invocationtest"/>
  <testcase name="sumtest" time="0.000" classname="com.test.invocationtest"/>
  <testcase name="sumtest" time="0.000" classname="com.test.invocationtest"/>
  <testcase name="sumtest" time="0.000" classname="com.test.invocationtest"/>
  <testcase name="sumtest" time="0.000" classname="com.test.invocationtest"/>
  <testcase name="sumtest" time="0.000" classname="com.test.invocationtest"/>
  <testcase name="sumtest" time="0.000" classname="com.test.invocationtest"/>
  <testcase name="sumtest" time="0.000" classname="com.test.invocationtest"/>
  <testcase name="sumtest" time="0.016" classname="com.test.invocationtest"/>
  <testcase name="sumtest" time="0.000" classname="com.test.invocationtest"/>
  <testcase name="sumtest" time="0.000" classname="com.test.invocationtest"/>
  <testcase name="sumtest" time="0.000" classname="com.test.invocationtest"/>
  <testcase name="sumtest" time="0.000" classname="com.test.invocationtest"/>
  <testcase name="sumtest" time="0.000" classname="com.test.invocationtest"/>
  <testcase name="sumtest" time="0.000" classname="com.test.invocationtest"/>
  <testcase name="sumtest" time="0.000" classname="com.test.invocationtest"/>
  <testcase name="sumtest" time="0.000" classname="com.test.invocationtest"/>
  <testcase name="sumtest" time="0.000" classname="com.test.invocationtest"/>
  <testcase name="sumtest" time="0.000" classname="com.test.invocationtest"/>
  <testcase name="sumtest" time="0.000" classname="com.test.invocationtest"/>
  <testcase name="sumtest" time="0.000" classname="com.test.invocationtest"/>
  <testcase name="sumtest" time="0.000" classname="com.test.invocationtest"/>
  <testcase name="sumtest" time="0.000" classname="com.test.invocationtest"/>
  <testcase name="sumtest" time="0.000" classname="com.test.invocationtest"/>
  <testcase name="sumtest" time="0.000" classname="com.test.invocationtest"/>
  <testcase name="sumtest" time="0.000" classname="com.test.invocationtest"/>
  <testcase name="sumtest" time="0.000" classname="com.test.invocationtest"/>
  <testcase name="sumtest" time="0.000" classname="com.test.invocationtest"/>
  <testcase name="sumtest" time="0.000" classname="com.test.invocationtest"/>
  <testcase name="sumtest" time="0.000" classname="com.test.invocationtest"/>
  <testcase name="sumtest" time="0.000" classname="com.test.invocationtest"/>
  <testcase name="sumtest" time="0.000" classname="com.test.invocationtest"/>
  <testcase name="sumtest" time="0.000" classname="com.test.invocationtest"/>
  <testcase name="sumtest" time="0.000" classname="com.test.invocationtest"/>
  <testcase name="sumtest" time="0.000" classname="com.test.invocationtest"/>
  <testcase name="sumtest" time="0.000" classname="com.test.invocationtest"/>
  <testcase name="sumtest" time="0.000" classname="com.test.invocationtest"/>
  <testcase name="sumtest" time="0.000" classname="com.test.invocationtest"/>
  <testcase name="sumtest" time="0.000" classname="com.test.invocationtest"/>
  <testcase name="sumtest" time="0.000" classname="com.test.invocationtest"/>
  <testcase name="sumtest" time="0.000" classname="com.test.invocationtest"/>
  <testcase name="sumtest" time="0.000" classname="com.test.invocationtest"/>
  <testcase name="sumtest" time="0.000" classname="com.test.invocationtest"/>
  <testcase name="sumtest" time="0.000" classname="com.test.invocationtest"/>
  <testcase name="sumtest" time="0.000" classname="com.test.invocationtest"/>
  <testcase name="sumtest" time="0.000" classname="com.test.invocationtest"/>
  <testcase name="sumtest" time="0.000" classname="com.test.invocationtest"/>
  <testcase name="sumtest" time="0.000" classname="com.test.invocationtest"/>
  <testcase name="sumtest" time="0.000" classname="com.test.invocationtest"/>
  <testcase name="sumtest" time="0.000" classname="com.test.invocationtest"/>
  <testcase name="sumtest" time="0.000" classname="com.test.invocationtest"/>
  <testcase name="sumtest" time="0.000" classname="com.test.invocationtest"/>
  <testcase name="sumtest" time="0.000" classname="com.test.invocationtest"/>
  <testcase name="sumtest" time="0.000" classname="com.test.invocationtest"/>
  <testcase name="sumtest" time="0.000" classname="com.test.invocationtest"/>
  <testcase name="sumtest" time="0.000" classname="com.test.invocationtest"/>
  <testcase name="sumtest" time="0.000" classname="com.test.invocationtest"/>
  <testcase name="sumtest" time="0.000" classname="com.test.invocationtest"/>
  <testcase name="sumtest" time="0.000" classname="com.test.invocationtest"/>
  <testcase name="sumtest" time="0.000" classname="com.test.invocationtest"/>
  <testcase name="sumtest" time="0.000" classname="com.test.invocationtest"/>
  <testcase name="sumtest" time="0.016" classname="com.test.invocationtest"/>
  <testcase name="sumtest" time="0.000" classname="com.test.invocationtest"/>
  <testcase name="sumtest" time="0.000" classname="com.test.invocationtest"/>
  <testcase name="sumtest" time="0.000" classname="com.test.invocationtest"/>
  <testcase name="sumtest" time="0.000" classname="com.test.invocationtest"/>
  <testcase name="sumtest" time="0.001" classname="com.test.invocationtest"/>
  <testcase name="sumtest" time="0.000" classname="com.test.invocationtest"/>
  <testcase name="sumtest" time="0.000" classname="com.test.invocationtest"/>
  <testcase name="sumtest" time="0.000" classname="com.test.invocationtest"/>
  <testcase name="sumtest" time="0.000" classname="com.test.invocationtest"/>
  <testcase name="sumtest" time="0.001" classname="com.test.invocationtest"/>
  <testcase name="sumtest" time="0.000" classname="com.test.invocationtest"/>
  <testcase name="sumtest" time="0.000" classname="com.test.invocationtest"/>
  <testcase name="sumtest" time="0.000" classname="com.test.invocationtest"/>
  <testcase name="sumtest" time="0.000" classname="com.test.invocationtest"/>
  <testcase name="sumtest" time="0.001" classname="com.test.invocationtest"/>
  <testcase name="sumtest" time="0.003" classname="com.test.invocationtest"/>
  <testcase name="sumtest" time="0.000" classname="com.test.invocationtest"/>
  <testcase name="sumtest" time="0.000" classname="com.test.invocationtest"/>
  <testcase name="sumtest" time="0.000" classname="com.test.invocationtest"/>
  <testcase name="sumtest" time="0.000" classname="com.test.invocationtest"/>
  <testcase name="sumtest" time="0.000" classname="com.test.invocationtest"/>
  <testcase name="sumtest" time="0.000" classname="com.test.invocationtest"/>
  <testcase name="sumtest" time="0.000" classname="com.test.invocationtest"/>
  <testcase name="sumtest" time="0.000" classname="com.test.invocationtest"/>
  <testcase name="sumtest" time="0.000" classname="com.test.invocationtest"/>
  <testcase name="sumtest" time="0.001" classname="com.test.invocationtest"/>
  <testcase name="sumtest" time="0.000" classname="com.test.invocationtest"/>
  <testcase name="sumtest" time="0.000" classname="com.test.invocationtest"/>
  <testcase name="sumtest" time="0.000" classname="com.test.invocationtest"/>
  <testcase name="sumtest" time="0.000" classname="com.test.invocationtest"/>
  <testcase name="sumtest" time="0.000" classname="com.test.invocationtest"/>
  <testcase name="sumtest" time="0.000" classname="com.test.invocationtest"/>
  <testcase name="sumtest" time="0.000" classname="com.test.invocationtest"/>
  <testcase name="sumtest" time="0.000" classname="com.test.invocationtest"/>
  <testcase name="sumtest" time="0.000" classname="com.test.invocationtest"/>
  <testcase name="sumtest" time="0.000" classname="com.test.invocationtest"/>
  <testcase name="sumtest" time="0.000" classname="com.test.invocationtest"/>
  <testcase name="sumtest" time="0.000" classname="com.test.invocationtest"/>
  <testcase name="sumtest" time="0.000" classname="com.test.invocationtest"/>
  <testcase name="sumtest" time="0.000" classname="com.test.invocationtest"/>
  <testcase name="sumtest" time="0.000" classname="com.test.invocationtest"/>
  <testcase name="sumtest" time="0.000" classname="com.test.invocationtest"/>
  <testcase name="sumtest" time="0.000" classname="com.test.invocationtest"/>
  <testcase name="sumtest" time="0.000" classname="com.test.invocationtest"/>
  <testcase name="sumtest" time="0.000" classname="com.test.invocationtest"/>
  <testcase name="sumtest" time="0.000" classname="com.test.invocationtest"/>
  <testcase name="sumtest" time="0.000" classname="com.test.invocationtest"/>
  <testcase name="sumtest" time="0.000" classname="com.test.invocationtest"/>
  <testcase name="sumtest" time="0.000" classname="com.test.invocationtest"/>
  <testcase name="sumtest" time="0.015" classname="com.test.invocationtest"/>
  <testcase name="sumtest" time="0.000" classname="com.test.invocationtest"/>
  <testcase name="sumtest" time="0.000" classname="com.test.invocationtest"/>
  <testcase name="sumtest" time="0.000" classname="com.test.invocationtest"/>
  <testcase name="sumtest" time="0.000" classname="com.test.invocationtest"/>
  <testcase name="sumtest" time="0.000" classname="com.test.invocationtest"/>
  <testcase name="sumtest" time="0.000" classname="com.test.invocationtest"/>
  <testcase name="sumtest" time="0.000" classname="com.test.invocationtest"/>
  <testcase name="sumtest" time="0.000" classname="com.test.invocationtest"/>
  <testcase name="sumtest" time="0.000" classname="com.test.invocationtest"/>
  <testcase name="sumtest" time="0.000" classname="com.test.invocationtest"/>
  <testcase name="sumtest" time="0.000" classname="com.test.invocationtest"/>
  <testcase name="sumtest" time="0.000" classname="com.test.invocationtest"/>
  <testcase name="sumtest" time="0.000" classname="com.test.invocationtest"/>
  <testcase name="sumtest" time="0.000" classname="com.test.invocationtest"/>
  <testcase name="sumtest" time="0.000" classname="com.test.invocationtest"/>
  <testcase name="sumtest" time="0.000" classname="com.test.invocationtest"/>
  <testcase name="sumtest" time="0.000" classname="com.test.invocationtest"/>
  <testcase name="sumtest" time="0.000" classname="com.test.invocationtest"/>
  <testcase name="sumtest" time="0.000" classname="com.test.invocationtest"/>
  <testcase name="sumtest" time="0.000" classname="com.test.invocationtest"/>
  <testcase name="sumtest" time="0.015" classname="com.test.invocationtest"/>
  <testcase name="sumtest" time="0.000" classname="com.test.invocationtest"/>
  <testcase name="sumtest" time="0.000" classname="com.test.invocationtest"/>
  <testcase name="sumtest" time="0.000" classname="com.test.invocationtest"/>
  <testcase name="sumtest" time="0.000" classname="com.test.invocationtest"/>
  <testcase name="sumtest" time="0.000" classname="com.test.invocationtest"/>
  <testcase name="sumtest" time="0.000" classname="com.test.invocationtest"/>
  <testcase name="sumtest" time="0.001" classname="com.test.invocationtest"/>
  <testcase name="sumtest" time="0.000" classname="com.test.invocationtest"/>
  <testcase name="sumtest" time="0.000" classname="com.test.invocationtest"/>
  <testcase name="sumtest" time="0.000" classname="com.test.invocationtest"/>
  <testcase name="sumtest" time="0.000" classname="com.test.invocationtest"/>
  <testcase name="sumtest" time="0.001" classname="com.test.invocationtest"/>
  <testcase name="sumtest" time="0.000" classname="com.test.invocationtest"/>
  <testcase name="sumtest" time="0.000" classname="com.test.invocationtest"/>
  <testcase name="sumtest" time="0.000" classname="com.test.invocationtest"/>
  <testcase name="sumtest" time="0.000" classname="com.test.invocationtest"/>
  <testcase name="sumtest" time="0.001" classname="com.test.invocationtest"/>
  <testcase name="sumtest" time="0.000" classname="com.test.invocationtest"/>
  <testcase name="sumtest" time="0.000" classname="com.test.invocationtest"/>
  <testcase name="sumtest" time="0.015" classname="com.test.invocationtest"/>
  <testcase name="sumtest" time="0.000" classname="com.test.invocationtest"/>
  <testcase name="sumtest" time="0.001" classname="com.test.invocationtest"/>
  <testcase name="sumtest" time="0.000" classname="com.test.invocationtest"/>
  <testcase name="sumtest" time="0.000" classname="com.test.invocationtest"/>
  <testcase name="sumtest" time="0.000" classname="com.test.invocationtest"/>
  <testcase name="sumtest" time="0.000" classname="com.test.invocationtest"/>
  <testcase name="sumtest" time="0.003" classname="com.test.invocationtest"/>
  <testcase name="sumtest" time="0.000" classname="com.test.invocationtest"/>
  <testcase name="sumtest" time="0.000" classname="com.test.invocationtest"/>
  <testcase name="sumtest" time="0.000" classname="com.test.invocationtest"/>
  <testcase name="sumtest" time="0.000" classname="com.test.invocationtest"/>
  <testcase name="sumtest" time="0.000" classname="com.test.invocationtest"/>
  <testcase name="sumtest" time="0.000" classname="com.test.invocationtest"/>
  <testcase name="sumtest" time="0.011" classname="com.test.invocationtest"/>
  <testcase name="sumtest" time="0.000" classname="com.test.invocationtest"/>
  <testcase name="sumtest" time="0.000" classname="com.test.invocationtest"/>
  <testcase name="sumtest" time="0.000" classname="com.test.invocationtest"/>
  <testcase name="sumtest" time="0.000" classname="com.test.invocationtest"/>
  <testcase name="sumtest" time="0.000" classname="com.test.invocationtest"/>
  <testcase name="sumtest" time="0.001" classname="com.test.invocationtest"/>
  <testcase name="sumtest" time="0.000" classname="com.test.invocationtest"/>
  <testcase name="sumtest" time="0.000" classname="com.test.invocationtest"/>
  <testcase name="sumtest" time="0.000" classname="com.test.invocationtest"/>
  <testcase name="sumtest" time="0.000" classname="com.test.invocationtest"/>
  <testcase name="sumtest" time="0.000" classname="com.test.invocationtest"/>
  <testcase name="sumtest" time="0.000" classname="com.test.invocationtest"/>
  <testcase name="sumtest" time="0.000" classname="com.test.invocationtest"/>
  <testcase name="sumtest" time="0.000" classname="com.test.invocationtest"/>
  <testcase name="sumtest" time="0.000" classname="com.test.invocationtest"/>
  <testcase name="sumtest" time="0.000" classname="com.test.invocationtest"/>
  <testcase name="sumtest" time="0.000" classname="com.test.invocationtest"/>
  <testcase name="sumtest" time="0.001" classname="com.test.invocationtest"/>
  <testcase name="sumtest" time="0.000" classname="com.test.invocationtest"/>
  <testcase name="sumtest" time="0.000" classname="com.test.invocationtest"/>
  <testcase name="sumtest" time="0.000" classname="com.test.invocationtest"/>
  <testcase name="sumtest" time="0.000" classname="com.test.invocationtest"/>
  <testcase name="sumtest" time="0.000" classname="com.test.invocationtest"/>
  <testcase name="sumtest" time="0.000" classname="com.test.invocationtest"/>
  <testcase name="sumtest" time="0.000" classname="com.test.invocationtest"/>
  <testcase name="sumtest" time="0.000" classname="com.test.invocationtest"/>
  <testcase name="sumtest" time="0.000" classname="com.test.invocationtest"/>
  <testcase name="sumtest" time="0.000" classname="com.test.invocationtest"/>
  <testcase name="sumtest" time="0.000" classname="com.test.invocationtest"/>
  <testcase name="sumtest" time="0.000" classname="com.test.invocationtest"/>
  <testcase name="sumtest" time="0.000" classname="com.test.invocationtest"/>
  <testcase name="sumtest" time="0.000" classname="com.test.invocationtest"/>
  <testcase name="sumtest" time="0.017" classname="com.test.invocationtest"/>
  <testcase name="sumtest" time="0.000" classname="com.test.invocationtest"/>
  <testcase name="sumtest" time="0.000" classname="com.test.invocationtest"/>
  <testcase name="sumtest" time="0.000" classname="com.test.invocationtest"/>
  <testcase name="sumtest" time="0.000" classname="com.test.invocationtest"/>
  <testcase name="sumtest" time="0.000" classname="com.test.invocationtest"/>
  <testcase name="sumtest" time="0.001" classname="com.test.invocationtest"/>
  <testcase name="sumtest" time="0.016" classname="com.test.invocationtest"/>
  <testcase name="sumtest" time="0.000" classname="com.test.invocationtest"/>
  <testcase name="sumtest" time="0.000" classname="com.test.invocationtest"/>
  <testcase name="sumtest" time="0.000" classname="com.test.invocationtest"/>
  <testcase name="sumtest" time="0.000" classname="com.test.invocationtest"/>
  <testcase name="sumtest" time="0.000" classname="com.test.invocationtest"/>
  <testcase name="sumtest" time="0.000" classname="com.test.invocationtest"/>
  <testcase name="sumtest" time="0.000" classname="com.test.invocationtest"/>
  <testcase name="sumtest" time="0.015" classname="com.test.invocationtest"/>
  <testcase name="sumtest" time="0.000" classname="com.test.invocationtest"/>
  <testcase name="sumtest" time="0.000" classname="com.test.invocationtest"/>
  <testcase name="sumtest" time="0.000" classname="com.test.invocationtest"/>
  <testcase name="sumtest" time="0.000" classname="com.test.invocationtest"/>
  <testcase name="sumtest" time="0.000" classname="com.test.invocationtest"/>
  <testcase name="sumtest" time="0.018" classname="com.test.invocationtest"/>
  <testcase name="sumtest" time="0.000" classname="com.test.invocationtest"/>
  <testcase name="sumtest" time="0.000" classname="com.test.invocationtest"/>
  <testcase name="sumtest" time="0.000" classname="com.test.invocationtest"/>
  <testcase name="sumtest" time="0.000" classname="com.test.invocationtest"/>
  <testcase name="sumtest" time="0.000" classname="com.test.invocationtest"/>
  <testcase name="sumtest" time="0.000" classname="com.test.invocationtest"/>
  <testcase name="sumtest" time="0.000" classname="com.test.invocationtest"/>
  <testcase name="sumtest" time="0.000" classname="com.test.invocationtest"/>
  <testcase name="sumtest" time="0.000" classname="com.test.invocationtest"/>
  <testcase name="sumtest" time="0.000" classname="com.test.invocationtest"/>
  <testcase name="sumtest" time="0.000" classname="com.test.invocationtest"/>
  <testcase name="sumtest" time="0.015" classname="com.test.invocationtest"/>
  <testcase name="sumtest" time="0.000" classname="com.test.invocationtest"/>
  <testcase name="sumtest" time="0.000" classname="com.test.invocationtest"/>
  <testcase name="sumtest" time="0.000" classname="com.test.invocationtest"/>
  <testcase name="sumtest" time="0.000" classname="com.test.invocationtest"/>
  <testcase name="sumtest" time="0.000" classname="com.test.invocationtest"/>
  <testcase name="sumtest" time="0.000" classname="com.test.invocationtest"/>
  <testcase name="sumtest" time="0.000" classname="com.test.invocationtest"/>
  <testcase name="sumtest" time="0.000" classname="com.test.invocationtest"/>
  <testcase name="sumtest" time="0.000" classname="com.test.invocationtest"/>
  <testcase name="sumtest" time="0.000" classname="com.test.invocationtest"/>
  <testcase name="sumtest" time="0.000" classname="com.test.invocationtest"/>
  <testcase name="sumtest" time="0.000" classname="com.test.invocationtest"/>
  <testcase name="sumtest" time="0.000" classname="com.test.invocationtest"/>
  <testcase name="sumtest" time="0.001" classname="com.test.invocationtest"/>
  <testcase name="sumtest" time="0.000" classname="com.test.invocationtest"/>
  <testcase name="sumtest" time="0.000" classname="com.test.invocationtest"/>
  <testcase name="sumtest" time="0.000" classname="com.test.invocationtest"/>
  <testcase name="sumtest" time="0.000" classname="com.test.invocationtest"/>
  <testcase name="sumtest" time="0.000" classname="com.test.invocationtest"/>
  <testcase name="sumtest" time="0.000" classname="com.test.invocationtest"/>
  <testcase name="sumtest" time="0.001" classname="com.test.invocationtest"/>
  <testcase name="sumtest" time="0.016" classname="com.test.invocationtest"/>
  <testcase name="sumtest" time="0.000" classname="com.test.invocationtest"/>
  <testcase name="sumtest" time="0.000" classname="com.test.invocationtest"/>
  <testcase name="sumtest" time="0.000" classname="com.test.invocationtest"/>
  <testcase name="sumtest" time="0.000" classname="com.test.invocationtest"/>
  <testcase name="sumtest" time="0.000" classname="com.test.invocationtest"/>
  <testcase name="sumtest" time="0.000" classname="com.test.invocationtest"/>
  <testcase name="sumtest" time="0.000" classname="com.test.invocationtest"/>
  <testcase name="sumtest" time="0.000" classname="com.test.invocationtest"/>
  <testcase name="sumtest" time="0.000" classname="com.test.invocationtest"/>
  <testcase name="sumtest" time="0.014" classname="com.test.invocationtest"/>
  <testcase name="sumtest" time="0.000" classname="com.test.invocationtest"/>
  <testcase name="sumtest" time="0.000" classname="com.test.invocationtest"/>
  <testcase name="sumtest" time="0.000" classname="com.test.invocationtest"/>
  <testcase name="sumtest" time="0.000" classname="com.test.invocationtest"/>
  <testcase name="sumtest" time="0.001" classname="com.test.invocationtest"/>
  <testcase name="sumtest" time="0.000" classname="com.test.invocationtest"/>
  <testcase name="sumtest" time="0.000" classname="com.test.invocationtest"/>
  <testcase name="sumtest" time="0.000" classname="com.test.invocationtest"/>
  <testcase name="sumtest" time="0.000" classname="com.test.invocationtest"/>
  <testcase name="sumtest" time="0.000" classname="com.test.invocationtest"/>
  <testcase name="sumtest" time="0.000" classname="com.test.invocationtest"/>
  <testcase name="sumtest" time="0.000" classname="com.test.invocationtest"/>
  <testcase name="sumtest" time="0.016" classname="com.test.invocationtest"/>
  <testcase name="sumtest" time="0.000" classname="com.test.invocationtest"/>
  <testcase name="sumtest" time="0.000" classname="com.test.invocationtest"/>
  <testcase name="sumtest" time="0.000" classname="com.test.invocationtest"/>
  <testcase name="sumtest" time="0.000" classname="com.test.invocationtest"/>
  <testcase name="sumtest" time="0.000" classname="com.test.invocationtest"/>
  <testcase name="sumtest" time="0.000" classname="com.test.invocationtest"/>
  <testcase name="sumtest" time="0.000" classname="com.test.invocationtest"/>
  <testcase name="sumtest" time="0.001" classname="com.test.invocationtest"/>
  <testcase name="sumtest" time="0.000" classname="com.test.invocationtest"/>
  <testcase name="sumtest" time="0.000" classname="com.test.invocationtest"/>
  <testcase name="sumtest" time="0.000" classname="com.test.invocationtest"/>
  <testcase name="sumtest" time="0.000" classname="com.test.invocationtest"/>
  <testcase name="sumtest" time="0.000" classname="com.test.invocationtest"/>
  <testcase name="sumtest" time="0.000" classname="com.test.invocationtest"/>
  <testcase name="sumtest" time="0.000" classname="com.test.invocationtest"/>
  <testcase name="sumtest" time="0.000" classname="com.test.invocationtest"/>
  <testcase name="sumtest" time="0.000" classname="com.test.invocationtest"/>
  <testcase name="sumtest" time="0.015" classname="com.test.invocationtest"/>
  <testcase name="sumtest" time="0.000" classname="com.test.invocationtest"/>
  <testcase name="sumtest" time="0.016" classname="com.test.invocationtest"/>
  <testcase name="sumtest" time="0.000" classname="com.test.invocationtest"/>
  <testcase name="sumtest" time="0.000" classname="com.test.invocationtest"/>
  <testcase name="sumtest" time="0.000" classname="com.test.invocationtest"/>
  <testcase name="sumtest" time="0.016" classname="com.test.invocationtest"/>
  <testcase name="sumtest" time="0.001" classname="com.test.invocationtest"/>
  <testcase name="sumtest" time="0.000" classname="com.test.invocationtest"/>
  <testcase name="sumtest" time="0.000" classname="com.test.invocationtest"/>
  <testcase name="sumtest" time="0.000" classname="com.test.invocationtest"/>
  <testcase name="sumtest" time="0.000" classname="com.test.invocationtest"/>
  <testcase name="sumtest" time="0.000" classname="com.test.invocationtest"/>
  <testcase name="sumtest" time="0.000" classname="com.test.invocationtest"/>
  <testcase name="sumtest" time="0.000" classname="com.test.invocationtest"/>
  <testcase name="sumtest" time="0.000" classname="com.test.invocationtest"/>
  <testcase name="sumtest" time="0.000" classname="com.test.invocationtest"/>
  <testcase name="sumtest" time="0.000" classname="com.test.invocationtest"/>
  <testcase name="sumtest" time="0.001" classname="com.test.invocationtest"/>
  <testcase name="sumtest" time="0.000" classname="com.test.invocationtest"/>
  <testcase name="sumtest" time="0.000" classname="com.test.invocationtest"/>
  <testcase name="sumtest" time="0.000" classname="com.test.invocationtest"/>
  <testcase name="sumtest" time="0.001" classname="com.test.invocationtest"/>
  <testcase name="sumtest" time="0.031" classname="com.test.invocationtest"/>
  <testcase name="sumtest" time="0.000" classname="com.test.invocationtest"/>
  <testcase name="sumtest" time="0.000" classname="com.test.invocationtest"/>
  <testcase name="sumtest" time="0.000" classname="com.test.invocationtest"/>
  <testcase name="sumtest" time="0.016" classname="com.test.invocationtest"/>
  <testcase name="sumtest" time="0.000" classname="com.test.invocationtest"/>
  <testcase name="sumtest" time="0.000" classname="com.test.invocationtest"/>
  <testcase name="sumtest" time="0.000" classname="com.test.invocationtest"/>
  <testcase name="sumtest" time="0.000" classname="com.test.invocationtest"/>
  <testcase name="sumtest" time="0.000" classname="com.test.invocationtest"/>
  <testcase name="sumtest" time="0.000" classname="com.test.invocationtest"/>
  <testcase name="sumtest" time="0.000" classname="com.test.invocationtest"/>
  <testcase name="sumtest" time="0.000" classname="com.test.invocationtest"/>
  <testcase name="sumtest" time="0.000" classname="com.test.invocationtest"/>
  <testcase name="sumtest" time="0.000" classname="com.test.invocationtest"/>
  <testcase name="sumtest" time="0.000" classname="com.test.invocationtest"/>
  <testcase name="sumtest" time="0.000" classname="com.test.invocationtest"/>
  <testcase name="sumtest" time="0.000" classname="com.test.invocationtest"/>
  <testcase name="sumtest" time="0.001" classname="com.test.invocationtest"/>
  <testcase name="sumtest" time="0.000" classname="com.test.invocationtest"/>
  <testcase name="sumtest" time="0.000" classname="com.test.invocationtest"/>
  <testcase name="sumtest" time="0.000" classname="com.test.invocationtest"/>
  <testcase name="sumtest" time="0.000" classname="com.test.invocationtest"/>
  <testcase name="sumtest" time="0.000" classname="com.test.invocationtest"/>
  <testcase name="sumtest" time="0.000" classname="com.test.invocationtest"/>
  <testcase name="sumtest" time="0.000" classname="com.test.invocationtest"/>
  <testcase name="sumtest" time="0.000" classname="com.test.invocationtest"/>
  <testcase name="sumtest" time="0.001" classname="com.test.invocationtest"/>
  <testcase name="sumtest" time="0.000" classname="com.test.invocationtest"/>
  <testcase name="sumtest" time="0.000" classname="com.test.invocationtest"/>
  <testcase name="sumtest" time="0.000" classname="com.test.invocationtest"/>
  <testcase name="sumtest" time="0.000" classname="com.test.invocationtest"/>
  <testcase name="sumtest" time="0.000" classname="com.test.invocationtest"/>
  <testcase name="sumtest" time="0.001" classname="com.test.invocationtest"/>
  <testcase name="sumtest" time="0.000" classname="com.test.invocationtest"/>
  <testcase name="sumtest" time="0.000" classname="com.test.invocationtest"/>
  <testcase name="sumtest" time="0.016" classname="com.test.invocationtest"/>
  <testcase name="sumtest" time="0.000" classname="com.test.invocationtest"/>
  <testcase name="sumtest" time="0.000" classname="com.test.invocationtest"/>
  <testcase name="sumtest" time="0.000" classname="com.test.invocationtest"/>
  <testcase name="sumtest" time="0.000" classname="com.test.invocationtest"/>
  <testcase name="sumtest" time="0.001" classname="com.test.invocationtest"/>
  <testcase name="sumtest" time="0.000" classname="com.test.invocationtest"/>
  <testcase name="sumtest" time="0.000" classname="com.test.invocationtest"/>
  <testcase name="sumtest" time="0.000" classname="com.test.invocationtest"/>
  <testcase name="sumtest" time="0.000" classname="com.test.invocationtest"/>
  <testcase name="sumtest" time="0.000" classname="com.test.invocationtest"/>
  <testcase name="sumtest" time="0.000" classname="com.test.invocationtest"/>
  <testcase name="sumtest" time="0.000" classname="com.test.invocationtest"/>
  <testcase name="sumtest" time="0.001" classname="com.test.invocationtest"/>
  <testcase name="sumtest" time="0.000" classname="com.test.invocationtest"/>
  <testcase name="sumtest" time="0.000" classname="com.test.invocationtest"/>
  <testcase name="sumtest" time="0.000" classname="com.test.invocationtest"/>
  <testcase name="sumtest" time="0.000" classname="com.test.invocationtest"/>
  <testcase name="sumtest" time="0.000" classname="com.test.invocationtest"/>
  <testcase name="sumtest" time="0.000" classname="com.test.invocationtest"/>
  <testcase name="sumtest" time="0.000" classname="com.test.invocationtest"/>
  <testcase name="sumtest" time="0.000" classname="com.test.invocationtest"/>
  <testcase name="sumtest" time="0.000" classname="com.test.invocationtest"/>
  <testcase name="sumtest" time="0.000" classname="com.test.invocationtest"/>
  <testcase name="sumtest" time="0.003" classname="com.test.invocationtest"/>
  <testcase name="sumtest" time="0.000" classname="com.test.invocationtest"/>
  <testcase name="sumtest" time="0.000" classname="com.test.invocationtest"/>
  <testcase name="sumtest" time="0.000" classname="com.test.invocationtest"/>
  <testcase name="sumtest" time="0.000" classname="com.test.invocationtest"/>
  <testcase name="sumtest" time="0.000" classname="com.test.invocationtest"/>
  <testcase name="sumtest" time="0.001" classname="com.test.invocationtest"/>
  <testcase name="sumtest" time="0.001" classname="com.test.invocationtest"/>
  <testcase name="sumtest" time="0.000" classname="com.test.invocationtest"/>
  <testcase name="sumtest" time="0.000" classname="com.test.invocationtest"/>
  <testcase name="sumtest" time="0.000" classname="com.test.invocationtest"/>
  <testcase name="sumtest" time="0.000" classname="com.test.invocationtest"/>
  <testcase name="sumtest" time="0.000" classname="com.test.invocationtest"/>
  <testcase name="sumtest" time="0.000" classname="com.test.invocationtest"/>
  <testcase name="sumtest" time="0.000" classname="com.test.invocationtest"/>
  <testcase name="sumtest" time="0.000" classname="com.test.invocationtest"/>
  <testcase name="sumtest" time="0.000" classname="com.test.invocationtest"/>
  <testcase name="sumtest" time="0.000" classname="com.test.invocationtest"/>
  <testcase name="sumtest" time="0.000" classname="com.test.invocationtest"/>
  <testcase name="sumtest" time="0.000" classname="com.test.invocationtest"/>
  <testcase name="sumtest" time="0.000" classname="com.test.invocationtest"/>
  <testcase name="sumtest" time="0.000" classname="com.test.invocationtest"/>
  <testcase name="sumtest" time="0.000" classname="com.test.invocationtest"/>
  <testcase name="sumtest" time="0.001" classname="com.test.invocationtest"/>
  <testcase name="sumtest" time="0.000" classname="com.test.invocationtest"/>
  <testcase name="sumtest" time="0.000" classname="com.test.invocationtest"/>
  <testcase name="sumtest" time="0.000" classname="com.test.invocationtest"/>
  <testcase name="sumtest" time="0.000" classname="com.test.invocationtest"/>
  <testcase name="sumtest" time="0.000" classname="com.test.invocationtest"/>
  <testcase name="sumtest" time="0.000" classname="com.test.invocationtest"/>
  <testcase name="sumtest" time="0.000" classname="com.test.invocationtest"/>
  <testcase name="sumtest" time="0.000" classname="com.test.invocationtest"/>
  <testcase name="sumtest" time="0.000" classname="com.test.invocationtest"/>
  <testcase name="sumtest" time="0.000" classname="com.test.invocationtest"/>
  <testcase name="sumtest" time="0.000" classname="com.test.invocationtest"/>
  <testcase name="sumtest" time="0.000" classname="com.test.invocationtest"/>
  <testcase name="sumtest" time="0.000" classname="com.test.invocationtest"/>
  <testcase name="sumtest" time="0.003" classname="com.test.invocationtest"/>
  <testcase name="sumtest" time="0.000" classname="com.test.invocationtest"/>
  <testcase name="sumtest" time="0.000" classname="com.test.invocationtest"/>
  <testcase name="sumtest" time="0.000" classname="com.test.invocationtest"/>
  <testcase name="sumtest" time="0.000" classname="com.test.invocationtest"/>
  <testcase name="sumtest" time="0.000" classname="com.test.invocationtest"/>
  <testcase name="sumtest" time="0.000" classname="com.test.invocationtest"/>
  <testcase name="sumtest" time="0.000" classname="com.test.invocationtest"/>
  <testcase name="sumtest" time="0.000" classname="com.test.invocationtest"/>
  <testcase name="sumtest" time="0.000" classname="com.test.invocationtest"/>
  <testcase name="sumtest" time="0.000" classname="com.test.invocationtest"/>
  <testcase name="sumtest" time="0.000" classname="com.test.invocationtest"/>
  <testcase name="sumtest" time="0.000" classname="com.test.invocationtest"/>
  <testcase name="sumtest" time="0.000" classname="com.test.invocationtest"/>
  <testcase name="sumtest" time="0.000" classname="com.test.invocationtest"/>
  <testcase name="sumtest" time="0.000" classname="com.test.invocationtest"/>
  <testcase name="sumtest" time="0.001" classname="com.test.invocationtest"/>
  <testcase name="sumtest" time="0.000" classname="com.test.invocationtest"/>
  <testcase name="sumtest" time="0.001" classname="com.test.invocationtest"/>
  <testcase name="sumtest" time="0.016" classname="com.test.invocationtest"/>
  <testcase name="sumtest" time="0.000" classname="com.test.invocationtest"/>
  <testcase name="sumtest" time="0.016" classname="com.test.invocationtest"/>
  <testcase name="sumtest" time="0.000" classname="com.test.invocationtest"/>
  <testcase name="sumtest" time="0.000" classname="com.test.invocationtest"/>
  <testcase name="sumtest" time="0.000" classname="com.test.invocationtest"/>
  <testcase name="sumtest" time="0.000" classname="com.test.invocationtest"/>
  <testcase name="sumtest" time="0.000" classname="com.test.invocationtest"/>
  <testcase name="sumtest" time="0.000" classname="com.test.invocationtest"/>
  <testcase name="sumtest" time="0.000" classname="com.test.invocationtest"/>
  <testcase name="sumtest" time="0.000" classname="com.test.invocationtest"/>
  <testcase name="sumtest" time="0.016" classname="com.test.invocationtest"/>
  <testcase name="sumtest" time="0.001" classname="com.test.invocationtest"/>
  <testcase name="sumtest" time="0.000" classname="com.test.invocationtest"/>
  <testcase name="sumtest" time="0.000" classname="com.test.invocationtest"/>
  <testcase name="sumtest" time="0.000" classname="com.test.invocationtest"/>
  <testcase name="sumtest" time="0.001" classname="com.test.invocationtest"/>
  <testcase name="sumtest" time="0.000" classname="com.test.invocationtest"/>
  <testcase name="sumtest" time="0.000" classname="com.test.invocationtest"/>
  <testcase name="sumtest" time="0.000" classname="com.test.invocationtest"/>
  <testcase name="sumtest" time="0.000" classname="com.test.invocationtest"/>
  <testcase name="sumtest" time="0.000" classname="com.test.invocationtest"/>
  <testcase name="sumtest" time="0.016" classname="com.test.invocationtest"/>
  <testcase name="sumtest" time="0.000" classname="com.test.invocationtest"/>
  <testcase name="sumtest" time="0.000" classname="com.test.invocationtest"/>
  <testcase name="sumtest" time="0.000" classname="com.test.invocationtest"/>
  <testcase name="sumtest" time="0.000" classname="com.test.invocationtest"/>
  <testcase name="sumtest" time="0.000" classname="com.test.invocationtest"/>
  <testcase name="sumtest" time="0.000" classname="com.test.invocationtest"/>
  <testcase name="sumtest" time="0.000" classname="com.test.invocationtest"/>
  <testcase name="sumtest" time="0.000" classname="com.test.invocationtest"/>
  <testcase name="sumtest" time="0.000" classname="com.test.invocationtest"/>
  <testcase name="sumtest" time="0.000" classname="com.test.invocationtest"/>
  <testcase name="sumtest" time="0.000" classname="com.test.invocationtest"/>
  <testcase name="sumtest" time="0.000" classname="com.test.invocationtest"/>
  <testcase name="sumtest" time="0.000" classname="com.test.invocationtest"/>
  <testcase name="sumtest" time="0.000" classname="com.test.invocationtest"/>
  <testcase name="sumtest" time="0.000" classname="com.test.invocationtest"/>
  <testcase name="sumtest" time="0.000" classname="com.test.invocationtest"/>
  <testcase name="sumtest" time="0.000" classname="com.test.invocationtest"/>
  <testcase name="sumtest" time="0.000" classname="com.test.invocationtest"/>
  <testcase name="sumtest" time="0.000" classname="com.test.invocationtest"/>
  <testcase name="sumtest" time="0.000" classname="com.test.invocationtest"/>
  <testcase name="sumtest" time="0.000" classname="com.test.invocationtest"/>
  <testcase name="sumtest" time="0.000" classname="com.test.invocationtest"/>
  <testcase name="sumtest" time="0.000" classname="com.test.invocationtest"/>
  <testcase name="sumtest" time="0.000" classname="com.test.invocationtest"/>
  <testcase name="sumtest" time="0.000" classname="com.test.invocationtest"/>
  <testcase name="sumtest" time="0.000" classname="com.test.invocationtest"/>
  <testcase name="sumtest" time="0.000" classname="com.test.invocationtest"/>
  <testcase name="sumtest" time="0.000" classname="com.test.invocationtest"/>
  <testcase name="sumtest" time="0.000" classname="com.test.invocationtest"/>
  <testcase name="sumtest" time="0.000" classname="com.test.invocationtest"/>
  <testcase name="sumtest" time="0.000" classname="com.test.invocationtest"/>
  <testcase name="sumtest" time="0.001" classname="com.test.invocationtest"/>
  <testcase name="sumtest" time="0.000" classname="com.test.invocationtest"/>
  <testcase name="sumtest" time="0.000" classname="com.test.invocationtest"/>
  <testcase name="sumtest" time="0.000" classname="com.test.invocationtest"/>
  <testcase name="sumtest" time="0.000" classname="com.test.invocationtest"/>
  <testcase name="sumtest" time="0.001" classname="com.test.invocationtest"/>
  <testcase name="sumtest" time="0.000" classname="com.test.invocationtest"/>
  <testcase name="sumtest" time="0.000" classname="com.test.invocationtest"/>
  <testcase name="sumtest" time="0.000" classname="com.test.invocationtest"/>
  <testcase name="sumtest" time="0.001" classname="com.test.invocationtest"/>
  <testcase name="sumtest" time="0.000" classname="com.test.invocationtest"/>
  <testcase name="sumtest" time="0.000" classname="com.test.invocationtest"/>
  <testcase name="sumtest" time="0.000" classname="com.test.invocationtest"/>
  <testcase name="sumtest" time="0.000" classname="com.test.invocationtest"/>
  <testcase name="sumtest" time="0.000" classname="com.test.invocationtest"/>
  <testcase name="sumtest" time="0.000" classname="com.test.invocationtest"/>
  <testcase name="sumtest" time="0.000" classname="com.test.invocationtest"/>
  <testcase name="sumtest" time="0.000" classname="com.test.invocationtest"/>
  <testcase name="sumtest" time="0.000" classname="com.test.invocationtest"/>
  <testcase name="sumtest" time="0.000" classname="com.test.invocationtest"/>
  <testcase name="sumtest" time="0.000" classname="com.test.invocationtest"/>
  <testcase name="sumtest" time="0.000" classname="com.test.invocationtest"/>
  <testcase name="sumtest" time="0.001" classname="com.test.invocationtest"/>
  <testcase name="sumtest" time="0.000" classname="com.test.invocationtest"/>
  <testcase name="sumtest" time="0.000" classname="com.test.invocationtest"/>
  <testcase name="sumtest" time="0.000" classname="com.test.invocationtest"/>
  <testcase name="sumtest" time="0.000" classname="com.test.invocationtest"/>
  <testcase name="sumtest" time="0.000" classname="com.test.invocationtest"/>
  <testcase name="sumtest" time="0.000" classname="com.test.invocationtest"/>
  <testcase name="sumtest" time="0.000" classname="com.test.invocationtest"/>
  <testcase name="sumtest" time="0.015" classname="com.test.invocationtest"/>
  <testcase name="sumtest" time="0.000" classname="com.test.invocationtest"/>
  <testcase name="sumtest" time="0.000" classname="com.test.invocationtest"/>
  <testcase name="sumtest" time="0.000" classname="com.test.invocationtest"/>
  <testcase name="sumtest" time="0.000" classname="com.test.invocationtest"/>
  <testcase name="sumtest" time="0.000" classname="com.test.invocationtest"/>
  <testcase name="sumtest" time="0.000" classname="com.test.invocationtest"/>
  <testcase name="sumtest" time="0.000" classname="com.test.invocationtest"/>
  <testcase name="sumtest" time="0.000" classname="com.test.invocationtest"/>
  <testcase name="sumtest" time="0.000" classname="com.test.invocationtest"/>
  <testcase name="sumtest" time="0.000" classname="com.test.invocationtest"/>
  <testcase name="sumtest" time="0.000" classname="com.test.invocationtest"/>
  <testcase name="sumtest" time="0.000" classname="com.test.invocationtest"/>
  <testcase name="sumtest" time="0.000" classname="com.test.invocationtest"/>
  <testcase name="sumtest" time="0.000" classname="com.test.invocationtest"/>
  <testcase name="sumtest" time="0.000" classname="com.test.invocationtest"/>
  <testcase name="sumtest" time="0.000" classname="com.test.invocationtest"/>
  <testcase name="sumtest" time="0.000" classname="com.test.invocationtest"/>
  <testcase name="sumtest" time="0.000" classname="com.test.invocationtest"/>
  <testcase name="sumtest" time="0.000" classname="com.test.invocationtest"/>
  <testcase name="sumtest" time="0.000" classname="com.test.invocationtest"/>
  <testcase name="sumtest" time="0.001" classname="com.test.invocationtest"/>
  <testcase name="sumtest" time="0.000" classname="com.test.invocationtest"/>
  <testcase name="sumtest" time="0.000" classname="com.test.invocationtest"/>
  <testcase name="sumtest" time="0.000" classname="com.test.invocationtest"/>
  <testcase name="sumtest" time="0.000" classname="com.test.invocationtest"/>
  <testcase name="sumtest" time="0.000" classname="com.test.invocationtest"/>
  <testcase name="sumtest" time="0.000" classname="com.test.invocationtest"/>
  <testcase name="sumtest" time="0.000" classname="com.test.invocationtest"/>
  <testcase name="sumtest" time="0.000" classname="com.test.invocationtest"/>
  <testcase name="sumtest" time="0.000" classname="com.test.invocationtest"/>
  <testcase name="sumtest" time="0.001" classname="com.test.invocationtest"/>
  <testcase name="sumtest" time="0.000" classname="com.test.invocationtest"/>
  <testcase name="sumtest" time="0.016" classname="com.test.invocationtest"/>
  <testcase name="sumtest" time="0.000" classname="com.test.invocationtest"/>
  <testcase name="sumtest" time="0.000" classname="com.test.invocationtest"/>
  <testcase name="sumtest" time="0.000" classname="com.test.invocationtest"/>
  <testcase name="sumtest" time="0.000" classname="com.test.invocationtest"/>
  <testcase name="sumtest" time="0.000" classname="com.test.invocationtest"/>
  <testcase name="sumtest" time="0.000" classname="com.test.invocationtest"/>
  <testcase name="sumtest" time="0.000" classname="com.test.invocationtest"/>
  <testcase name="sumtest" time="0.000" classname="com.test.invocationtest"/>
  <testcase name="sumtest" time="0.000" classname="com.test.invocationtest"/>
  <testcase name="sumtest" time="0.000" classname="com.test.invocationtest"/>
  <testcase name="sumtest" time="0.000" classname="com.test.invocationtest"/>
  <testcase name="sumtest" time="0.000" classname="com.test.invocationtest"/>
  <testcase name="sumtest" time="0.000" classname="com.test.invocationtest"/>
  <testcase name="sumtest" time="0.000" classname="com.test.invocationtest"/>
  <testcase name="sumtest" time="0.001" classname="com.test.invocationtest"/>
  <testcase name="sumtest" time="0.000" classname="com.test.invocationtest"/>
  <testcase name="sumtest" time="0.000" classname="com.test.invocationtest"/>
  <testcase name="sumtest" time="0.000" classname="com.test.invocationtest"/>
  <testcase name="sumtest" time="0.000" classname="com.test.invocationtest"/>
  <testcase name="sumtest" time="0.000" classname="com.test.invocationtest"/>
  <testcase name="sumtest" time="0.000" classname="com.test.invocationtest"/>
  <testcase name="sumtest" time="0.000" classname="com.test.invocationtest"/>
  <testcase name="sumtest" time="0.000" classname="com.test.invocationtest"/>
  <testcase name="sumtest" time="0.000" classname="com.test.invocationtest"/>
  <testcase name="sumtest" time="0.000" classname="com.test.invocationtest"/>
  <testcase name="sumtest" time="0.000" classname="com.test.invocationtest"/>
  <testcase name="sumtest" time="0.016" classname="com.test.invocationtest"/>
  <testcase name="sumtest" time="0.000" classname="com.test.invocationtest"/>
  <testcase name="sumtest" time="0.000" classname="com.test.invocationtest"/>
  <testcase name="sumtest" time="0.001" classname="com.test.invocationtest"/>
  <testcase name="sumtest" time="0.000" classname="com.test.invocationtest"/>
  <testcase name="sumtest" time="0.000" classname="com.test.invocationtest"/>
  <testcase name="sumtest" time="0.016" classname="com.test.invocationtest"/>
  <testcase name="sumtest" time="0.000" classname="com.test.invocationtest"/>
  <testcase name="sumtest" time="0.000" classname="com.test.invocationtest"/>
  <testcase name="sumtest" time="0.000" classname="com.test.invocationtest"/>
  <testcase name="sumtest" time="0.000" classname="com.test.invocationtest"/>
  <testcase name="sumtest" time="0.000" classname="com.test.invocationtest"/>
  <testcase name="sumtest" time="0.001" classname="com.test.invocationtest"/>
  <testcase name="sumtest" time="0.000" classname="com.test.invocationtest"/>
  <testcase name="sumtest" time="0.002" classname="com.test.invocationtest"/>
  <testcase name="sumtest" time="0.000" classname="com.test.invocationtest"/>
  <testcase name="sumtest" time="0.000" classname="com.test.invocationtest"/>
  <testcase name="sumtest" time="0.000" classname="com.test.invocationtest"/>
  <testcase name="sumtest" time="0.000" classname="com.test.invocationtest"/>
  <testcase name="sumtest" time="0.000" classname="com.test.invocationtest"/>
  <testcase name="sumtest" time="0.000" classname="com.test.invocationtest"/>
  <testcase name="sumtest" time="0.000" classname="com.test.invocationtest"/>
  <testcase name="sumtest" time="0.000" classname="com.test.invocationtest"/>
  <testcase name="sumtest" time="0.000" classname="com.test.invocationtest"/>
  <testcase name="sumtest" time="0.000" classname="com.test.invocationtest"/>
  <testcase name="sumtest" time="0.000" classname="com.test.invocationtest"/>
  <testcase name="sumtest" time="0.000" classname="com.test.invocationtest"/>
  <testcase name="sumtest" time="0.000" classname="com.test.invocationtest"/>
  <testcase name="sumtest" time="0.000" classname="com.test.invocationtest"/>
  <testcase name="sumtest" time="0.000" classname="com.test.invocationtest"/>
  <testcase name="sumtest" time="0.000" classname="com.test.invocationtest"/>
  <testcase name="sumtest" time="0.000" classname="com.test.invocationtest"/>
  <testcase name="sumtest" time="0.000" classname="com.test.invocationtest"/>
  <testcase name="sumtest" time="0.000" classname="com.test.invocationtest"/>
  <testcase name="sumtest" time="0.000" classname="com.test.invocationtest"/>
  <testcase name="sumtest" time="0.000" classname="com.test.invocationtest"/>
  <testcase name="sumtest" time="0.000" classname="com.test.invocationtest"/>
  <testcase name="sumtest" time="0.000" classname="com.test.invocationtest"/>
  <testcase name="sumtest" time="0.000" classname="com.test.invocationtest"/>
  <testcase name="sumtest" time="0.000" classname="com.test.invocationtest"/>
  <testcase name="sumtest" time="0.000" classname="com.test.invocationtest"/>
  <testcase name="sumtest" time="0.001" classname="com.test.invocationtest"/>
  <testcase name="sumtest" time="0.000" classname="com.test.invocationtest"/>
  <testcase name="sumtest" time="0.000" classname="com.test.invocationtest"/>
  <testcase name="sumtest" time="0.000" classname="com.test.invocationtest"/>
  <testcase name="sumtest" time="0.000" classname="com.test.invocationtest"/>
  <testcase name="sumtest" time="0.000" classname="com.test.invocationtest"/>
  <testcase name="sumtest" time="0.015" classname="com.test.invocationtest"/>
  <testcase name="sumtest" time="0.000" classname="com.test.invocationtest"/>
  <testcase name="sumtest" time="0.000" classname="com.test.invocationtest"/>
  <testcase name="sumtest" time="0.000" classname="com.test.invocationtest"/>
  <testcase name="sumtest" time="0.016" classname="com.test.invocationtest"/>
  <testcase name="sumtest" time="0.000" classname="com.test.invocationtest"/>
  <testcase name="sumtest" time="0.000" classname="com.test.invocationtest"/>
  <testcase name="sumtest" time="0.000" classname="com.test.invocationtest"/>
  <testcase name="sumtest" time="0.000" classname="com.test.invocationtest"/>
  <testcase name="sumtest" time="0.000" classname="com.test.invocationtest"/>
  <testcase name="sumtest" time="0.053" classname="com.test.invocationtest"/>
  <testcase name="sumtest" time="0.016" classname="com.test.invocationtest"/>
  <testcase name="sumtest" time="0.000" classname="com.test.invocationtest"/>
  <testcase name="sumtest" time="0.000" classname="com.test.invocationtest"/>
  <testcase name="sumtest" time="0.000" classname="com.test.invocationtest"/>
  <testcase name="sumtest" time="0.000" classname="com.test.invocationtest"/>
  <testcase name="sumtest" time="0.000" classname="com.test.invocationtest"/>
  <testcase name="sumtest" time="0.000" classname="com.test.invocationtest"/>
  <testcase name="sumtest" time="0.000" classname="com.test.invocationtest"/>
  <testcase name="sumtest" time="0.000" classname="com.test.invocationtest"/>
  <testcase name="sumtest" time="0.000" classname="com.test.invocationtest"/>
  <testcase name="sumtest" time="0.000" classname="com.test.invocationtest"/>
  <testcase name="sumtest" time="0.000" classname="com.test.invocationtest"/>
  <testcase name="sumtest" time="0.000" classname="com.test.invocationtest"/>
  <testcase name="sumtest" time="0.000" classname="com.test.invocationtest"/>
  <testcase name="sumtest" time="0.000" classname="com.test.invocationtest"/>
  <testcase name="sumtest" time="0.000" classname="com.test.invocationtest"/>
  <testcase name="sumtest" time="0.000" classname="com.test.invocationtest"/>
  <testcase name="sumtest" time="0.000" classname="com.test.invocationtest"/>
  <testcase name="sumtest" time="0.000" classname="com.test.invocationtest"/>
  <testcase name="sumtest" time="0.000" classname="com.test.invocationtest"/>
  <testcase name="sumtest" time="0.001" classname="com.test.invocationtest"/>
  <testcase name="sumtest" time="0.000" classname="com.test.invocationtest"/>
  <testcase name="sumtest" time="0.000" classname="com.test.invocationtest"/>
  <testcase name="sumtest" time="0.000" classname="com.test.invocationtest"/>
  <testcase name="sumtest" time="0.000" classname="com.test.invocationtest"/>
  <testcase name="sumtest" time="0.000" classname="com.test.invocationtest"/>
  <testcase name="sumtest" time="0.000" classname="com.test.invocationtest"/>
  <testcase name="sumtest" time="0.000" classname="com.test.invocationtest"/>
  <testcase name="sumtest" time="0.000" classname="com.test.invocationtest"/>
  <testcase name="sumtest" time="0.000" classname="com.test.invocationtest"/>
  <testcase name="sumtest" time="0.000" classname="com.test.invocationtest"/>
  <testcase name="sumtest" time="0.000" classname="com.test.invocationtest"/>
  <testcase name="sumtest" time="0.000" classname="com.test.invocationtest"/>
  <testcase name="sumtest" time="0.000" classname="com.test.invocationtest"/>
  <testcase name="sumtest" time="0.001" classname="com.test.invocationtest"/>
  <testcase name="sumtest" time="0.000" classname="com.test.invocationtest"/>
  <testcase name="sumtest" time="0.001" classname="com.test.invocationtest"/>
  <testcase name="sumtest" time="0.000" classname="com.test.invocationtest"/>
  <testcase name="sumtest" time="0.000" classname="com.test.invocationtest"/>
  <testcase name="sumtest" time="0.000" classname="com.test.invocationtest"/>
  <testcase name="sumtest" time="0.000" classname="com.test.invocationtest"/>
  <testcase name="sumtest" time="0.000" classname="com.test.invocationtest"/>
  <testcase name="sumtest" time="0.001" classname="com.test.invocationtest"/>
  <testcase name="sumtest" time="0.000" classname="com.test.invocationtest"/>
  <testcase name="sumtest" time="0.000" classname="com.test.invocationtest"/>
  <testcase name="sumtest" time="0.000" classname="com.test.invocationtest"/>
  <testcase name="sumtest" time="0.000" classname="com.test.invocationtest"/>
  <testcase name="sumtest" time="0.000" classname="com.test.invocationtest"/>
  <testcase name="sumtest" time="0.000" classname="com.test.invocationtest"/>
  <testcase name="sumtest" time="0.000" classname="com.test.invocationtest"/>
  <testcase name="sumtest" time="0.000" classname="com.test.invocationtest"/>
  <testcase name="sumtest" time="0.000" classname="com.test.invocationtest"/>
  <testcase name="sumtest" time="0.000" classname="com.test.invocationtest"/>
  <testcase name="sumtest" time="0.000" classname="com.test.invocationtest"/>
  <testcase name="sumtest" time="0.010" classname="com.test.invocationtest"/>
  <testcase name="sumtest" time="0.001" classname="com.test.invocationtest"/>
  <testcase name="sumtest" time="0.000" classname="com.test.invocationtest"/>
  <testcase name="sumtest" time="0.000" classname="com.test.invocationtest"/>
  <testcase name="sumtest" time="0.000" classname="com.test.invocationtest"/>
  <testcase name="sumtest" time="0.000" classname="com.test.invocationtest"/>
  <testcase name="sumtest" time="0.000" classname="com.test.invocationtest"/>
  <testcase name="sumtest" time="0.000" classname="com.test.invocationtest"/>
  <testcase name="sumtest" time="0.000" classname="com.test.invocationtest"/>
  <testcase name="sumtest" time="0.000" classname="com.test.invocationtest"/>
  <testcase name="sumtest" time="0.000" classname="com.test.invocationtest"/>
  <testcase name="sumtest" time="0.000" classname="com.test.invocationtest"/>
  <testcase name="sumtest" time="0.000" classname="com.test.invocationtest"/>
  <testcase name="sumtest" time="0.000" classname="com.test.invocationtest"/>
  <testcase name="sumtest" time="0.000" classname="com.test.invocationtest"/>
  <testcase name="sumtest" time="0.001" classname="com.test.invocationtest"/>
[...]
  <testcase name="sumtest" time="0.000" classname="com.test.invocationtest"/>
  <testcase name="sumtest" time="0.000" classname="com.test.invocationtest"/>
  <testcase name="sumtest" time="0.000" classname="com.test.invocationtest"/>
  <testcase name="sumtest" time="0.000" classname="com.test.invocationtest"/>
  <testcase name="sumtest" time="0.000" classname="com.test.invocationtest"/>
  <testcase name="sumtest" time="0.000" classname="com.test.invocationtest"/>
  <testcase name="sumtest" time="0.000" classname="com.test.invocationtest"/>
  <testcase name="sumtest" time="0.000" classname="com.test.invocationtest"/>
  <testcase name="sumtest" time="0.000" classname="com.test.invocationtest"/>
  <testcase name="sumtest" time="0.000" classname="com.test.invocationtest"/>
  <testcase name="sumtest" time="0.000" classname="com.test.invocationtest"/>
  <testcase name="sumtest" time="0.000" classname="com.test.invocationtest"/>
  <testcase name="sumtest" time="0.000" classname="com.test.invocationtest"/>
  <testcase name="sumtest" time="0.000" classname="com.test.invocationtest"/>
  <testcase name="sumtest" time="0.000" classname="com.test.invocationtest"/>
  <testcase name="sumtest" time="0.000" classname="com.test.invocationtest"/>
  <testcase name="sumtest" time="0.000" classname="com.test.invocationtest"/>
  <testcase name="sumtest" time="0.000" classname="com.test.invocationtest"/>
  <testcase name="sumtest" time="0.000" classname="com.test.invocationtest"/>
  <testcase name="sumtest" time="0.000" classname="com.test.invocationtest"/>
  <testcase name="sumtest" time="0.000" classname="com.test.invocationtest"/>
  <testcase name="sumtest" time="0.016" classname="com.test.invocationtest"/>
  <testcase name="sumtest" time="0.000" classname="com.test.invocationtest"/>
  <testcase name="sumtest" time="0.000" classname="com.test.invocationtest"/>
  <testcase name="sumtest" time="0.000" classname="com.test.invocationtest"/>
  <testcase name="sumtest" time="0.000" classname="com.test.invocationtest"/>
  <testcase name="sumtest" time="0.000" classname="com.test.invocationtest"/>
  <testcase name="sumtest" time="0.000" classname="com.test.invocationtest"/>
  <testcase name="sumtest" time="0.000" classname="com.test.invocationtest"/>
  <testcase name="sumtest" time="0.000" classname="com.test.invocationtest"/>
  <testcase name="sumtest" time="0.001" classname="com.test.invocationtest"/>
  <testcase name="sumtest" time="0.000" classname="com.test.invocationtest"/>
  <testcase name="sumtest" time="0.000" classname="com.test.invocationtest"/>
  <testcase name="sumtest" time="0.000" classname="com.test.invocationtest"/>
  <testcase name="sumtest" time="0.000" classname="com.test.invocationtest"/>
  <testcase name="sumtest" time="0.000" classname="com.test.invocationtest"/>
  <testcase name="sumtest" time="0.000" classname="com.test.invocationtest"/>
  <testcase name="sumtest" time="0.000" classname="com.test.invocationtest"/>
  <testcase name="sumtest" time="0.000" classname="com.test.invocationtest"/>
  <testcase name="sumtest" time="0.000" classname="com.test.invocationtest"/>
  <testcase name="sumtest" time="0.000" classname="com.test.invocationtest"/>
  <testcase name="sumtest" time="0.000" classname="com.test.invocationtest"/>
  <testcase name="sumtest" time="0.000" classname="com.test.invocationtest"/>
  <testcase name="sumtest" time="0.000" classname="com.test.invocationtest"/>
  <testcase name="sumtest" time="0.000" classname="com.test.invocationtest"/>
  <testcase name="sumtest" time="0.000" classname="com.test.invocationtest"/>
  <testcase name="sumtest" time="0.000" classname="com.test.invocationtest"/>
  <testcase name="sumtest" time="0.000" classname="com.test.invocationtest"/>
  <testcase name="sumtest" time="0.000" classname="com.test.invocationtest"/>
  <testcase name="sumtest" time="0.000" classname="com.test.invocationtest"/>
  <testcase name="sumtest" time="0.000" classname="com.test.invocationtest"/>
  <testcase name="sumtest" time="0.000" classname="com.test.invocationtest"/>
  <testcase name="sumtest" time="0.000" classname="com.test.invocationtest"/>
  <testcase name="sumtest" time="0.000" classname="com.test.invocationtest"/>
  <testcase name="sumtest" time="0.000" classname="com.test.invocationtest"/>
  <testcase name="sumtest" time="0.000" classname="com.test.invocationtest"/>
  <testcase name="sumtest" time="0.000" classname="com.test.invocationtest"/>
  <testcase name="sumtest" time="0.000" classname="com.test.invocationtest"/>
  <testcase name="sumtest" time="0.000" classname="com.test.invocationtest"/>
  <testcase name="sumtest" time="0.000" classname="com.test.invocationtest"/>
  <testcase name="sumtest" time="0.000" classname="com.test.invocationtest"/>
  <testcase name="sumtest" time="0.000" classname="com.test.invocationtest"/>
  <testcase name="sumtest" time="0.000" classname="com.test.invocationtest"/>
  <testcase name="sumtest" time="0.000" classname="com.test.invocationtest"/>
  <testcase name="sumtest" time="0.000" classname="com.test.invocationtest"/>
  <testcase name="sumtest" time="0.000" classname="com.test.invocationtest"/>
  <testcase name="sumtest" time="0.000" classname="com.test.invocationtest"/>
  <testcase name="sumtest" time="0.000" classname="com.test.invocationtest"/>
  <testcase name="sumtest" time="0.000" classname="com.test.invocationtest"/>
  <testcase name="sumtest" time="0.000" classname="com.test.invocationtest"/>
  <testcase name="sumtest" time="0.000" classname="com.test.invocationtest"/>
  <testcase name="sumtest" time="0.000" classname="com.test.invocationtest"/>
  <testcase name="sumtest" time="0.000" classname="com.test.invocationtest"/>
  <testcase name="sumtest" time="0.000" classname="com.test.invocationtest"/>
  <testcase name="sumtest" time="0.000" classname="com.test.invocationtest"/>
  <testcase name="sumtest" time="0.000" classname="com.test.invocationtest"/>
  <testcase name="sumtest" time="0.015" classname="com.test.invocationtest"/>
  <testcase name="sumtest" time="0.000" classname="com.test.invocationtest"/>
  <testcase name="sumtest" time="0.000" classname="com.test.invocationtest"/>
  <testcase name="sumtest" time="0.000" classname="com.test.invocationtest"/>
  <testcase name="sumtest" time="0.000" classname="com.test.invocationtest"/>
  <testcase name="sumtest" time="0.000" classname="com.test.invocationtest"/>
  <testcase name="sumtest" time="0.000" classname="com.test.invocationtest"/>
  <testcase name="sumtest" time="0.000" classname="com.test.invocationtest"/>
  <testcase name="sumtest" time="0.000" classname="com.test.invocationtest"/>
  <testcase name="sumtest" time="0.000" classname="com.test.invocationtest"/>
  <testcase name="sumtest" time="0.000" classname="com.test.invocationtest"/>
  <testcase name="sumtest" time="0.000" classname="com.test.invocationtest"/>
  <testcase name="sumtest" time="0.000" classname="com.test.invocationtest"/>
  <testcase name="sumtest" time="0.000" classname="com.test.invocationtest"/>
  <testcase name="sumtest" time="0.000" classname="com.test.invocationtest"/>
  <testcase name="sumtest" time="0.000" classname="com.test.invocationtest"/>
  <testcase name="sumtest" time="0.000" classname="com.test.invocationtest"/>
  <testcase name="sumtest" time="0.000" classname="com.test.invocationtest"/>
  <testcase name="sumtest" time="0.000" classname="com.test.invocationtest"/>
  <testcase name="sumtest" time="0.000" classname="com.test.invocationtest"/>
  <testcase name="sumtest" time="0.000" classname="com.test.invocationtest"/>
  <testcase name="sumtest" time="0.000" classname="com.test.invocationtest"/>
  <testcase name="sumtest" time="0.000" classname="com.test.invocationtest"/>
  <testcase name="sumtest" time="0.015" classname="com.test.invocationtest"/>
  <testcase name="sumtest" time="0.000" classname="com.test.invocationtest"/>
  <testcase name="sumtest" time="0.000" classname="com.test.invocationtest"/>
  <testcase name="sumtest" time="0.000" classname="com.test.invocationtest"/>
  <testcase name="sumtest" time="0.001" classname="com.test.invocationtest"/>
  <testcase name="sumtest" time="0.000" classname="com.test.invocationtest"/>
  <testcase name="sumtest" time="0.000" classname="com.test.invocationtest"/>
  <testcase name="sumtest" time="0.000" classname="com.test.invocationtest"/>
  <testcase name="sumtest" time="0.000" classname="com.test.invocationtest"/>
  <testcase name="sumtest" time="0.000" classname="com.test.invocationtest"/>
  <testcase name="sumtest" time="0.000" classname="com.test.invocationtest"/>
  <testcase name="sumtest" time="0.000" classname="com.test.invocationtest"/>
  <testcase name="sumtest" time="0.000" classname="com.test.invocationtest"/>
  <testcase name="sumtest" time="0.000" classname="com.test.invocationtest"/>
  <testcase name="sumtest" time="0.000" classname="com.test.invocationtest"/>
  <testcase name="sumtest" time="0.000" classname="com.test.invocationtest"/>
  <testcase name="sumtest" time="0.000" classname="com.test.invocationtest"/>
  <testcase name="sumtest" time="0.000" classname="com.test.invocationtest"/>
  <testcase name="sumtest" time="0.000" classname="com.test.invocationtest"/>
  <testcase name="sumtest" time="0.000" classname="com.test.invocationtest"/>
  <testcase name="sumtest" time="0.000" classname="com.test.invocationtest"/>
  <testcase name="sumtest" time="0.000" classname="com.test.invocationtest"/>
  <testcase name="sumtest" time="0.000" classname="com.test.invocationtest"/>
  <testcase name="sumtest" time="0.000" classname="com.test.invocationtest"/>
  <testcase name="sumtest" time="0.000" classname="com.test.invocationtest"/>
  <testcase name="sumtest" time="0.000" classname="com.test.invocationtest"/>
  <testcase name="sumtest" time="0.000" classname="com.test.invocationtest"/>
  <testcase name="sumtest" time="0.000" classname="com.test.invocationtest"/>
  <testcase name="sumtest" time="0.000" classname="com.test.invocationtest"/>
  <testcase name="sumtest" time="0.000" classname="com.test.invocationtest"/>
  <testcase name="sumtest" time="0.000" classname="com.test.invocationtest"/>
  <testcase name="sumtest" time="0.000" classname="com.test.invocationtest"/>
  <testcase name="sumtest" time="0.000" classname="com.test.invocationtest"/>
  <testcase name="sumtest" time="0.000" classname="com.test.invocationtest"/>
  <testcase name="sumtest" time="0.000" classname="com.test.invocationtest"/>
  <testcase name="sumtest" time="0.003" classname="com.test.invocationtest"/>
  <testcase name="sumtest" time="0.000" classname="com.test.invocationtest"/>
  <testcase name="sumtest" time="0.000" classname="com.test.invocationtest"/>
  <testcase name="sumtest" time="0.000" classname="com.test.invocationtest"/>
  <testcase name="sumtest" time="0.000" classname="com.test.invocationtest"/>
  <testcase name="sumtest" time="0.000" classname="com.test.invocationtest"/>
  <testcase name="sumtest" time="0.000" classname="com.test.invocationtest"/>
  <testcase name="sumtest" time="0.000" classname="com.test.invocationtest"/>
  <testcase name="sumtest" time="0.000" classname="com.test.invocationtest"/>
  <testcase name="sumtest" time="0.000" classname="com.test.invocationtest"/>
  <testcase name="sumtest" time="0.000" classname="com.test.invocationtest"/>
  <testcase name="sumtest" time="0.000" classname="com.test.invocationtest"/>
  <testcase name="sumtest" time="0.001" classname="com.test.invocationtest"/>
  <testcase name="sumtest" time="0.000" classname="com.test.invocationtest"/>
  <testcase name="sumtest" time="0.000" classname="com.test.invocationtest"/>
  <testcase name="sumtest" time="0.000" classname="com.test.invocationtest"/>
  <testcase name="sumtest" time="0.000" classname="com.test.invocationtest"/>
  <testcase name="sumtest" time="0.000" classname="com.test.invocationtest"/>
  <testcase name="sumtest" time="0.000" classname="com.test.invocationtest"/>
  <testcase name="sumtest" time="0.000" classname="com.test.invocationtest"/>
  <testcase name="sumtest" time="0.000" classname="com.test.invocationtest"/>
  <testcase name="sumtest" time="0.000" classname="com.test.invocationtest"/>
  <testcase name="sumtest" time="0.000" classname="com.test.invocationtest"/>
  <testcase name="sumtest" time="0.001" classname="com.test.invocationtest"/>
  <testcase name="sumtest" time="0.000" classname="com.test.invocationtest"/>
  <testcase name="sumtest" time="0.000" classname="com.test.invocationtest"/>
  <testcase name="sumtest" time="0.000" classname="com.test.invocationtest"/>
  <testcase name="sumtest" time="0.000" classname="com.test.invocationtest"/>
  <testcase name="sumtest" time="0.000" classname="com.test.invocationtest"/>
  <testcase name="sumtest" time="0.000" classname="com.test.invocationtest"/>
  <testcase name="sumtest" time="0.000" classname="com.test.invocationtest"/>
  <testcase name="sumtest" time="0.000" classname="com.test.invocationtest"/>
  <testcase name="sumtest" time="0.000" classname="com.test.invocationtest"/>
  <testcase name="sumtest" time="0.000" classname="com.test.invocationtest"/>
  <testcase name="sumtest" time="0.000" classname="com.test.invocationtest"/>
  <testcase name="sumtest" time="0.000" classname="com.test.invocationtest"/>
  <testcase name="sumtest" time="0.000" classname="com.test.invocationtest"/>
  <testcase name="sumtest" time="0.000" classname="com.test.invocationtest"/>
  <testcase name="sumtest" time="0.000" classname="com.test.invocationtest"/>
  <testcase name="sumtest" time="0.016" classname="com.test.invocationtest"/>
  <testcase name="sumtest" time="0.000" classname="com.test.invocationtest"/>
  <testcase name="sumtest" time="0.000" classname="com.test.invocationtest"/>
  <testcase name="sumtest" time="0.000" classname="com.test.invocationtest"/>
  <testcase name="sumtest" time="0.000" classname="com.test.invocationtest"/>
  <testcase name="sumtest" time="0.000" classname="com.test.invocationtest"/>
  <testcase name="sumtest" time="0.000" classname="com.test.invocationtest"/>
  <testcase name="sumtest" time="0.000" classname="com.test.invocationtest"/>
  <testcase name="sumtest" time="0.000" classname="com.test.invocationtest"/>
  <testcase name="sumtest" time="0.000" classname="com.test.invocationtest"/>
  <testcase name="sumtest" time="0.015" classname="com.test.invocationtest"/>
  <testcase name="sumtest" time="0.000" classname="com.test.invocationtest"/>
  <testcase name="sumtest" time="0.016" classname="com.test.invocationtest"/>
  <testcase name="sumtest" time="0.000" classname="com.test.invocationtest"/>
  <testcase name="sumtest" time="0.000" classname="com.test.invocationtest"/>
  <testcase name="sumtest" time="0.000" classname="com.test.invocationtest"/>
  <testcase name="sumtest" time="0.015" classname="com.test.invocationtest"/>
  <testcase name="sumtest" time="0.016" classname="com.test.invocationtest"/>
  <testcase name="sumtest" time="0.000" classname="com.test.invocationtest"/>
  <testcase name="sumtest" time="0.000" classname="com.test.invocationtest"/>
  <testcase name="sumtest" time="0.000" classname="com.test.invocationtest"/>
  <testcase name="sumtest" time="0.000" classname="com.test.invocationtest"/>
  <testcase name="sumtest" time="0.000" classname="com.test.invocationtest"/>
  <testcase name="sumtest" time="0.000" classname="com.test.invocationtest"/>
  <testcase name="sumtest" time="0.000" classname="com.test.invocationtest"/>
  <testcase name="sumtest" time="0.000" classname="com.test.invocationtest"/>
  <testcase name="sumtest" time="0.000" classname="com.test.invocationtest"/>
  <testcase name="sumtest" time="0.000" classname="com.test.invocationtest"/>
  <testcase name="sumtest" time="0.000" classname="com.test.invocationtest"/>
  <testcase name="sumtest" time="0.000" classname="com.test.invocationtest"/>
  <testcase name="sumtest" time="0.000" classname="com.test.invocationtest"/>
  <testcase name="sumtest" time="0.000" classname="com.test.invocationtest"/>
  <testcase name="sumtest" time="0.000" classname="com.test.invocationtest"/>
  <testcase name="sumtest" time="0.000" classname="com.test.invocationtest"/>
  <testcase name="sumtest" time="0.000" classname="com.test.invocationtest"/>
  <testcase name="sumtest" time="0.000" classname="com.test.invocationtest"/>
  <testcase name="sumtest" time="0.000" classname="com.test.invocationtest"/>
  <testcase name="sumtest" time="0.000" classname="com.test.invocationtest"/>
  <testcase name="sumtest" time="0.000" classname="com.test.invocationtest"/>
  <testcase name="sumtest" time="0.000" classname="com.test.invocationtest"/>
  <testcase name="sumtest" time="0.000" classname="com.test.invocationtest"/>
  <testcase name="sumtest" time="0.000" classname="com.test.invocationtest"/>
  <testcase name="sumtest" time="0.000" classname="com.test.invocationtest"/>
  <testcase name="sumtest" time="0.000" classname="com.test.invocationtest"/>
  <testcase name="sumtest" time="0.000" classname="com.test.invocationtest"/>
  <testcase name="sumtest" time="0.000" classname="com.test.invocationtest"/>
  <testcase name="sumtest" time="0.001" classname="com.test.invocationtest"/>
  <testcase name="sumtest" time="0.000" classname="com.test.invocationtest"/>
  <testcase name="sumtest" time="0.000" classname="com.test.invocationtest"/>
  <testcase name="sumtest" time="0.000" classname="com.test.invocationtest"/>
  <testcase name="sumtest" time="0.000" classname="com.test.invocationtest"/>
  <testcase name="sumtest" time="0.000" classname="com.test.invocationtest"/>
  <testcase name="sumtest" time="0.001" classname="com.test.invocationtest"/>
  <testcase name="sumtest" time="0.034" classname="com.test.invocationtest"/>
  <testcase name="sumtest" time="0.015" classname="com.test.invocationtest"/>
  <testcase name="sumtest" time="0.000" classname="com.test.invocationtest"/>
  <testcase name="sumtest" time="0.000" classname="com.test.invocationtest"/>
  <testcase name="sumtest" time="0.000" classname="com.test.invocationtest"/>
  <testcase name="sumtest" time="0.000" classname="com.test.invocationtest"/>
  <testcase name="sumtest" time="0.000" classname="com.test.invocationtest"/>
  <testcase name="sumtest" time="0.000" classname="com.test.invocationtest"/>
  <testcase name="sumtest" time="0.000" classname="com.test.invocationtest"/>
  <testcase name="sumtest" time="0.000" classname="com.test.invocationtest"/>
  <testcase name="sumtest" time="0.000" classname="com.test.invocationtest"/>
  <testcase name="sumtest" time="0.000" classname="com.test.invocationtest"/>
  <testcase name="sumtest" time="0.000" classname="com.test.invocationtest"/>
  <testcase name="sumtest" time="0.000" classname="com.test.invocationtest"/>
  <testcase name="sumtest" time="0.000" classname="com.test.invocationtest"/>
  <testcase name="sumtest" time="0.000" classname="com.test.invocationtest"/>
  <testcase name="sumtest" time="0.000" classname="com.test.invocationtest"/>
  <testcase name="sumtest" time="0.000" classname="com.test.invocationtest"/>
  <testcase name="sumtest" time="0.000" classname="com.test.invocationtest"/>
  <testcase name="sumtest" time="0.000" classname="com.test.invocationtest"/>
  <testcase name="sumtest" time="0.000" classname="com.test.invocationtest"/>
  <testcase name="sumtest" time="0.000" classname="com.test.invocationtest"/>
  <testcase name="sumtest" time="0.000" classname="com.test.invocationtest"/>
  <testcase name="sumtest" time="0.000" classname="com.test.invocationtest"/>
  <testcase name="sumtest" time="0.000" classname="com.test.invocationtest"/>
  <testcase name="sumtest" time="0.000" classname="com.test.invocationtest"/>
  <testcase name="sumtest" time="0.000" classname="com.test.invocationtest"/>
  <testcase name="sumtest" time="0.000" classname="com.test.invocationtest"/>
  <testcase name="sumtest" time="0.000" classname="com.test.invocationtest"/>
</testsuite> <!-- com.test.invocationtest -->
