<?xml version="1.0" encoding="UTF-8"?>
<!-- Generated by org.testng.reporters.JUnitReportReporter -->
<testsuite skipped="0" hostname="admin-PC" name="com.test.invocationcounttest" tests="5000" failures="0" timestamp="16 May 2019 04:47:22 GMT" time="5.409" errors="0">
  <testcase name="sumtest" time="0.001" classname="com.test.invocationcounttest"/>
  <testcase name="sumtest" time="0.001" classname="com.test.invocationcounttest"/>
  <testcase name="sumtest" time="0.000" classname="com.test.invocationcounttest"/>
  <testcase name="sumtest" time="0.000" classname="com.test.invocationcounttest"/>
  <testcase name="sumtest" time="0.000" classname="com.test.invocationcounttest"/>
  <testcase name="sumtest" time="0.001" classname="com.test.invocationcounttest"/>
  <testcase name="sumtest" time="0.001" classname="com.test.invocationcounttest"/>
  <testcase name="sumtest" time="0.001" classname="com.test.invocationcounttest"/>
  <testcase name="sumtest" time="0.000" classname="com.test.invocationcounttest"/>
  <testcase name="sumtest" time="0.000" classname="com.test.invocationcounttest"/>
  <testcase name="sumtest" time="0.000" classname="com.test.invocationcounttest"/>
  <testcase name="sumtest" time="0.001" classname="com.test.invocationcounttest"/>
  <testcase name="sumtest" time="0.000" classname="com.test.invocationcounttest"/>
  <testcase name="sumtest" time="0.001" classname="com.test.invocationcounttest"/>
  <testcase name="sumtest" time="0.000" classname="com.test.invocationcounttest"/>
  <testcase name="sumtest" time="0.001" classname="com.test.invocationcounttest"/>
  <testcase name="sumtest" time="0.000" classname="com.test.invocationcounttest"/>
  <testcase name="sumtest" time="0.000" classname="com.test.invocationcounttest"/>
  <testcase name="sumtest" time="0.001" classname="com.test.invocationcounttest"/>
  <testcase name="sumtest" time="0.000" classname="com.test.invocationcounttest"/>
  <testcase name="sumtest" time="0.000" classname="com.test.invocationcounttest"/>
  <testcase name="sumtest" time="0.001" classname="com.test.invocationcounttest"/>
  <testcase name="sumtest" time="0.000" classname="com.test.invocationcounttest"/>
  <testcase name="sumtest" time="0.000" classname="com.test.invocationcounttest"/>
  <testcase name="sumtest" time="0.001" classname="com.test.invocationcounttest"/>
  <testcase name="sumtest" time="0.000" classname="com.test.invocationcounttest"/>
  <testcase name="sumtest" time="0.000" classname="com.test.invocationcounttest"/>
  <testcase name="sumtest" time="0.000" classname="com.test.invocationcounttest"/>
  <testcase name="sumtest" time="0.000" classname="com.test.invocationcounttest"/>
  <testcase name="sumtest" time="0.000" classname="com.test.invocationcounttest"/>
  <testcase name="sumtest" time="0.000" classname="com.test.invocationcounttest"/>
  <testcase name="sumtest" time="0.000" classname="com.test.invocationcounttest"/>
  <testcase name="sumtest" time="0.000" classname="com.test.invocationcounttest"/>
  <testcase name="sumtest" time="0.000" classname="com.test.invocationcounttest"/>
  <testcase name="sumtest" time="0.000" classname="com.test.invocationcounttest"/>
  <testcase name="sumtest" time="0.001" classname="com.test.invocationcounttest"/>
  <testcase name="sumtest" time="0.002" classname="com.test.invocationcounttest"/>
  <testcase name="sumtest" time="0.000" classname="com.test.invocationcounttest"/>
  <testcase name="sumtest" time="0.011" classname="com.test.invocationcounttest"/>
  <testcase name="sumtest" time="0.000" classname="com.test.invocationcounttest"/>
  <testcase name="sumtest" time="0.000" classname="com.test.invocationcounttest"/>
  <testcase name="sumtest" time="0.000" classname="com.test.invocationcounttest"/>
  <testcase name="sumtest" time="0.000" classname="com.test.invocationcounttest"/>
  <testcase name="sumtest" time="0.014" classname="com.test.invocationcounttest"/>
  <testcase name="sumtest" time="0.000" classname="com.test.invocationcounttest"/>
  <testcase name="sumtest" time="0.000" classname="com.test.invocationcounttest"/>
  <testcase name="sumtest" time="0.000" classname="com.test.invocationcounttest"/>
  <testcase name="sumtest" time="0.000" classname="com.test.invocationcounttest"/>
  <testcase name="sumtest" time="0.001" classname="com.test.invocationcounttest"/>
  <testcase name="sumtest" time="0.000" classname="com.test.invocationcounttest"/>
  <testcase name="sumtest" time="0.000" classname="com.test.invocationcounttest"/>
  <testcase name="sumtest" time="0.011" classname="com.test.invocationcounttest"/>
  <testcase name="sumtest" time="0.000" classname="com.test.invocationcounttest"/>
  <testcase name="sumtest" time="0.001" classname="com.test.invocationcounttest"/>
  <testcase name="sumtest" time="0.000" classname="com.test.invocationcounttest"/>
  <testcase name="sumtest" time="0.000" classname="com.test.invocationcounttest"/>
  <testcase name="sumtest" time="0.000" classname="com.test.invocationcounttest"/>
  <testcase name="sumtest" time="0.001" classname="com.test.invocationcounttest"/>
  <testcase name="sumtest" time="0.001" classname="com.test.invocationcounttest"/>
  <testcase name="sumtest" time="0.000" classname="com.test.invocationcounttest"/>
  <testcase name="sumtest" time="0.000" classname="com.test.invocationcounttest"/>
  <testcase name="sumtest" time="0.000" classname="com.test.invocationcounttest"/>
  <testcase name="sumtest" time="0.000" classname="com.test.invocationcounttest"/>
  <testcase name="sumtest" time="0.000" classname="com.test.invocationcounttest"/>
  <testcase name="sumtest" time="0.001" classname="com.test.invocationcounttest"/>
  <testcase name="sumtest" time="0.000" classname="com.test.invocationcounttest"/>
  <testcase name="sumtest" time="0.000" classname="com.test.invocationcounttest"/>
  <testcase name="sumtest" time="0.001" classname="com.test.invocationcounttest"/>
  <testcase name="sumtest" time="0.000" classname="com.test.invocationcounttest"/>
  <testcase name="sumtest" time="0.000" classname="com.test.invocationcounttest"/>
  <testcase name="sumtest" time="0.001" classname="com.test.invocationcounttest"/>
  <testcase name="sumtest" time="0.000" classname="com.test.invocationcounttest"/>
  <testcase name="sumtest" time="0.014" classname="com.test.invocationcounttest"/>
  <testcase name="sumtest" time="0.001" classname="com.test.invocationcounttest"/>
  <testcase name="sumtest" time="0.000" classname="com.test.invocationcounttest"/>
  <testcase name="sumtest" time="0.000" classname="com.test.invocationcounttest"/>
  <testcase name="sumtest" time="0.000" classname="com.test.invocationcounttest"/>
  <testcase name="sumtest" time="0.000" classname="com.test.invocationcounttest"/>
  <testcase name="sumtest" time="0.001" classname="com.test.invocationcounttest"/>
  <testcase name="sumtest" time="0.000" classname="com.test.invocationcounttest"/>
  <testcase name="sumtest" time="0.001" classname="com.test.invocationcounttest"/>
  <testcase name="sumtest" time="0.001" classname="com.test.invocationcounttest"/>
  <testcase name="sumtest" time="0.000" classname="com.test.invocationcounttest"/>
  <testcase name="sumtest" time="0.001" classname="com.test.invocationcounttest"/>
  <testcase name="sumtest" time="0.000" classname="com.test.invocationcounttest"/>
  <testcase name="sumtest" time="0.000" classname="com.test.invocationcounttest"/>
  <testcase name="sumtest" time="0.000" classname="com.test.invocationcounttest"/>
  <testcase name="sumtest" time="0.000" classname="com.test.invocationcounttest"/>
  <testcase name="sumtest" time="0.000" classname="com.test.invocationcounttest"/>
  <testcase name="sumtest" time="0.000" classname="com.test.invocationcounttest"/>
  <testcase name="sumtest" time="0.000" classname="com.test.invocationcounttest"/>
  <testcase name="sumtest" time="0.000" classname="com.test.invocationcounttest"/>
  <testcase name="sumtest" time="0.000" classname="com.test.invocationcounttest"/>
  <testcase name="sumtest" time="0.001" classname="com.test.invocationcounttest"/>
  <testcase name="sumtest" time="0.000" classname="com.test.invocationcounttest"/>
  <testcase name="sumtest" time="0.000" classname="com.test.invocationcounttest"/>
  <testcase name="sumtest" time="0.009" classname="com.test.invocationcounttest"/>
  <testcase name="sumtest" time="0.001" classname="com.test.invocationcounttest"/>
  <testcase name="sumtest" time="0.000" classname="com.test.invocationcounttest"/>
  <testcase name="sumtest" time="0.000" classname="com.test.invocationcounttest"/>
  <testcase name="sumtest" time="0.000" classname="com.test.invocationcounttest"/>
  <testcase name="sumtest" time="0.000" classname="com.test.invocationcounttest"/>
  <testcase name="sumtest" time="0.001" classname="com.test.invocationcounttest"/>
  <testcase name="sumtest" time="0.000" classname="com.test.invocationcounttest"/>
  <testcase name="sumtest" time="0.000" classname="com.test.invocationcounttest"/>
  <testcase name="sumtest" time="0.000" classname="com.test.invocationcounttest"/>
  <testcase name="sumtest" time="0.000" classname="com.test.invocationcounttest"/>
  <testcase name="sumtest" time="0.001" classname="com.test.invocationcounttest"/>
  <testcase name="sumtest" time="0.000" classname="com.test.invocationcounttest"/>
  <testcase name="sumtest" time="0.008" classname="com.test.invocationcounttest"/>
  <testcase name="sumtest" time="0.001" classname="com.test.invocationcounttest"/>
  <testcase name="sumtest" time="0.000" classname="com.test.invocationcounttest"/>
  <testcase name="sumtest" time="0.025" classname="com.test.invocationcounttest"/>
  <testcase name="sumtest" time="0.001" classname="com.test.invocationcounttest"/>
  <testcase name="sumtest" time="0.001" classname="com.test.invocationcounttest"/>
  <testcase name="sumtest" time="0.000" classname="com.test.invocationcounttest"/>
  <testcase name="sumtest" time="0.000" classname="com.test.invocationcounttest"/>
  <testcase name="sumtest" time="0.000" classname="com.test.invocationcounttest"/>
  <testcase name="sumtest" time="0.000" classname="com.test.invocationcounttest"/>
  <testcase name="sumtest" time="0.000" classname="com.test.invocationcounttest"/>
  <testcase name="sumtest" time="0.000" classname="com.test.invocationcounttest"/>
  <testcase name="sumtest" time="0.000" classname="com.test.invocationcounttest"/>
  <testcase name="sumtest" time="0.000" classname="com.test.invocationcounttest"/>
  <testcase name="sumtest" time="0.001" classname="com.test.invocationcounttest"/>
  <testcase name="sumtest" time="0.001" classname="com.test.invocationcounttest"/>
  <testcase name="sumtest" time="0.000" classname="com.test.invocationcounttest"/>
  <testcase name="sumtest" time="0.000" classname="com.test.invocationcounttest"/>
  <testcase name="sumtest" time="0.000" classname="com.test.invocationcounttest"/>
  <testcase name="sumtest" time="0.000" classname="com.test.invocationcounttest"/>
  <testcase name="sumtest" time="0.000" classname="com.test.invocationcounttest"/>
  <testcase name="sumtest" time="0.009" classname="com.test.invocationcounttest"/>
  <testcase name="sumtest" time="0.000" classname="com.test.invocationcounttest"/>
  <testcase name="sumtest" time="0.000" classname="com.test.invocationcounttest"/>
  <testcase name="sumtest" time="0.000" classname="com.test.invocationcounttest"/>
  <testcase name="sumtest" time="0.002" classname="com.test.invocationcounttest"/>
  <testcase name="sumtest" time="0.000" classname="com.test.invocationcounttest"/>
  <testcase name="sumtest" time="0.017" classname="com.test.invocationcounttest"/>
  <testcase name="sumtest" time="0.000" classname="com.test.invocationcounttest"/>
  <testcase name="sumtest" time="0.000" classname="com.test.invocationcounttest"/>
  <testcase name="sumtest" time="0.000" classname="com.test.invocationcounttest"/>
  <testcase name="sumtest" time="0.001" classname="com.test.invocationcounttest"/>
  <testcase name="sumtest" time="0.000" classname="com.test.invocationcounttest"/>
  <testcase name="sumtest" time="0.000" classname="com.test.invocationcounttest"/>
  <testcase name="sumtest" time="0.000" classname="com.test.invocationcounttest"/>
  <testcase name="sumtest" time="0.000" classname="com.test.invocationcounttest"/>
  <testcase name="sumtest" time="0.000" classname="com.test.invocationcounttest"/>
  <testcase name="sumtest" time="0.000" classname="com.test.invocationcounttest"/>
  <testcase name="sumtest" time="0.000" classname="com.test.invocationcounttest"/>
  <testcase name="sumtest" time="0.001" classname="com.test.invocationcounttest"/>
  <testcase name="sumtest" time="0.000" classname="com.test.invocationcounttest"/>
  <testcase name="sumtest" time="0.000" classname="com.test.invocationcounttest"/>
  <testcase name="sumtest" time="0.000" classname="com.test.invocationcounttest"/>
  <testcase name="sumtest" time="0.000" classname="com.test.invocationcounttest"/>
  <testcase name="sumtest" time="0.000" classname="com.test.invocationcounttest"/>
  <testcase name="sumtest" time="0.000" classname="com.test.invocationcounttest"/>
  <testcase name="sumtest" time="0.001" classname="com.test.invocationcounttest"/>
  <testcase name="sumtest" time="0.000" classname="com.test.invocationcounttest"/>
  <testcase name="sumtest" time="0.001" classname="com.test.invocationcounttest"/>
  <testcase name="sumtest" time="0.000" classname="com.test.invocationcounttest"/>
  <testcase name="sumtest" time="0.001" classname="com.test.invocationcounttest"/>
  <testcase name="sumtest" time="0.001" classname="com.test.invocationcounttest"/>
  <testcase name="sumtest" time="0.000" classname="com.test.invocationcounttest"/>
  <testcase name="sumtest" time="0.001" classname="com.test.invocationcounttest"/>
  <testcase name="sumtest" time="0.001" classname="com.test.invocationcounttest"/>
  <testcase name="sumtest" time="0.002" classname="com.test.invocationcounttest"/>
  <testcase name="sumtest" time="0.000" classname="com.test.invocationcounttest"/>
  <testcase name="sumtest" time="0.000" classname="com.test.invocationcounttest"/>
  <testcase name="sumtest" time="0.000" classname="com.test.invocationcounttest"/>
  <testcase name="sumtest" time="0.000" classname="com.test.invocationcounttest"/>
  <testcase name="sumtest" time="0.000" classname="com.test.invocationcounttest"/>
  <testcase name="sumtest" time="0.001" classname="com.test.invocationcounttest"/>
  <testcase name="sumtest" time="0.001" classname="com.test.invocationcounttest"/>
  <testcase name="sumtest" time="0.000" classname="com.test.invocationcounttest"/>
  <testcase name="sumtest" time="0.000" classname="com.test.invocationcounttest"/>
  <testcase name="sumtest" time="0.000" classname="com.test.invocationcounttest"/>
  <testcase name="sumtest" time="0.001" classname="com.test.invocationcounttest"/>
  <testcase name="sumtest" time="0.001" classname="com.test.invocationcounttest"/>
  <testcase name="sumtest" time="0.000" classname="com.test.invocationcounttest"/>
  <testcase name="sumtest" time="0.000" classname="com.test.invocationcounttest"/>
  <testcase name="sumtest" time="0.000" classname="com.test.invocationcounttest"/>
  <testcase name="sumtest" time="0.000" classname="com.test.invocationcounttest"/>
  <testcase name="sumtest" time="0.000" classname="com.test.invocationcounttest"/>
  <testcase name="sumtest" time="0.000" classname="com.test.invocationcounttest"/>
  <testcase name="sumtest" time="0.000" classname="com.test.invocationcounttest"/>
  <testcase name="sumtest" time="0.000" classname="com.test.invocationcounttest"/>
  <testcase name="sumtest" time="0.000" classname="com.test.invocationcounttest"/>
  <testcase name="sumtest" time="0.000" classname="com.test.invocationcounttest"/>
  <testcase name="sumtest" time="0.000" classname="com.test.invocationcounttest"/>
  <testcase name="sumtest" time="0.000" classname="com.test.invocationcounttest"/>
  <testcase name="sumtest" time="0.000" classname="com.test.invocationcounttest"/>
  <testcase name="sumtest" time="0.000" classname="com.test.invocationcounttest"/>
  <testcase name="sumtest" time="0.000" classname="com.test.invocationcounttest"/>
  <testcase name="sumtest" time="0.000" classname="com.test.invocationcounttest"/>
  <testcase name="sumtest" time="0.000" classname="com.test.invocationcounttest"/>
  <testcase name="sumtest" time="0.000" classname="com.test.invocationcounttest"/>
  <testcase name="sumtest" time="0.000" classname="com.test.invocationcounttest"/>
  <testcase name="sumtest" time="0.000" classname="com.test.invocationcounttest"/>
  <testcase name="sumtest" time="0.000" classname="com.test.invocationcounttest"/>
  <testcase name="sumtest" time="0.000" classname="com.test.invocationcounttest"/>
  <testcase name="sumtest" time="0.000" classname="com.test.invocationcounttest"/>
  <testcase name="sumtest" time="0.000" classname="com.test.invocationcounttest"/>
  <testcase name="sumtest" time="0.000" classname="com.test.invocationcounttest"/>
  <testcase name="sumtest" time="0.000" classname="com.test.invocationcounttest"/>
  <testcase name="sumtest" time="0.000" classname="com.test.invocationcounttest"/>
  <testcase name="sumtest" time="0.000" classname="com.test.invocationcounttest"/>
  <testcase name="sumtest" time="0.000" classname="com.test.invocationcounttest"/>
  <testcase name="sumtest" time="0.001" classname="com.test.invocationcounttest"/>
  <testcase name="sumtest" time="0.001" classname="com.test.invocationcounttest"/>
  <testcase name="sumtest" time="0.000" classname="com.test.invocationcounttest"/>
  <testcase name="sumtest" time="0.001" classname="com.test.invocationcounttest"/>
  <testcase name="sumtest" time="0.000" classname="com.test.invocationcounttest"/>
  <testcase name="sumtest" time="0.000" classname="com.test.invocationcounttest"/>
  <testcase name="sumtest" time="0.001" classname="com.test.invocationcounttest"/>
  <testcase name="sumtest" time="0.000" classname="com.test.invocationcounttest"/>
  <testcase name="sumtest" time="0.000" classname="com.test.invocationcounttest"/>
  <testcase name="sumtest" time="0.001" classname="com.test.invocationcounttest"/>
  <testcase name="sumtest" time="0.000" classname="com.test.invocationcounttest"/>
  <testcase name="sumtest" time="0.000" classname="com.test.invocationcounttest"/>
  <testcase name="sumtest" time="0.000" classname="com.test.invocationcounttest"/>
  <testcase name="sumtest" time="0.000" classname="com.test.invocationcounttest"/>
  <testcase name="sumtest" time="0.000" classname="com.test.invocationcounttest"/>
  <testcase name="sumtest" time="0.000" classname="com.test.invocationcounttest"/>
  <testcase name="sumtest" time="0.001" classname="com.test.invocationcounttest"/>
  <testcase name="sumtest" time="0.001" classname="com.test.invocationcounttest"/>
  <testcase name="sumtest" time="0.000" classname="com.test.invocationcounttest"/>
  <testcase name="sumtest" time="0.000" classname="com.test.invocationcounttest"/>
  <testcase name="sumtest" time="0.000" classname="com.test.invocationcounttest"/>
  <testcase name="sumtest" time="0.000" classname="com.test.invocationcounttest"/>
  <testcase name="sumtest" time="0.000" classname="com.test.invocationcounttest"/>
  <testcase name="sumtest" time="0.000" classname="com.test.invocationcounttest"/>
  <testcase name="sumtest" time="0.000" classname="com.test.invocationcounttest"/>
  <testcase name="sumtest" time="0.000" classname="com.test.invocationcounttest"/>
  <testcase name="sumtest" time="0.000" classname="com.test.invocationcounttest"/>
  <testcase name="sumtest" time="0.013" classname="com.test.invocationcounttest"/>
  <testcase name="sumtest" time="0.000" classname="com.test.invocationcounttest"/>
  <testcase name="sumtest" time="0.000" classname="com.test.invocationcounttest"/>
  <testcase name="sumtest" time="0.003" classname="com.test.invocationcounttest"/>
  <testcase name="sumtest" time="0.001" classname="com.test.invocationcounttest"/>
  <testcase name="sumtest" time="0.000" classname="com.test.invocationcounttest"/>
  <testcase name="sumtest" time="0.000" classname="com.test.invocationcounttest"/>
  <testcase name="sumtest" time="0.001" classname="com.test.invocationcounttest"/>
  <testcase name="sumtest" time="0.000" classname="com.test.invocationcounttest"/>
  <testcase name="sumtest" time="0.000" classname="com.test.invocationcounttest"/>
  <testcase name="sumtest" time="0.001" classname="com.test.invocationcounttest"/>
  <testcase name="sumtest" time="0.021" classname="com.test.invocationcounttest"/>
  <testcase name="sumtest" time="0.000" classname="com.test.invocationcounttest"/>
  <testcase name="sumtest" time="0.001" classname="com.test.invocationcounttest"/>
  <testcase name="sumtest" time="0.001" classname="com.test.invocationcounttest"/>
  <testcase name="sumtest" time="0.000" classname="com.test.invocationcounttest"/>
  <testcase name="sumtest" time="0.000" classname="com.test.invocationcounttest"/>
  <testcase name="sumtest" time="0.001" classname="com.test.invocationcounttest"/>
  <testcase name="sumtest" time="0.000" classname="com.test.invocationcounttest"/>
  <testcase name="sumtest" time="0.001" classname="com.test.invocationcounttest"/>
  <testcase name="sumtest" time="0.000" classname="com.test.invocationcounttest"/>
  <testcase name="sumtest" time="0.000" classname="com.test.invocationcounttest"/>
  <testcase name="sumtest" time="0.001" classname="com.test.invocationcounttest"/>
  <testcase name="sumtest" time="0.000" classname="com.test.invocationcounttest"/>
  <testcase name="sumtest" time="0.000" classname="com.test.invocationcounttest"/>
  <testcase name="sumtest" time="0.000" classname="com.test.invocationcounttest"/>
  <testcase name="sumtest" time="0.010" classname="com.test.invocationcounttest"/>
  <testcase name="sumtest" time="0.001" classname="com.test.invocationcounttest"/>
  <testcase name="sumtest" time="0.011" classname="com.test.invocationcounttest"/>
  <testcase name="sumtest" time="0.000" classname="com.test.invocationcounttest"/>
  <testcase name="sumtest" time="0.001" classname="com.test.invocationcounttest"/>
  <testcase name="sumtest" time="0.001" classname="com.test.invocationcounttest"/>
  <testcase name="sumtest" time="0.000" classname="com.test.invocationcounttest"/>
  <testcase name="sumtest" time="0.000" classname="com.test.invocationcounttest"/>
  <testcase name="sumtest" time="0.001" classname="com.test.invocationcounttest"/>
  <testcase name="sumtest" time="0.000" classname="com.test.invocationcounttest"/>
  <testcase name="sumtest" time="0.001" classname="com.test.invocationcounttest"/>
  <testcase name="sumtest" time="0.000" classname="com.test.invocationcounttest"/>
  <testcase name="sumtest" time="0.000" classname="com.test.invocationcounttest"/>
  <testcase name="sumtest" time="0.001" classname="com.test.invocationcounttest"/>
  <testcase name="sumtest" time="0.000" classname="com.test.invocationcounttest"/>
  <testcase name="sumtest" time="0.000" classname="com.test.invocationcounttest"/>
  <testcase name="sumtest" time="0.000" classname="com.test.invocationcounttest"/>
  <testcase name="sumtest" time="0.000" classname="com.test.invocationcounttest"/>
  <testcase name="sumtest" time="0.000" classname="com.test.invocationcounttest"/>
  <testcase name="sumtest" time="0.000" classname="com.test.invocationcounttest"/>
  <testcase name="sumtest" time="0.000" classname="com.test.invocationcounttest"/>
  <testcase name="sumtest" time="0.000" classname="com.test.invocationcounttest"/>
  <testcase name="sumtest" time="0.000" classname="com.test.invocationcounttest"/>
  <testcase name="sumtest" time="0.001" classname="com.test.invocationcounttest"/>
  <testcase name="sumtest" time="0.000" classname="com.test.invocationcounttest"/>
  <testcase name="sumtest" time="0.000" classname="com.test.invocationcounttest"/>
  <testcase name="sumtest" time="0.000" classname="com.test.invocationcounttest"/>
  <testcase name="sumtest" time="0.001" classname="com.test.invocationcounttest"/>
  <testcase name="sumtest" time="0.001" classname="com.test.invocationcounttest"/>
  <testcase name="sumtest" time="0.000" classname="com.test.invocationcounttest"/>
  <testcase name="sumtest" time="0.000" classname="com.test.invocationcounttest"/>
  <testcase name="sumtest" time="0.001" classname="com.test.invocationcounttest"/>
  <testcase name="sumtest" time="0.000" classname="com.test.invocationcounttest"/>
  <testcase name="sumtest" time="0.000" classname="com.test.invocationcounttest"/>
  <testcase name="sumtest" time="0.000" classname="com.test.invocationcounttest"/>
  <testcase name="sumtest" time="0.000" classname="com.test.invocationcounttest"/>
  <testcase name="sumtest" time="0.000" classname="com.test.invocationcounttest"/>
  <testcase name="sumtest" time="0.001" classname="com.test.invocationcounttest"/>
  <testcase name="sumtest" time="0.000" classname="com.test.invocationcounttest"/>
  <testcase name="sumtest" time="0.000" classname="com.test.invocationcounttest"/>
  <testcase name="sumtest" time="0.000" classname="com.test.invocationcounttest"/>
  <testcase name="sumtest" time="0.000" classname="com.test.invocationcounttest"/>
  <testcase name="sumtest" time="0.000" classname="com.test.invocationcounttest"/>
  <testcase name="sumtest" time="0.000" classname="com.test.invocationcounttest"/>
  <testcase name="sumtest" time="0.000" classname="com.test.invocationcounttest"/>
  <testcase name="sumtest" time="0.000" classname="com.test.invocationcounttest"/>
  <testcase name="sumtest" time="0.000" classname="com.test.invocationcounttest"/>
  <testcase name="sumtest" time="0.001" classname="com.test.invocationcounttest"/>
  <testcase name="sumtest" time="0.000" classname="com.test.invocationcounttest"/>
  <testcase name="sumtest" time="0.001" classname="com.test.invocationcounttest"/>
  <testcase name="sumtest" time="0.000" classname="com.test.invocationcounttest"/>
  <testcase name="sumtest" time="0.001" classname="com.test.invocationcounttest"/>
  <testcase name="sumtest" time="0.000" classname="com.test.invocationcounttest"/>
  <testcase name="sumtest" time="0.000" classname="com.test.invocationcounttest"/>
  <testcase name="sumtest" time="0.000" classname="com.test.invocationcounttest"/>
  <testcase name="sumtest" time="0.001" classname="com.test.invocationcounttest"/>
  <testcase name="sumtest" time="0.000" classname="com.test.invocationcounttest"/>
  <testcase name="sumtest" time="0.000" classname="com.test.invocationcounttest"/>
  <testcase name="sumtest" time="0.000" classname="com.test.invocationcounttest"/>
  <testcase name="sumtest" time="0.000" classname="com.test.invocationcounttest"/>
  <testcase name="sumtest" time="0.001" classname="com.test.invocationcounttest"/>
  <testcase name="sumtest" time="0.000" classname="com.test.invocationcounttest"/>
  <testcase name="sumtest" time="0.000" classname="com.test.invocationcounttest"/>
  <testcase name="sumtest" time="0.001" classname="com.test.invocationcounttest"/>
  <testcase name="sumtest" time="0.001" classname="com.test.invocationcounttest"/>
  <testcase name="sumtest" time="0.000" classname="com.test.invocationcounttest"/>
  <testcase name="sumtest" time="0.000" classname="com.test.invocationcounttest"/>
  <testcase name="sumtest" time="0.012" classname="com.test.invocationcounttest"/>
  <testcase name="sumtest" time="0.000" classname="com.test.invocationcounttest"/>
  <testcase name="sumtest" time="0.001" classname="com.test.invocationcounttest"/>
  <testcase name="sumtest" time="0.000" classname="com.test.invocationcounttest"/>
  <testcase name="sumtest" time="0.000" classname="com.test.invocationcounttest"/>
  <testcase name="sumtest" time="0.000" classname="com.test.invocationcounttest"/>
  <testcase name="sumtest" time="0.000" classname="com.test.invocationcounttest"/>
  <testcase name="sumtest" time="0.001" classname="com.test.invocationcounttest"/>
  <testcase name="sumtest" time="0.000" classname="com.test.invocationcounttest"/>
  <testcase name="sumtest" time="0.003" classname="com.test.invocationcounttest"/>
  <testcase name="sumtest" time="0.000" classname="com.test.invocationcounttest"/>
  <testcase name="sumtest" time="0.000" classname="com.test.invocationcounttest"/>
  <testcase name="sumtest" time="0.018" classname="com.test.invocationcounttest"/>
  <testcase name="sumtest" time="0.001" classname="com.test.invocationcounttest"/>
  <testcase name="sumtest" time="0.000" classname="com.test.invocationcounttest"/>
  <testcase name="sumtest" time="0.000" classname="com.test.invocationcounttest"/>
  <testcase name="sumtest" time="0.002" classname="com.test.invocationcounttest"/>
  <testcase name="sumtest" time="0.000" classname="com.test.invocationcounttest"/>
  <testcase name="sumtest" time="0.001" classname="com.test.invocationcounttest"/>
  <testcase name="sumtest" time="0.000" classname="com.test.invocationcounttest"/>
  <testcase name="sumtest" time="0.000" classname="com.test.invocationcounttest"/>
  <testcase name="sumtest" time="0.001" classname="com.test.invocationcounttest"/>
  <testcase name="sumtest" time="0.000" classname="com.test.invocationcounttest"/>
  <testcase name="sumtest" time="0.000" classname="com.test.invocationcounttest"/>
  <testcase name="sumtest" time="0.000" classname="com.test.invocationcounttest"/>
  <testcase name="sumtest" time="0.000" classname="com.test.invocationcounttest"/>
  <testcase name="sumtest" time="0.000" classname="com.test.invocationcounttest"/>
  <testcase name="sumtest" time="0.000" classname="com.test.invocationcounttest"/>
  <testcase name="sumtest" time="0.000" classname="com.test.invocationcounttest"/>
  <testcase name="sumtest" time="0.001" classname="com.test.invocationcounttest"/>
  <testcase name="sumtest" time="0.000" classname="com.test.invocationcounttest"/>
  <testcase name="sumtest" time="0.000" classname="com.test.invocationcounttest"/>
  <testcase name="sumtest" time="0.001" classname="com.test.invocationcounttest"/>
  <testcase name="sumtest" time="0.001" classname="com.test.invocationcounttest"/>
  <testcase name="sumtest" time="0.000" classname="com.test.invocationcounttest"/>
  <testcase name="sumtest" time="0.002" classname="com.test.invocationcounttest"/>
  <testcase name="sumtest" time="0.000" classname="com.test.invocationcounttest"/>
  <testcase name="sumtest" time="0.001" classname="com.test.invocationcounttest"/>
  <testcase name="sumtest" time="0.001" classname="com.test.invocationcounttest"/>
  <testcase name="sumtest" time="0.001" classname="com.test.invocationcounttest"/>
  <testcase name="sumtest" time="0.000" classname="com.test.invocationcounttest"/>
  <testcase name="sumtest" time="0.001" classname="com.test.invocationcounttest"/>
  <testcase name="sumtest" time="0.001" classname="com.test.invocationcounttest"/>
  <testcase name="sumtest" time="0.000" classname="com.test.invocationcounttest"/>
  <testcase name="sumtest" time="0.000" classname="com.test.invocationcounttest"/>
  <testcase name="sumtest" time="0.000" classname="com.test.invocationcounttest"/>
  <testcase name="sumtest" time="0.000" classname="com.test.invocationcounttest"/>
  <testcase name="sumtest" time="0.008" classname="com.test.invocationcounttest"/>
  <testcase name="sumtest" time="0.001" classname="com.test.invocationcounttest"/>
  <testcase name="sumtest" time="0.000" classname="com.test.invocationcounttest"/>
  <testcase name="sumtest" time="0.010" classname="com.test.invocationcounttest"/>
  <testcase name="sumtest" time="0.000" classname="com.test.invocationcounttest"/>
  <testcase name="sumtest" time="0.001" classname="com.test.invocationcounttest"/>
  <testcase name="sumtest" time="0.000" classname="com.test.invocationcounttest"/>
  <testcase name="sumtest" time="0.009" classname="com.test.invocationcounttest"/>
  <testcase name="sumtest" time="0.000" classname="com.test.invocationcounttest"/>
  <testcase name="sumtest" time="0.000" classname="com.test.invocationcounttest"/>
  <testcase name="sumtest" time="0.001" classname="com.test.invocationcounttest"/>
  <testcase name="sumtest" time="0.000" classname="com.test.invocationcounttest"/>
  <testcase name="sumtest" time="0.000" classname="com.test.invocationcounttest"/>
  <testcase name="sumtest" time="0.000" classname="com.test.invocationcounttest"/>
  <testcase name="sumtest" time="0.001" classname="com.test.invocationcounttest"/>
  <testcase name="sumtest" time="0.000" classname="com.test.invocationcounttest"/>
  <testcase name="sumtest" time="0.000" classname="com.test.invocationcounttest"/>
  <testcase name="sumtest" time="0.000" classname="com.test.invocationcounttest"/>
  <testcase name="sumtest" time="0.013" classname="com.test.invocationcounttest"/>
  <testcase name="sumtest" time="0.000" classname="com.test.invocationcounttest"/>
  <testcase name="sumtest" time="0.000" classname="com.test.invocationcounttest"/>
  <testcase name="sumtest" time="0.000" classname="com.test.invocationcounttest"/>
  <testcase name="sumtest" time="0.000" classname="com.test.invocationcounttest"/>
  <testcase name="sumtest" time="0.000" classname="com.test.invocationcounttest"/>
  <testcase name="sumtest" time="0.000" classname="com.test.invocationcounttest"/>
  <testcase name="sumtest" time="0.000" classname="com.test.invocationcounttest"/>
  <testcase name="sumtest" time="0.001" classname="com.test.invocationcounttest"/>
  <testcase name="sumtest" time="0.001" classname="com.test.invocationcounttest"/>
  <testcase name="sumtest" time="0.000" classname="com.test.invocationcounttest"/>
  <testcase name="sumtest" time="0.001" classname="com.test.invocationcounttest"/>
  <testcase name="sumtest" time="0.000" classname="com.test.invocationcounttest"/>
  <testcase name="sumtest" time="0.001" classname="com.test.invocationcounttest"/>
  <testcase name="sumtest" time="0.000" classname="com.test.invocationcounttest"/>
  <testcase name="sumtest" time="0.000" classname="com.test.invocationcounttest"/>
  <testcase name="sumtest" time="0.000" classname="com.test.invocationcounttest"/>
  <testcase name="sumtest" time="0.002" classname="com.test.invocationcounttest"/>
  <testcase name="sumtest" time="0.000" classname="com.test.invocationcounttest"/>
  <testcase name="sumtest" time="0.000" classname="com.test.invocationcounttest"/>
  <testcase name="sumtest" time="0.001" classname="com.test.invocationcounttest"/>
  <testcase name="sumtest" time="0.001" classname="com.test.invocationcounttest"/>
  <testcase name="sumtest" time="0.000" classname="com.test.invocationcounttest"/>
  <testcase name="sumtest" time="0.000" classname="com.test.invocationcounttest"/>
  <testcase name="sumtest" time="0.000" classname="com.test.invocationcounttest"/>
  <testcase name="sumtest" time="0.000" classname="com.test.invocationcounttest"/>
  <testcase name="sumtest" time="0.001" classname="com.test.invocationcounttest"/>
  <testcase name="sumtest" time="0.001" classname="com.test.invocationcounttest"/>
  <testcase name="sumtest" time="0.000" classname="com.test.invocationcounttest"/>
  <testcase name="sumtest" time="0.000" classname="com.test.invocationcounttest"/>
  <testcase name="sumtest" time="0.000" classname="com.test.invocationcounttest"/>
  <testcase name="sumtest" time="0.001" classname="com.test.invocationcounttest"/>
  <testcase name="sumtest" time="0.001" classname="com.test.invocationcounttest"/>
  <testcase name="sumtest" time="0.001" classname="com.test.invocationcounttest"/>
  <testcase name="sumtest" time="0.000" classname="com.test.invocationcounttest"/>
  <testcase name="sumtest" time="0.001" classname="com.test.invocationcounttest"/>
  <testcase name="sumtest" time="0.001" classname="com.test.invocationcounttest"/>
  <testcase name="sumtest" time="0.001" classname="com.test.invocationcounttest"/>
  <testcase name="sumtest" time="0.001" classname="com.test.invocationcounttest"/>
  <testcase name="sumtest" time="0.000" classname="com.test.invocationcounttest"/>
  <testcase name="sumtest" time="0.001" classname="com.test.invocationcounttest"/>
  <testcase name="sumtest" time="0.000" classname="com.test.invocationcounttest"/>
  <testcase name="sumtest" time="0.000" classname="com.test.invocationcounttest"/>
  <testcase name="sumtest" time="0.001" classname="com.test.invocationcounttest"/>
  <testcase name="sumtest" time="0.001" classname="com.test.invocationcounttest"/>
  <testcase name="sumtest" time="0.000" classname="com.test.invocationcounttest"/>
  <testcase name="sumtest" time="0.000" classname="com.test.invocationcounttest"/>
  <testcase name="sumtest" time="0.000" classname="com.test.invocationcounttest"/>
  <testcase name="sumtest" time="0.000" classname="com.test.invocationcounttest"/>
  <testcase name="sumtest" time="0.001" classname="com.test.invocationcounttest"/>
  <testcase name="sumtest" time="0.000" classname="com.test.invocationcounttest"/>
  <testcase name="sumtest" time="0.000" classname="com.test.invocationcounttest"/>
  <testcase name="sumtest" time="0.000" classname="com.test.invocationcounttest"/>
  <testcase name="sumtest" time="0.000" classname="com.test.invocationcounttest"/>
  <testcase name="sumtest" time="0.000" classname="com.test.invocationcounttest"/>
  <testcase name="sumtest" time="0.000" classname="com.test.invocationcounttest"/>
  <testcase name="sumtest" time="0.000" classname="com.test.invocationcounttest"/>
  <testcase name="sumtest" time="0.000" classname="com.test.invocationcounttest"/>
  <testcase name="sumtest" time="0.000" classname="com.test.invocationcounttest"/>
  <testcase name="sumtest" time="0.000" classname="com.test.invocationcounttest"/>
  <testcase name="sumtest" time="0.000" classname="com.test.invocationcounttest"/>
  <testcase name="sumtest" time="0.000" classname="com.test.invocationcounttest"/>
  <testcase name="sumtest" time="0.000" classname="com.test.invocationcounttest"/>
  <testcase name="sumtest" time="0.000" classname="com.test.invocationcounttest"/>
  <testcase name="sumtest" time="0.001" classname="com.test.invocationcounttest"/>
  <testcase name="sumtest" time="0.001" classname="com.test.invocationcounttest"/>
  <testcase name="sumtest" time="0.021" classname="com.test.invocationcounttest"/>
  <testcase name="sumtest" time="0.001" classname="com.test.invocationcounttest"/>
  <testcase name="sumtest" time="0.001" classname="com.test.invocationcounttest"/>
  <testcase name="sumtest" time="0.001" classname="com.test.invocationcounttest"/>
  <testcase name="sumtest" time="0.000" classname="com.test.invocationcounttest"/>
  <testcase name="sumtest" time="0.001" classname="com.test.invocationcounttest"/>
  <testcase name="sumtest" time="0.000" classname="com.test.invocationcounttest"/>
  <testcase name="sumtest" time="0.000" classname="com.test.invocationcounttest"/>
  <testcase name="sumtest" time="0.001" classname="com.test.invocationcounttest"/>
  <testcase name="sumtest" time="0.001" classname="com.test.invocationcounttest"/>
  <testcase name="sumtest" time="0.000" classname="com.test.invocationcounttest"/>
  <testcase name="sumtest" time="0.000" classname="com.test.invocationcounttest"/>
  <testcase name="sumtest" time="0.000" classname="com.test.invocationcounttest"/>
  <testcase name="sumtest" time="0.000" classname="com.test.invocationcounttest"/>
  <testcase name="sumtest" time="0.000" classname="com.test.invocationcounttest"/>
  <testcase name="sumtest" time="0.000" classname="com.test.invocationcounttest"/>
  <testcase name="sumtest" time="0.000" classname="com.test.invocationcounttest"/>
  <testcase name="sumtest" time="0.000" classname="com.test.invocationcounttest"/>
  <testcase name="sumtest" time="0.003" classname="com.test.invocationcounttest"/>
  <testcase name="sumtest" time="0.001" classname="com.test.invocationcounttest"/>
  <testcase name="sumtest" time="0.000" classname="com.test.invocationcounttest"/>
  <testcase name="sumtest" time="0.001" classname="com.test.invocationcounttest"/>
  <testcase name="sumtest" time="0.004" classname="com.test.invocationcounttest"/>
  <testcase name="sumtest" time="0.001" classname="com.test.invocationcounttest"/>
  <testcase name="sumtest" time="0.001" classname="com.test.invocationcounttest"/>
  <testcase name="sumtest" time="0.000" classname="com.test.invocationcounttest"/>
  <testcase name="sumtest" time="0.000" classname="com.test.invocationcounttest"/>
  <testcase name="sumtest" time="0.000" classname="com.test.invocationcounttest"/>
  <testcase name="sumtest" time="0.000" classname="com.test.invocationcounttest"/>
  <testcase name="sumtest" time="0.000" classname="com.test.invocationcounttest"/>
  <testcase name="sumtest" time="0.002" classname="com.test.invocationcounttest"/>
  <testcase name="sumtest" time="0.000" classname="com.test.invocationcounttest"/>
  <testcase name="sumtest" time="0.000" classname="com.test.invocationcounttest"/>
  <testcase name="sumtest" time="0.001" classname="com.test.invocationcounttest"/>
  <testcase name="sumtest" time="0.000" classname="com.test.invocationcounttest"/>
  <testcase name="sumtest" time="0.001" classname="com.test.invocationcounttest"/>
  <testcase name="sumtest" time="0.000" classname="com.test.invocationcounttest"/>
  <testcase name="sumtest" time="0.000" classname="com.test.invocationcounttest"/>
  <testcase name="sumtest" time="0.000" classname="com.test.invocationcounttest"/>
  <testcase name="sumtest" time="0.000" classname="com.test.invocationcounttest"/>
  <testcase name="sumtest" time="0.000" classname="com.test.invocationcounttest"/>
  <testcase name="sumtest" time="0.001" classname="com.test.invocationcounttest"/>
  <testcase name="sumtest" time="0.000" classname="com.test.invocationcounttest"/>
  <testcase name="sumtest" time="0.000" classname="com.test.invocationcounttest"/>
  <testcase name="sumtest" time="0.000" classname="com.test.invocationcounttest"/>
  <testcase name="sumtest" time="0.000" classname="com.test.invocationcounttest"/>
  <testcase name="sumtest" time="0.000" classname="com.test.invocationcounttest"/>
  <testcase name="sumtest" time="0.000" classname="com.test.invocationcounttest"/>
  <testcase name="sumtest" time="0.001" classname="com.test.invocationcounttest"/>
  <testcase name="sumtest" time="0.000" classname="com.test.invocationcounttest"/>
  <testcase name="sumtest" time="0.000" classname="com.test.invocationcounttest"/>
  <testcase name="sumtest" time="0.001" classname="com.test.invocationcounttest"/>
  <testcase name="sumtest" time="0.000" classname="com.test.invocationcounttest"/>
  <testcase name="sumtest" time="0.001" classname="com.test.invocationcounttest"/>
  <testcase name="sumtest" time="0.000" classname="com.test.invocationcounttest"/>
  <testcase name="sumtest" time="0.000" classname="com.test.invocationcounttest"/>
  <testcase name="sumtest" time="0.000" classname="com.test.invocationcounttest"/>
  <testcase name="sumtest" time="0.001" classname="com.test.invocationcounttest"/>
  <testcase name="sumtest" time="0.000" classname="com.test.invocationcounttest"/>
  <testcase name="sumtest" time="0.000" classname="com.test.invocationcounttest"/>
  <testcase name="sumtest" time="0.000" classname="com.test.invocationcounttest"/>
  <testcase name="sumtest" time="0.000" classname="com.test.invocationcounttest"/>
  <testcase name="sumtest" time="0.000" classname="com.test.invocationcounttest"/>
  <testcase name="sumtest" time="0.000" classname="com.test.invocationcounttest"/>
  <testcase name="sumtest" time="0.001" classname="com.test.invocationcounttest"/>
  <testcase name="sumtest" time="0.000" classname="com.test.invocationcounttest"/>
  <testcase name="sumtest" time="0.008" classname="com.test.invocationcounttest"/>
  <testcase name="sumtest" time="0.000" classname="com.test.invocationcounttest"/>
  <testcase name="sumtest" time="0.001" classname="com.test.invocationcounttest"/>
  <testcase name="sumtest" time="0.000" classname="com.test.invocationcounttest"/>
  <testcase name="sumtest" time="0.000" classname="com.test.invocationcounttest"/>
  <testcase name="sumtest" time="0.011" classname="com.test.invocationcounttest"/>
  <testcase name="sumtest" time="0.000" classname="com.test.invocationcounttest"/>
  <testcase name="sumtest" time="0.000" classname="com.test.invocationcounttest"/>
  <testcase name="sumtest" time="0.000" classname="com.test.invocationcounttest"/>
  <testcase name="sumtest" time="0.000" classname="com.test.invocationcounttest"/>
  <testcase name="sumtest" time="0.000" classname="com.test.invocationcounttest"/>
  <testcase name="sumtest" time="0.000" classname="com.test.invocationcounttest"/>
  <testcase name="sumtest" time="0.000" classname="com.test.invocationcounttest"/>
  <testcase name="sumtest" time="0.000" classname="com.test.invocationcounttest"/>
  <testcase name="sumtest" time="0.020" classname="com.test.invocationcounttest"/>
  <testcase name="sumtest" time="0.000" classname="com.test.invocationcounttest"/>
  <testcase name="sumtest" time="0.001" classname="com.test.invocationcounttest"/>
  <testcase name="sumtest" time="0.001" classname="com.test.invocationcounttest"/>
  <testcase name="sumtest" time="0.000" classname="com.test.invocationcounttest"/>
  <testcase name="sumtest" time="0.000" classname="com.test.invocationcounttest"/>
  <testcase name="sumtest" time="0.000" classname="com.test.invocationcounttest"/>
  <testcase name="sumtest" time="0.000" classname="com.test.invocationcounttest"/>
  <testcase name="sumtest" time="0.000" classname="com.test.invocationcounttest"/>
  <testcase name="sumtest" time="0.000" classname="com.test.invocationcounttest"/>
  <testcase name="sumtest" time="0.001" classname="com.test.invocationcounttest"/>
  <testcase name="sumtest" time="0.001" classname="com.test.invocationcounttest"/>
  <testcase name="sumtest" time="0.010" classname="com.test.invocationcounttest"/>
  <testcase name="sumtest" time="0.001" classname="com.test.invocationcounttest"/>
  <testcase name="sumtest" time="0.000" classname="com.test.invocationcounttest"/>
  <testcase name="sumtest" time="0.000" classname="com.test.invocationcounttest"/>
  <testcase name="sumtest" time="0.001" classname="com.test.invocationcounttest"/>
  <testcase name="sumtest" time="0.000" classname="com.test.invocationcounttest"/>
  <testcase name="sumtest" time="0.000" classname="com.test.invocationcounttest"/>
  <testcase name="sumtest" time="0.000" classname="com.test.invocationcounttest"/>
  <testcase name="sumtest" time="0.000" classname="com.test.invocationcounttest"/>
  <testcase name="sumtest" time="0.000" classname="com.test.invocationcounttest"/>
  <testcase name="sumtest" time="0.000" classname="com.test.invocationcounttest"/>
  <testcase name="sumtest" time="0.001" classname="com.test.invocationcounttest"/>
  <testcase name="sumtest" time="0.000" classname="com.test.invocationcounttest"/>
  <testcase name="sumtest" time="0.000" classname="com.test.invocationcounttest"/>
  <testcase name="sumtest" time="0.000" classname="com.test.invocationcounttest"/>
  <testcase name="sumtest" time="0.000" classname="com.test.invocationcounttest"/>
  <testcase name="sumtest" time="0.000" classname="com.test.invocationcounttest"/>
  <testcase name="sumtest" time="0.004" classname="com.test.invocationcounttest"/>
  <testcase name="sumtest" time="0.000" classname="com.test.invocationcounttest"/>
  <testcase name="sumtest" time="0.000" classname="com.test.invocationcounttest"/>
  <testcase name="sumtest" time="0.000" classname="com.test.invocationcounttest"/>
  <testcase name="sumtest" time="0.001" classname="com.test.invocationcounttest"/>
  <testcase name="sumtest" time="0.000" classname="com.test.invocationcounttest"/>
  <testcase name="sumtest" time="0.000" classname="com.test.invocationcounttest"/>
  <testcase name="sumtest" time="0.000" classname="com.test.invocationcounttest"/>
  <testcase name="sumtest" time="0.000" classname="com.test.invocationcounttest"/>
  <testcase name="sumtest" time="0.013" classname="com.test.invocationcounttest"/>
  <testcase name="sumtest" time="0.001" classname="com.test.invocationcounttest"/>
  <testcase name="sumtest" time="0.000" classname="com.test.invocationcounttest"/>
  <testcase name="sumtest" time="0.000" classname="com.test.invocationcounttest"/>
  <testcase name="sumtest" time="0.000" classname="com.test.invocationcounttest"/>
  <testcase name="sumtest" time="0.000" classname="com.test.invocationcounttest"/>
  <testcase name="sumtest" time="0.002" classname="com.test.invocationcounttest"/>
  <testcase name="sumtest" time="0.000" classname="com.test.invocationcounttest"/>
  <testcase name="sumtest" time="0.000" classname="com.test.invocationcounttest"/>
  <testcase name="sumtest" time="0.000" classname="com.test.invocationcounttest"/>
  <testcase name="sumtest" time="0.000" classname="com.test.invocationcounttest"/>
  <testcase name="sumtest" time="0.000" classname="com.test.invocationcounttest"/>
  <testcase name="sumtest" time="0.000" classname="com.test.invocationcounttest"/>
  <testcase name="sumtest" time="0.000" classname="com.test.invocationcounttest"/>
  <testcase name="sumtest" time="0.000" classname="com.test.invocationcounttest"/>
  <testcase name="sumtest" time="0.001" classname="com.test.invocationcounttest"/>
  <testcase name="sumtest" time="0.000" classname="com.test.invocationcounttest"/>
  <testcase name="sumtest" time="0.000" classname="com.test.invocationcounttest"/>
  <testcase name="sumtest" time="0.013" classname="com.test.invocationcounttest"/>
  <testcase name="sumtest" time="0.000" classname="com.test.invocationcounttest"/>
  <testcase name="sumtest" time="0.000" classname="com.test.invocationcounttest"/>
  <testcase name="sumtest" time="0.000" classname="com.test.invocationcounttest"/>
  <testcase name="sumtest" time="0.000" classname="com.test.invocationcounttest"/>
  <testcase name="sumtest" time="0.001" classname="com.test.invocationcounttest"/>
  <testcase name="sumtest" time="0.000" classname="com.test.invocationcounttest"/>
  <testcase name="sumtest" time="0.000" classname="com.test.invocationcounttest"/>
  <testcase name="sumtest" time="0.000" classname="com.test.invocationcounttest"/>
  <testcase name="sumtest" time="0.000" classname="com.test.invocationcounttest"/>
  <testcase name="sumtest" time="0.000" classname="com.test.invocationcounttest"/>
  <testcase name="sumtest" time="0.000" classname="com.test.invocationcounttest"/>
  <testcase name="sumtest" time="0.000" classname="com.test.invocationcounttest"/>
  <testcase name="sumtest" time="0.000" classname="com.test.invocationcounttest"/>
  <testcase name="sumtest" time="0.001" classname="com.test.invocationcounttest"/>
  <testcase name="sumtest" time="0.001" classname="com.test.invocationcounttest"/>
  <testcase name="sumtest" time="0.000" classname="com.test.invocationcounttest"/>
  <testcase name="sumtest" time="0.000" classname="com.test.invocationcounttest"/>
  <testcase name="sumtest" time="0.000" classname="com.test.invocationcounttest"/>
  <testcase name="sumtest" time="0.001" classname="com.test.invocationcounttest"/>
  <testcase name="sumtest" time="0.027" classname="com.test.invocationcounttest"/>
  <testcase name="sumtest" time="0.001" classname="com.test.invocationcounttest"/>
  <testcase name="sumtest" time="0.000" classname="com.test.invocationcounttest"/>
  <testcase name="sumtest" time="0.000" classname="com.test.invocationcounttest"/>
  <testcase name="sumtest" time="0.001" classname="com.test.invocationcounttest"/>
  <testcase name="sumtest" time="0.000" classname="com.test.invocationcounttest"/>
  <testcase name="sumtest" time="0.000" classname="com.test.invocationcounttest"/>
  <testcase name="sumtest" time="0.000" classname="com.test.invocationcounttest"/>
  <testcase name="sumtest" time="0.000" classname="com.test.invocationcounttest"/>
  <testcase name="sumtest" time="0.000" classname="com.test.invocationcounttest"/>
  <testcase name="sumtest" time="0.000" classname="com.test.invocationcounttest"/>
  <testcase name="sumtest" time="0.000" classname="com.test.invocationcounttest"/>
  <testcase name="sumtest" time="0.000" classname="com.test.invocationcounttest"/>
  <testcase name="sumtest" time="0.000" classname="com.test.invocationcounttest"/>
  <testcase name="sumtest" time="0.000" classname="com.test.invocationcounttest"/>
  <testcase name="sumtest" time="0.001" classname="com.test.invocationcounttest"/>
  <testcase name="sumtest" time="0.000" classname="com.test.invocationcounttest"/>
  <testcase name="sumtest" time="0.000" classname="com.test.invocationcounttest"/>
  <testcase name="sumtest" time="0.000" classname="com.test.invocationcounttest"/>
  <testcase name="sumtest" time="0.000" classname="com.test.invocationcounttest"/>
  <testcase name="sumtest" time="0.000" classname="com.test.invocationcounttest"/>
  <testcase name="sumtest" time="0.002" classname="com.test.invocationcounttest"/>
  <testcase name="sumtest" time="0.000" classname="com.test.invocationcounttest"/>
  <testcase name="sumtest" time="0.000" classname="com.test.invocationcounttest"/>
  <testcase name="sumtest" time="0.000" classname="com.test.invocationcounttest"/>
  <testcase name="sumtest" time="0.001" classname="com.test.invocationcounttest"/>
  <testcase name="sumtest" time="0.000" classname="com.test.invocationcounttest"/>
  <testcase name="sumtest" time="0.000" classname="com.test.invocationcounttest"/>
  <testcase name="sumtest" time="0.000" classname="com.test.invocationcounttest"/>
  <testcase name="sumtest" time="0.000" classname="com.test.invocationcounttest"/>
  <testcase name="sumtest" time="0.000" classname="com.test.invocationcounttest"/>
  <testcase name="sumtest" time="0.000" classname="com.test.invocationcounttest"/>
  <testcase name="sumtest" time="0.000" classname="com.test.invocationcounttest"/>
  <testcase name="sumtest" time="0.002" classname="com.test.invocationcounttest"/>
  <testcase name="sumtest" time="0.000" classname="com.test.invocationcounttest"/>
  <testcase name="sumtest" time="0.000" classname="com.test.invocationcounttest"/>
  <testcase name="sumtest" time="0.001" classname="com.test.invocationcounttest"/>
  <testcase name="sumtest" time="0.001" classname="com.test.invocationcounttest"/>
  <testcase name="sumtest" time="0.000" classname="com.test.invocationcounttest"/>
  <testcase name="sumtest" time="0.000" classname="com.test.invocationcounttest"/>
  <testcase name="sumtest" time="0.000" classname="com.test.invocationcounttest"/>
  <testcase name="sumtest" time="0.002" classname="com.test.invocationcounttest"/>
  <testcase name="sumtest" time="0.000" classname="com.test.invocationcounttest"/>
  <testcase name="sumtest" time="0.003" classname="com.test.invocationcounttest"/>
  <testcase name="sumtest" time="0.001" classname="com.test.invocationcounttest"/>
  <testcase name="sumtest" time="0.000" classname="com.test.invocationcounttest"/>
  <testcase name="sumtest" time="0.000" classname="com.test.invocationcounttest"/>
  <testcase name="sumtest" time="0.009" classname="com.test.invocationcounttest"/>
  <testcase name="sumtest" time="0.000" classname="com.test.invocationcounttest"/>
  <testcase name="sumtest" time="0.000" classname="com.test.invocationcounttest"/>
  <testcase name="sumtest" time="0.000" classname="com.test.invocationcounttest"/>
  <testcase name="sumtest" time="0.001" classname="com.test.invocationcounttest"/>
  <testcase name="sumtest" time="0.000" classname="com.test.invocationcounttest"/>
  <testcase name="sumtest" time="0.000" classname="com.test.invocationcounttest"/>
  <testcase name="sumtest" time="0.000" classname="com.test.invocationcounttest"/>
  <testcase name="sumtest" time="0.000" classname="com.test.invocationcounttest"/>
  <testcase name="sumtest" time="0.000" classname="com.test.invocationcounttest"/>
  <testcase name="sumtest" time="0.000" classname="com.test.invocationcounttest"/>
  <testcase name="sumtest" time="0.000" classname="com.test.invocationcounttest"/>
  <testcase name="sumtest" time="0.000" classname="com.test.invocationcounttest"/>
  <testcase name="sumtest" time="0.000" classname="com.test.invocationcounttest"/>
  <testcase name="sumtest" time="0.000" classname="com.test.invocationcounttest"/>
  <testcase name="sumtest" time="0.000" classname="com.test.invocationcounttest"/>
  <testcase name="sumtest" time="0.001" classname="com.test.invocationcounttest"/>
  <testcase name="sumtest" time="0.000" classname="com.test.invocationcounttest"/>
  <testcase name="sumtest" time="0.002" classname="com.test.invocationcounttest"/>
  <testcase name="sumtest" time="0.002" classname="com.test.invocationcounttest"/>
  <testcase name="sumtest" time="0.001" classname="com.test.invocationcounttest"/>
  <testcase name="sumtest" time="0.001" classname="com.test.invocationcounttest"/>
  <testcase name="sumtest" time="0.000" classname="com.test.invocationcounttest"/>
  <testcase name="sumtest" time="0.000" classname="com.test.invocationcounttest"/>
  <testcase name="sumtest" time="0.000" classname="com.test.invocationcounttest"/>
  <testcase name="sumtest" time="0.000" classname="com.test.invocationcounttest"/>
  <testcase name="sumtest" time="0.001" classname="com.test.invocationcounttest"/>
  <testcase name="sumtest" time="0.000" classname="com.test.invocationcounttest"/>
  <testcase name="sumtest" time="0.000" classname="com.test.invocationcounttest"/>
  <testcase name="sumtest" time="0.000" classname="com.test.invocationcounttest"/>
  <testcase name="sumtest" time="0.000" classname="com.test.invocationcounttest"/>
  <testcase name="sumtest" time="0.000" classname="com.test.invocationcounttest"/>
  <testcase name="sumtest" time="0.000" classname="com.test.invocationcounttest"/>
  <testcase name="sumtest" time="0.001" classname="com.test.invocationcounttest"/>
  <testcase name="sumtest" time="0.000" classname="com.test.invocationcounttest"/>
  <testcase name="sumtest" time="0.000" classname="com.test.invocationcounttest"/>
  <testcase name="sumtest" time="0.001" classname="com.test.invocationcounttest"/>
  <testcase name="sumtest" time="0.000" classname="com.test.invocationcounttest"/>
  <testcase name="sumtest" time="0.018" classname="com.test.invocationcounttest"/>
  <testcase name="sumtest" time="0.009" classname="com.test.invocationcounttest"/>
  <testcase name="sumtest" time="0.002" classname="com.test.invocationcounttest"/>
  <testcase name="sumtest" time="0.001" classname="com.test.invocationcounttest"/>
  <testcase name="sumtest" time="0.001" classname="com.test.invocationcounttest"/>
  <testcase name="sumtest" time="0.000" classname="com.test.invocationcounttest"/>
  <testcase name="sumtest" time="0.001" classname="com.test.invocationcounttest"/>
  <testcase name="sumtest" time="0.000" classname="com.test.invocationcounttest"/>
  <testcase name="sumtest" time="0.000" classname="com.test.invocationcounttest"/>
  <testcase name="sumtest" time="0.000" classname="com.test.invocationcounttest"/>
  <testcase name="sumtest" time="0.000" classname="com.test.invocationcounttest"/>
  <testcase name="sumtest" time="0.001" classname="com.test.invocationcounttest"/>
  <testcase name="sumtest" time="0.001" classname="com.test.invocationcounttest"/>
  <testcase name="sumtest" time="0.001" classname="com.test.invocationcounttest"/>
  <testcase name="sumtest" time="0.000" classname="com.test.invocationcounttest"/>
  <testcase name="sumtest" time="0.012" classname="com.test.invocationcounttest"/>
  <testcase name="sumtest" time="0.000" classname="com.test.invocationcounttest"/>
  <testcase name="sumtest" time="0.000" classname="com.test.invocationcounttest"/>
  <testcase name="sumtest" time="0.000" classname="com.test.invocationcounttest"/>
  <testcase name="sumtest" time="0.000" classname="com.test.invocationcounttest"/>
  <testcase name="sumtest" time="0.000" classname="com.test.invocationcounttest"/>
  <testcase name="sumtest" time="0.000" classname="com.test.invocationcounttest"/>
  <testcase name="sumtest" time="0.000" classname="com.test.invocationcounttest"/>
  <testcase name="sumtest" time="0.000" classname="com.test.invocationcounttest"/>
  <testcase name="sumtest" time="0.001" classname="com.test.invocationcounttest"/>
  <testcase name="sumtest" time="0.000" classname="com.test.invocationcounttest"/>
  <testcase name="sumtest" time="0.001" classname="com.test.invocationcounttest"/>
  <testcase name="sumtest" time="0.000" classname="com.test.invocationcounttest"/>
  <testcase name="sumtest" time="0.001" classname="com.test.invocationcounttest"/>
  <testcase name="sumtest" time="0.001" classname="com.test.invocationcounttest"/>
  <testcase name="sumtest" time="0.001" classname="com.test.invocationcounttest"/>
  <testcase name="sumtest" time="0.000" classname="com.test.invocationcounttest"/>
  <testcase name="sumtest" time="0.000" classname="com.test.invocationcounttest"/>
  <testcase name="sumtest" time="0.000" classname="com.test.invocationcounttest"/>
  <testcase name="sumtest" time="0.000" classname="com.test.invocationcounttest"/>
  <testcase name="sumtest" time="0.010" classname="com.test.invocationcounttest"/>
  <testcase name="sumtest" time="0.002" classname="com.test.invocationcounttest"/>
  <testcase name="sumtest" time="0.001" classname="com.test.invocationcounttest"/>
  <testcase name="sumtest" time="0.000" classname="com.test.invocationcounttest"/>
  <testcase name="sumtest" time="0.000" classname="com.test.invocationcounttest"/>
  <testcase name="sumtest" time="0.000" classname="com.test.invocationcounttest"/>
  <testcase name="sumtest" time="0.000" classname="com.test.invocationcounttest"/>
  <testcase name="sumtest" time="0.000" classname="com.test.invocationcounttest"/>
  <testcase name="sumtest" time="0.000" classname="com.test.invocationcounttest"/>
  <testcase name="sumtest" time="0.001" classname="com.test.invocationcounttest"/>
  <testcase name="sumtest" time="0.000" classname="com.test.invocationcounttest"/>
  <testcase name="sumtest" time="0.000" classname="com.test.invocationcounttest"/>
  <testcase name="sumtest" time="0.000" classname="com.test.invocationcounttest"/>
  <testcase name="sumtest" time="0.000" classname="com.test.invocationcounttest"/>
  <testcase name="sumtest" time="0.001" classname="com.test.invocationcounttest"/>
  <testcase name="sumtest" time="0.000" classname="com.test.invocationcounttest"/>
  <testcase name="sumtest" time="0.004" classname="com.test.invocationcounttest"/>
  <testcase name="sumtest" time="0.000" classname="com.test.invocationcounttest"/>
  <testcase name="sumtest" time="0.000" classname="com.test.invocationcounttest"/>
  <testcase name="sumtest" time="0.001" classname="com.test.invocationcounttest"/>
  <testcase name="sumtest" time="0.000" classname="com.test.invocationcounttest"/>
  <testcase name="sumtest" time="0.000" classname="com.test.invocationcounttest"/>
  <testcase name="sumtest" time="0.000" classname="com.test.invocationcounttest"/>
  <testcase name="sumtest" time="0.000" classname="com.test.invocationcounttest"/>
  <testcase name="sumtest" time="0.012" classname="com.test.invocationcounttest"/>
  <testcase name="sumtest" time="0.000" classname="com.test.invocationcounttest"/>
  <testcase name="sumtest" time="0.000" classname="com.test.invocationcounttest"/>
  <testcase name="sumtest" time="0.000" classname="com.test.invocationcounttest"/>
  <testcase name="sumtest" time="0.001" classname="com.test.invocationcounttest"/>
  <testcase name="sumtest" time="0.000" classname="com.test.invocationcounttest"/>
  <testcase name="sumtest" time="0.000" classname="com.test.invocationcounttest"/>
  <testcase name="sumtest" time="0.001" classname="com.test.invocationcounttest"/>
  <testcase name="sumtest" time="0.000" classname="com.test.invocationcounttest"/>
  <testcase name="sumtest" time="0.001" classname="com.test.invocationcounttest"/>
  <testcase name="sumtest" time="0.000" classname="com.test.invocationcounttest"/>
  <testcase name="sumtest" time="0.000" classname="com.test.invocationcounttest"/>
  <testcase name="sumtest" time="0.001" classname="com.test.invocationcounttest"/>
  <testcase name="sumtest" time="0.019" classname="com.test.invocationcounttest"/>
  <testcase name="sumtest" time="0.000" classname="com.test.invocationcounttest"/>
  <testcase name="sumtest" time="0.001" classname="com.test.invocationcounttest"/>
  <testcase name="sumtest" time="0.000" classname="com.test.invocationcounttest"/>
  <testcase name="sumtest" time="0.000" classname="com.test.invocationcounttest"/>
  <testcase name="sumtest" time="0.000" classname="com.test.invocationcounttest"/>
  <testcase name="sumtest" time="0.000" classname="com.test.invocationcounttest"/>
  <testcase name="sumtest" time="0.000" classname="com.test.invocationcounttest"/>
  <testcase name="sumtest" time="0.000" classname="com.test.invocationcounttest"/>
  <testcase name="sumtest" time="0.000" classname="com.test.invocationcounttest"/>
  <testcase name="sumtest" time="0.001" classname="com.test.invocationcounttest"/>
  <testcase name="sumtest" time="0.001" classname="com.test.invocationcounttest"/>
  <testcase name="sumtest" time="0.000" classname="com.test.invocationcounttest"/>
  <testcase name="sumtest" time="0.001" classname="com.test.invocationcounttest"/>
  <testcase name="sumtest" time="0.000" classname="com.test.invocationcounttest"/>
  <testcase name="sumtest" time="0.001" classname="com.test.invocationcounttest"/>
  <testcase name="sumtest" time="0.000" classname="com.test.invocationcounttest"/>
  <testcase name="sumtest" time="0.001" classname="com.test.invocationcounttest"/>
  <testcase name="sumtest" time="0.000" classname="com.test.invocationcounttest"/>
  <testcase name="sumtest" time="0.000" classname="com.test.invocationcounttest"/>
  <testcase name="sumtest" time="0.000" classname="com.test.invocationcounttest"/>
  <testcase name="sumtest" time="0.002" classname="com.test.invocationcounttest"/>
  <testcase name="sumtest" time="0.001" classname="com.test.invocationcounttest"/>
  <testcase name="sumtest" time="0.000" classname="com.test.invocationcounttest"/>
  <testcase name="sumtest" time="0.001" classname="com.test.invocationcounttest"/>
  <testcase name="sumtest" time="0.000" classname="com.test.invocationcounttest"/>
  <testcase name="sumtest" time="0.001" classname="com.test.invocationcounttest"/>
  <testcase name="sumtest" time="0.001" classname="com.test.invocationcounttest"/>
  <testcase name="sumtest" time="0.000" classname="com.test.invocationcounttest"/>
  <testcase name="sumtest" time="0.000" classname="com.test.invocationcounttest"/>
  <testcase name="sumtest" time="0.001" classname="com.test.invocationcounttest"/>
  <testcase name="sumtest" time="0.000" classname="com.test.invocationcounttest"/>
  <testcase name="sumtest" time="0.001" classname="com.test.invocationcounttest"/>
  <testcase name="sumtest" time="0.000" classname="com.test.invocationcounttest"/>
  <testcase name="sumtest" time="0.001" classname="com.test.invocationcounttest"/>
  <testcase name="sumtest" time="0.000" classname="com.test.invocationcounttest"/>
  <testcase name="sumtest" time="0.000" classname="com.test.invocationcounttest"/>
  <testcase name="sumtest" time="0.000" classname="com.test.invocationcounttest"/>
  <testcase name="sumtest" time="0.000" classname="com.test.invocationcounttest"/>
  <testcase name="sumtest" time="0.000" classname="com.test.invocationcounttest"/>
  <testcase name="sumtest" time="0.000" classname="com.test.invocationcounttest"/>
  <testcase name="sumtest" time="0.000" classname="com.test.invocationcounttest"/>
  <testcase name="sumtest" time="0.000" classname="com.test.invocationcounttest"/>
  <testcase name="sumtest" time="0.001" classname="com.test.invocationcounttest"/>
  <testcase name="sumtest" time="0.000" classname="com.test.invocationcounttest"/>
  <testcase name="sumtest" time="0.023" classname="com.test.invocationcounttest"/>
  <testcase name="sumtest" time="0.000" classname="com.test.invocationcounttest"/>
  <testcase name="sumtest" time="0.000" classname="com.test.invocationcounttest"/>
  <testcase name="sumtest" time="0.000" classname="com.test.invocationcounttest"/>
  <testcase name="sumtest" time="0.025" classname="com.test.invocationcounttest"/>
  <testcase name="sumtest" time="0.000" classname="com.test.invocationcounttest"/>
  <testcase name="sumtest" time="0.001" classname="com.test.invocationcounttest"/>
  <testcase name="sumtest" time="0.000" classname="com.test.invocationcounttest"/>
  <testcase name="sumtest" time="0.017" classname="com.test.invocationcounttest"/>
  <testcase name="sumtest" time="0.001" classname="com.test.invocationcounttest"/>
  <testcase name="sumtest" time="0.000" classname="com.test.invocationcounttest"/>
  <testcase name="sumtest" time="0.010" classname="com.test.invocationcounttest"/>
  <testcase name="sumtest" time="0.000" classname="com.test.invocationcounttest"/>
  <testcase name="sumtest" time="0.000" classname="com.test.invocationcounttest"/>
  <testcase name="sumtest" time="0.014" classname="com.test.invocationcounttest"/>
  <testcase name="sumtest" time="0.000" classname="com.test.invocationcounttest"/>
  <testcase name="sumtest" time="0.000" classname="com.test.invocationcounttest"/>
  <testcase name="sumtest" time="0.000" classname="com.test.invocationcounttest"/>
  <testcase name="sumtest" time="0.000" classname="com.test.invocationcounttest"/>
  <testcase name="sumtest" time="0.001" classname="com.test.invocationcounttest"/>
  <testcase name="sumtest" time="0.000" classname="com.test.invocationcounttest"/>
  <testcase name="sumtest" time="0.000" classname="com.test.invocationcounttest"/>
  <testcase name="sumtest" time="0.001" classname="com.test.invocationcounttest"/>
  <testcase name="sumtest" time="0.001" classname="com.test.invocationcounttest"/>
  <testcase name="sumtest" time="0.000" classname="com.test.invocationcounttest"/>
  <testcase name="sumtest" time="0.000" classname="com.test.invocationcounttest"/>
  <testcase name="sumtest" time="0.000" classname="com.test.invocationcounttest"/>
  <testcase name="sumtest" time="0.000" classname="com.test.invocationcounttest"/>
  <testcase name="sumtest" time="0.000" classname="com.test.invocationcounttest"/>
  <testcase name="sumtest" time="0.000" classname="com.test.invocationcounttest"/>
  <testcase name="sumtest" time="0.001" classname="com.test.invocationcounttest"/>
  <testcase name="sumtest" time="0.000" classname="com.test.invocationcounttest"/>
  <testcase name="sumtest" time="0.000" classname="com.test.invocationcounttest"/>
  <testcase name="sumtest" time="0.001" classname="com.test.invocationcounttest"/>
  <testcase name="sumtest" time="0.000" classname="com.test.invocationcounttest"/>
  <testcase name="sumtest" time="0.001" classname="com.test.invocationcounttest"/>
  <testcase name="sumtest" time="0.000" classname="com.test.invocationcounttest"/>
  <testcase name="sumtest" time="0.001" classname="com.test.invocationcounttest"/>
  <testcase name="sumtest" time="0.001" classname="com.test.invocationcounttest"/>
  <testcase name="sumtest" time="0.000" classname="com.test.invocationcounttest"/>
  <testcase name="sumtest" time="0.000" classname="com.test.invocationcounttest"/>
  <testcase name="sumtest" time="0.000" classname="com.test.invocationcounttest"/>
  <testcase name="sumtest" time="0.002" classname="com.test.invocationcounttest"/>
  <testcase name="sumtest" time="0.000" classname="com.test.invocationcounttest"/>
  <testcase name="sumtest" time="0.000" classname="com.test.invocationcounttest"/>
  <testcase name="sumtest" time="0.000" classname="com.test.invocationcounttest"/>
  <testcase name="sumtest" time="0.000" classname="com.test.invocationcounttest"/>
  <testcase name="sumtest" time="0.000" classname="com.test.invocationcounttest"/>
  <testcase name="sumtest" time="0.000" classname="com.test.invocationcounttest"/>
  <testcase name="sumtest" time="0.011" classname="com.test.invocationcounttest"/>
  <testcase name="sumtest" time="0.000" classname="com.test.invocationcounttest"/>
  <testcase name="sumtest" time="0.001" classname="com.test.invocationcounttest"/>
  <testcase name="sumtest" time="0.000" classname="com.test.invocationcounttest"/>
  <testcase name="sumtest" time="0.000" classname="com.test.invocationcounttest"/>
  <testcase name="sumtest" time="0.001" classname="com.test.invocationcounttest"/>
  <testcase name="sumtest" time="0.000" classname="com.test.invocationcounttest"/>
  <testcase name="sumtest" time="0.001" classname="com.test.invocationcounttest"/>
  <testcase name="sumtest" time="0.000" classname="com.test.invocationcounttest"/>
  <testcase name="sumtest" time="0.000" classname="com.test.invocationcounttest"/>
  <testcase name="sumtest" time="0.000" classname="com.test.invocationcounttest"/>
  <testcase name="sumtest" time="0.000" classname="com.test.invocationcounttest"/>
  <testcase name="sumtest" time="0.000" classname="com.test.invocationcounttest"/>
  <testcase name="sumtest" time="0.000" classname="com.test.invocationcounttest"/>
  <testcase name="sumtest" time="0.013" classname="com.test.invocationcounttest"/>
  <testcase name="sumtest" time="0.001" classname="com.test.invocationcounttest"/>
  <testcase name="sumtest" time="0.000" classname="com.test.invocationcounttest"/>
  <testcase name="sumtest" time="0.000" classname="com.test.invocationcounttest"/>
  <testcase name="sumtest" time="0.000" classname="com.test.invocationcounttest"/>
  <testcase name="sumtest" time="0.000" classname="com.test.invocationcounttest"/>
  <testcase name="sumtest" time="0.000" classname="com.test.invocationcounttest"/>
  <testcase name="sumtest" time="0.000" classname="com.test.invocationcounttest"/>
  <testcase name="sumtest" time="0.000" classname="com.test.invocationcounttest"/>
  <testcase name="sumtest" time="0.000" classname="com.test.invocationcounttest"/>
  <testcase name="sumtest" time="0.007" classname="com.test.invocationcounttest"/>
  <testcase name="sumtest" time="0.000" classname="com.test.invocationcounttest"/>
  <testcase name="sumtest" time="0.000" classname="com.test.invocationcounttest"/>
  <testcase name="sumtest" time="0.001" classname="com.test.invocationcounttest"/>
  <testcase name="sumtest" time="0.001" classname="com.test.invocationcounttest"/>
  <testcase name="sumtest" time="0.000" classname="com.test.invocationcounttest"/>
  <testcase name="sumtest" time="0.016" classname="com.test.invocationcounttest"/>
  <testcase name="sumtest" time="0.000" classname="com.test.invocationcounttest"/>
  <testcase name="sumtest" time="0.000" classname="com.test.invocationcounttest"/>
  <testcase name="sumtest" time="0.000" classname="com.test.invocationcounttest"/>
  <testcase name="sumtest" time="0.000" classname="com.test.invocationcounttest"/>
  <testcase name="sumtest" time="0.000" classname="com.test.invocationcounttest"/>
  <testcase name="sumtest" time="0.000" classname="com.test.invocationcounttest"/>
  <testcase name="sumtest" time="0.000" classname="com.test.invocationcounttest"/>
  <testcase name="sumtest" time="0.001" classname="com.test.invocationcounttest"/>
  <testcase name="sumtest" time="0.001" classname="com.test.invocationcounttest"/>
  <testcase name="sumtest" time="0.000" classname="com.test.invocationcounttest"/>
  <testcase name="sumtest" time="0.001" classname="com.test.invocationcounttest"/>
  <testcase name="sumtest" time="0.000" classname="com.test.invocationcounttest"/>
  <testcase name="sumtest" time="0.000" classname="com.test.invocationcounttest"/>
  <testcase name="sumtest" time="0.000" classname="com.test.invocationcounttest"/>
  <testcase name="sumtest" time="0.001" classname="com.test.invocationcounttest"/>
  <testcase name="sumtest" time="0.000" classname="com.test.invocationcounttest"/>
  <testcase name="sumtest" time="0.000" classname="com.test.invocationcounttest"/>
  <testcase name="sumtest" time="0.002" classname="com.test.invocationcounttest"/>
  <testcase name="sumtest" time="0.001" classname="com.test.invocationcounttest"/>
  <testcase name="sumtest" time="0.000" classname="com.test.invocationcounttest"/>
  <testcase name="sumtest" time="0.001" classname="com.test.invocationcounttest"/>
  <testcase name="sumtest" time="0.000" classname="com.test.invocationcounttest"/>
  <testcase name="sumtest" time="0.000" classname="com.test.invocationcounttest"/>
  <testcase name="sumtest" time="0.000" classname="com.test.invocationcounttest"/>
  <testcase name="sumtest" time="0.000" classname="com.test.invocationcounttest"/>
  <testcase name="sumtest" time="0.000" classname="com.test.invocationcounttest"/>
  <testcase name="sumtest" time="0.001" classname="com.test.invocationcounttest"/>
  <testcase name="sumtest" time="0.000" classname="com.test.invocationcounttest"/>
  <testcase name="sumtest" time="0.001" classname="com.test.invocationcounttest"/>
  <testcase name="sumtest" time="0.003" classname="com.test.invocationcounttest"/>
  <testcase name="sumtest" time="0.000" classname="com.test.invocationcounttest"/>
  <testcase name="sumtest" time="0.000" classname="com.test.invocationcounttest"/>
  <testcase name="sumtest" time="0.000" classname="com.test.invocationcounttest"/>
  <testcase name="sumtest" time="0.001" classname="com.test.invocationcounttest"/>
  <testcase name="sumtest" time="0.001" classname="com.test.invocationcounttest"/>
  <testcase name="sumtest" time="0.001" classname="com.test.invocationcounttest"/>
  <testcase name="sumtest" time="0.000" classname="com.test.invocationcounttest"/>
  <testcase name="sumtest" time="0.000" classname="com.test.invocationcounttest"/>
  <testcase name="sumtest" time="0.000" classname="com.test.invocationcounttest"/>
  <testcase name="sumtest" time="0.000" classname="com.test.invocationcounttest"/>
  <testcase name="sumtest" time="0.000" classname="com.test.invocationcounttest"/>
  <testcase name="sumtest" time="0.001" classname="com.test.invocationcounttest"/>
  <testcase name="sumtest" time="0.000" classname="com.test.invocationcounttest"/>
  <testcase name="sumtest" time="0.020" classname="com.test.invocationcounttest"/>
  <testcase name="sumtest" time="0.001" classname="com.test.invocationcounttest"/>
  <testcase name="sumtest" time="0.000" classname="com.test.invocationcounttest"/>
  <testcase name="sumtest" time="0.000" classname="com.test.invocationcounttest"/>
  <testcase name="sumtest" time="0.001" classname="com.test.invocationcounttest"/>
  <testcase name="sumtest" time="0.001" classname="com.test.invocationcounttest"/>
  <testcase name="sumtest" time="0.001" classname="com.test.invocationcounttest"/>
  <testcase name="sumtest" time="0.001" classname="com.test.invocationcounttest"/>
  <testcase name="sumtest" time="0.001" classname="com.test.invocationcounttest"/>
  <testcase name="sumtest" time="0.000" classname="com.test.invocationcounttest"/>
  <testcase name="sumtest" time="0.000" classname="com.test.invocationcounttest"/>
  <testcase name="sumtest" time="0.000" classname="com.test.invocationcounttest"/>
  <testcase name="sumtest" time="0.001" classname="com.test.invocationcounttest"/>
  <testcase name="sumtest" time="0.000" classname="com.test.invocationcounttest"/>
  <testcase name="sumtest" time="0.001" classname="com.test.invocationcounttest"/>
  <testcase name="sumtest" time="0.000" classname="com.test.invocationcounttest"/>
  <testcase name="sumtest" time="0.001" classname="com.test.invocationcounttest"/>
  <testcase name="sumtest" time="0.001" classname="com.test.invocationcounttest"/>
  <testcase name="sumtest" time="0.000" classname="com.test.invocationcounttest"/>
  <testcase name="sumtest" time="0.000" classname="com.test.invocationcounttest"/>
  <testcase name="sumtest" time="0.000" classname="com.test.invocationcounttest"/>
  <testcase name="sumtest" time="0.000" classname="com.test.invocationcounttest"/>
[...]
  <testcase name="sumtest" time="0.000" classname="com.test.invocationcounttest"/>
  <testcase name="sumtest" time="0.000" classname="com.test.invocationcounttest"/>
  <testcase name="sumtest" time="0.001" classname="com.test.invocationcounttest"/>
  <testcase name="sumtest" time="0.001" classname="com.test.invocationcounttest"/>
  <testcase name="sumtest" time="0.001" classname="com.test.invocationcounttest"/>
  <testcase name="sumtest" time="0.001" classname="com.test.invocationcounttest"/>
  <testcase name="sumtest" time="0.000" classname="com.test.invocationcounttest"/>
  <testcase name="sumtest" time="0.000" classname="com.test.invocationcounttest"/>
  <testcase name="sumtest" time="0.000" classname="com.test.invocationcounttest"/>
  <testcase name="sumtest" time="0.000" classname="com.test.invocationcounttest"/>
  <testcase name="sumtest" time="0.000" classname="com.test.invocationcounttest"/>
  <testcase name="sumtest" time="0.000" classname="com.test.invocationcounttest"/>
  <testcase name="sumtest" time="0.001" classname="com.test.invocationcounttest"/>
  <testcase name="sumtest" time="0.000" classname="com.test.invocationcounttest"/>
  <testcase name="sumtest" time="0.000" classname="com.test.invocationcounttest"/>
  <testcase name="sumtest" time="0.000" classname="com.test.invocationcounttest"/>
  <testcase name="sumtest" time="0.000" classname="com.test.invocationcounttest"/>
  <testcase name="sumtest" time="0.000" classname="com.test.invocationcounttest"/>
  <testcase name="sumtest" time="0.001" classname="com.test.invocationcounttest"/>
  <testcase name="sumtest" time="0.000" classname="com.test.invocationcounttest"/>
  <testcase name="sumtest" time="0.000" classname="com.test.invocationcounttest"/>
  <testcase name="sumtest" time="0.002" classname="com.test.invocationcounttest"/>
  <testcase name="sumtest" time="0.000" classname="com.test.invocationcounttest"/>
  <testcase name="sumtest" time="0.000" classname="com.test.invocationcounttest"/>
  <testcase name="sumtest" time="0.000" classname="com.test.invocationcounttest"/>
  <testcase name="sumtest" time="0.000" classname="com.test.invocationcounttest"/>
  <testcase name="sumtest" time="0.000" classname="com.test.invocationcounttest"/>
  <testcase name="sumtest" time="0.000" classname="com.test.invocationcounttest"/>
  <testcase name="sumtest" time="0.000" classname="com.test.invocationcounttest"/>
  <testcase name="sumtest" time="0.001" classname="com.test.invocationcounttest"/>
  <testcase name="sumtest" time="0.000" classname="com.test.invocationcounttest"/>
  <testcase name="sumtest" time="0.000" classname="com.test.invocationcounttest"/>
  <testcase name="sumtest" time="0.001" classname="com.test.invocationcounttest"/>
  <testcase name="sumtest" time="0.000" classname="com.test.invocationcounttest"/>
  <testcase name="sumtest" time="0.000" classname="com.test.invocationcounttest"/>
  <testcase name="sumtest" time="0.000" classname="com.test.invocationcounttest"/>
  <testcase name="sumtest" time="0.000" classname="com.test.invocationcounttest"/>
  <testcase name="sumtest" time="0.000" classname="com.test.invocationcounttest"/>
  <testcase name="sumtest" time="0.001" classname="com.test.invocationcounttest"/>
  <testcase name="sumtest" time="0.000" classname="com.test.invocationcounttest"/>
  <testcase name="sumtest" time="0.001" classname="com.test.invocationcounttest"/>
  <testcase name="sumtest" time="0.000" classname="com.test.invocationcounttest"/>
  <testcase name="sumtest" time="0.000" classname="com.test.invocationcounttest"/>
  <testcase name="sumtest" time="0.000" classname="com.test.invocationcounttest"/>
  <testcase name="sumtest" time="0.000" classname="com.test.invocationcounttest"/>
  <testcase name="sumtest" time="0.000" classname="com.test.invocationcounttest"/>
  <testcase name="sumtest" time="0.000" classname="com.test.invocationcounttest"/>
  <testcase name="sumtest" time="0.000" classname="com.test.invocationcounttest"/>
  <testcase name="sumtest" time="0.000" classname="com.test.invocationcounttest"/>
  <testcase name="sumtest" time="0.000" classname="com.test.invocationcounttest"/>
  <testcase name="sumtest" time="0.000" classname="com.test.invocationcounttest"/>
  <testcase name="sumtest" time="0.000" classname="com.test.invocationcounttest"/>
  <testcase name="sumtest" time="0.001" classname="com.test.invocationcounttest"/>
  <testcase name="sumtest" time="0.000" classname="com.test.invocationcounttest"/>
  <testcase name="sumtest" time="0.000" classname="com.test.invocationcounttest"/>
  <testcase name="sumtest" time="0.000" classname="com.test.invocationcounttest"/>
  <testcase name="sumtest" time="0.000" classname="com.test.invocationcounttest"/>
  <testcase name="sumtest" time="0.000" classname="com.test.invocationcounttest"/>
  <testcase name="sumtest" time="0.000" classname="com.test.invocationcounttest"/>
  <testcase name="sumtest" time="0.001" classname="com.test.invocationcounttest"/>
  <testcase name="sumtest" time="0.000" classname="com.test.invocationcounttest"/>
  <testcase name="sumtest" time="0.000" classname="com.test.invocationcounttest"/>
  <testcase name="sumtest" time="0.000" classname="com.test.invocationcounttest"/>
  <testcase name="sumtest" time="0.001" classname="com.test.invocationcounttest"/>
  <testcase name="sumtest" time="0.000" classname="com.test.invocationcounttest"/>
  <testcase name="sumtest" time="0.000" classname="com.test.invocationcounttest"/>
  <testcase name="sumtest" time="0.000" classname="com.test.invocationcounttest"/>
  <testcase name="sumtest" time="0.000" classname="com.test.invocationcounttest"/>
  <testcase name="sumtest" time="0.001" classname="com.test.invocationcounttest"/>
  <testcase name="sumtest" time="0.000" classname="com.test.invocationcounttest"/>
  <testcase name="sumtest" time="0.000" classname="com.test.invocationcounttest"/>
  <testcase name="sumtest" time="0.000" classname="com.test.invocationcounttest"/>
  <testcase name="sumtest" time="0.000" classname="com.test.invocationcounttest"/>
  <testcase name="sumtest" time="0.002" classname="com.test.invocationcounttest"/>
  <testcase name="sumtest" time="0.001" classname="com.test.invocationcounttest"/>
  <testcase name="sumtest" time="0.000" classname="com.test.invocationcounttest"/>
  <testcase name="sumtest" time="0.000" classname="com.test.invocationcounttest"/>
  <testcase name="sumtest" time="0.001" classname="com.test.invocationcounttest"/>
  <testcase name="sumtest" time="0.001" classname="com.test.invocationcounttest"/>
  <testcase name="sumtest" time="0.002" classname="com.test.invocationcounttest"/>
  <testcase name="sumtest" time="0.011" classname="com.test.invocationcounttest"/>
  <testcase name="sumtest" time="0.001" classname="com.test.invocationcounttest"/>
  <testcase name="sumtest" time="0.000" classname="com.test.invocationcounttest"/>
  <testcase name="sumtest" time="0.001" classname="com.test.invocationcounttest"/>
  <testcase name="sumtest" time="0.000" classname="com.test.invocationcounttest"/>
  <testcase name="sumtest" time="0.000" classname="com.test.invocationcounttest"/>
  <testcase name="sumtest" time="0.001" classname="com.test.invocationcounttest"/>
  <testcase name="sumtest" time="0.001" classname="com.test.invocationcounttest"/>
  <testcase name="sumtest" time="0.000" classname="com.test.invocationcounttest"/>
  <testcase name="sumtest" time="0.001" classname="com.test.invocationcounttest"/>
  <testcase name="sumtest" time="0.001" classname="com.test.invocationcounttest"/>
  <testcase name="sumtest" time="0.000" classname="com.test.invocationcounttest"/>
  <testcase name="sumtest" time="0.000" classname="com.test.invocationcounttest"/>
  <testcase name="sumtest" time="0.001" classname="com.test.invocationcounttest"/>
  <testcase name="sumtest" time="0.000" classname="com.test.invocationcounttest"/>
  <testcase name="sumtest" time="0.001" classname="com.test.invocationcounttest"/>
  <testcase name="sumtest" time="0.000" classname="com.test.invocationcounttest"/>
  <testcase name="sumtest" time="0.000" classname="com.test.invocationcounttest"/>
  <testcase name="sumtest" time="0.002" classname="com.test.invocationcounttest"/>
  <testcase name="sumtest" time="0.000" classname="com.test.invocationcounttest"/>
  <testcase name="sumtest" time="0.000" classname="com.test.invocationcounttest"/>
  <testcase name="sumtest" time="0.003" classname="com.test.invocationcounttest"/>
  <testcase name="sumtest" time="0.000" classname="com.test.invocationcounttest"/>
  <testcase name="sumtest" time="0.000" classname="com.test.invocationcounttest"/>
  <testcase name="sumtest" time="0.001" classname="com.test.invocationcounttest"/>
  <testcase name="sumtest" time="0.008" classname="com.test.invocationcounttest"/>
  <testcase name="sumtest" time="0.000" classname="com.test.invocationcounttest"/>
  <testcase name="sumtest" time="0.000" classname="com.test.invocationcounttest"/>
  <testcase name="sumtest" time="0.000" classname="com.test.invocationcounttest"/>
  <testcase name="sumtest" time="0.001" classname="com.test.invocationcounttest"/>
  <testcase name="sumtest" time="0.011" classname="com.test.invocationcounttest"/>
  <testcase name="sumtest" time="0.000" classname="com.test.invocationcounttest"/>
  <testcase name="sumtest" time="0.001" classname="com.test.invocationcounttest"/>
  <testcase name="sumtest" time="0.000" classname="com.test.invocationcounttest"/>
  <testcase name="sumtest" time="0.000" classname="com.test.invocationcounttest"/>
  <testcase name="sumtest" time="0.000" classname="com.test.invocationcounttest"/>
  <testcase name="sumtest" time="0.001" classname="com.test.invocationcounttest"/>
  <testcase name="sumtest" time="0.000" classname="com.test.invocationcounttest"/>
  <testcase name="sumtest" time="0.000" classname="com.test.invocationcounttest"/>
  <testcase name="sumtest" time="0.000" classname="com.test.invocationcounttest"/>
  <testcase name="sumtest" time="0.000" classname="com.test.invocationcounttest"/>
  <testcase name="sumtest" time="0.000" classname="com.test.invocationcounttest"/>
  <testcase name="sumtest" time="0.000" classname="com.test.invocationcounttest"/>
  <testcase name="sumtest" time="0.000" classname="com.test.invocationcounttest"/>
  <testcase name="sumtest" time="0.000" classname="com.test.invocationcounttest"/>
  <testcase name="sumtest" time="0.001" classname="com.test.invocationcounttest"/>
  <testcase name="sumtest" time="0.001" classname="com.test.invocationcounttest"/>
  <testcase name="sumtest" time="0.012" classname="com.test.invocationcounttest"/>
  <testcase name="sumtest" time="0.000" classname="com.test.invocationcounttest"/>
  <testcase name="sumtest" time="0.000" classname="com.test.invocationcounttest"/>
  <testcase name="sumtest" time="0.000" classname="com.test.invocationcounttest"/>
  <testcase name="sumtest" time="0.013" classname="com.test.invocationcounttest"/>
  <testcase name="sumtest" time="0.001" classname="com.test.invocationcounttest"/>
  <testcase name="sumtest" time="0.000" classname="com.test.invocationcounttest"/>
  <testcase name="sumtest" time="0.000" classname="com.test.invocationcounttest"/>
  <testcase name="sumtest" time="0.000" classname="com.test.invocationcounttest"/>
  <testcase name="sumtest" time="0.000" classname="com.test.invocationcounttest"/>
  <testcase name="sumtest" time="0.000" classname="com.test.invocationcounttest"/>
  <testcase name="sumtest" time="0.001" classname="com.test.invocationcounttest"/>
  <testcase name="sumtest" time="0.000" classname="com.test.invocationcounttest"/>
  <testcase name="sumtest" time="0.000" classname="com.test.invocationcounttest"/>
  <testcase name="sumtest" time="0.000" classname="com.test.invocationcounttest"/>
  <testcase name="sumtest" time="0.000" classname="com.test.invocationcounttest"/>
  <testcase name="sumtest" time="0.000" classname="com.test.invocationcounttest"/>
  <testcase name="sumtest" time="0.001" classname="com.test.invocationcounttest"/>
  <testcase name="sumtest" time="0.001" classname="com.test.invocationcounttest"/>
  <testcase name="sumtest" time="0.001" classname="com.test.invocationcounttest"/>
  <testcase name="sumtest" time="0.001" classname="com.test.invocationcounttest"/>
  <testcase name="sumtest" time="0.000" classname="com.test.invocationcounttest"/>
  <testcase name="sumtest" time="0.000" classname="com.test.invocationcounttest"/>
  <testcase name="sumtest" time="0.001" classname="com.test.invocationcounttest"/>
  <testcase name="sumtest" time="0.001" classname="com.test.invocationcounttest"/>
  <testcase name="sumtest" time="0.001" classname="com.test.invocationcounttest"/>
  <testcase name="sumtest" time="0.001" classname="com.test.invocationcounttest"/>
  <testcase name="sumtest" time="0.000" classname="com.test.invocationcounttest"/>
  <testcase name="sumtest" time="0.001" classname="com.test.invocationcounttest"/>
  <testcase name="sumtest" time="0.000" classname="com.test.invocationcounttest"/>
  <testcase name="sumtest" time="0.001" classname="com.test.invocationcounttest"/>
  <testcase name="sumtest" time="0.000" classname="com.test.invocationcounttest"/>
  <testcase name="sumtest" time="0.001" classname="com.test.invocationcounttest"/>
  <testcase name="sumtest" time="0.001" classname="com.test.invocationcounttest"/>
  <testcase name="sumtest" time="0.001" classname="com.test.invocationcounttest"/>
  <testcase name="sumtest" time="0.000" classname="com.test.invocationcounttest"/>
  <testcase name="sumtest" time="0.001" classname="com.test.invocationcounttest"/>
  <testcase name="sumtest" time="0.000" classname="com.test.invocationcounttest"/>
  <testcase name="sumtest" time="0.001" classname="com.test.invocationcounttest"/>
  <testcase name="sumtest" time="0.001" classname="com.test.invocationcounttest"/>
  <testcase name="sumtest" time="0.000" classname="com.test.invocationcounttest"/>
  <testcase name="sumtest" time="0.001" classname="com.test.invocationcounttest"/>
  <testcase name="sumtest" time="0.001" classname="com.test.invocationcounttest"/>
  <testcase name="sumtest" time="0.000" classname="com.test.invocationcounttest"/>
  <testcase name="sumtest" time="0.000" classname="com.test.invocationcounttest"/>
  <testcase name="sumtest" time="0.000" classname="com.test.invocationcounttest"/>
  <testcase name="sumtest" time="0.000" classname="com.test.invocationcounttest"/>
  <testcase name="sumtest" time="0.000" classname="com.test.invocationcounttest"/>
  <testcase name="sumtest" time="0.009" classname="com.test.invocationcounttest"/>
  <testcase name="sumtest" time="0.001" classname="com.test.invocationcounttest"/>
  <testcase name="sumtest" time="0.002" classname="com.test.invocationcounttest"/>
  <testcase name="sumtest" time="0.000" classname="com.test.invocationcounttest"/>
  <testcase name="sumtest" time="0.001" classname="com.test.invocationcounttest"/>
  <testcase name="sumtest" time="0.000" classname="com.test.invocationcounttest"/>
  <testcase name="sumtest" time="0.000" classname="com.test.invocationcounttest"/>
  <testcase name="sumtest" time="0.000" classname="com.test.invocationcounttest"/>
  <testcase name="sumtest" time="0.001" classname="com.test.invocationcounttest"/>
  <testcase name="sumtest" time="0.000" classname="com.test.invocationcounttest"/>
  <testcase name="sumtest" time="0.000" classname="com.test.invocationcounttest"/>
  <testcase name="sumtest" time="0.001" classname="com.test.invocationcounttest"/>
  <testcase name="sumtest" time="0.000" classname="com.test.invocationcounttest"/>
  <testcase name="sumtest" time="0.014" classname="com.test.invocationcounttest"/>
  <testcase name="sumtest" time="0.000" classname="com.test.invocationcounttest"/>
  <testcase name="sumtest" time="0.001" classname="com.test.invocationcounttest"/>
  <testcase name="sumtest" time="0.000" classname="com.test.invocationcounttest"/>
  <testcase name="sumtest" time="0.000" classname="com.test.invocationcounttest"/>
  <testcase name="sumtest" time="0.000" classname="com.test.invocationcounttest"/>
  <testcase name="sumtest" time="0.001" classname="com.test.invocationcounttest"/>
  <testcase name="sumtest" time="0.001" classname="com.test.invocationcounttest"/>
  <testcase name="sumtest" time="0.000" classname="com.test.invocationcounttest"/>
  <testcase name="sumtest" time="0.001" classname="com.test.invocationcounttest"/>
  <testcase name="sumtest" time="0.000" classname="com.test.invocationcounttest"/>
  <testcase name="sumtest" time="0.001" classname="com.test.invocationcounttest"/>
  <testcase name="sumtest" time="0.001" classname="com.test.invocationcounttest"/>
  <testcase name="sumtest" time="0.000" classname="com.test.invocationcounttest"/>
  <testcase name="sumtest" time="0.000" classname="com.test.invocationcounttest"/>
  <testcase name="sumtest" time="0.000" classname="com.test.invocationcounttest"/>
  <testcase name="sumtest" time="0.000" classname="com.test.invocationcounttest"/>
  <testcase name="sumtest" time="0.000" classname="com.test.invocationcounttest"/>
  <testcase name="sumtest" time="0.000" classname="com.test.invocationcounttest"/>
  <testcase name="sumtest" time="0.000" classname="com.test.invocationcounttest"/>
  <testcase name="sumtest" time="0.001" classname="com.test.invocationcounttest"/>
  <testcase name="sumtest" time="0.000" classname="com.test.invocationcounttest"/>
  <testcase name="sumtest" time="0.002" classname="com.test.invocationcounttest"/>
  <testcase name="sumtest" time="0.001" classname="com.test.invocationcounttest"/>
  <testcase name="sumtest" time="0.001" classname="com.test.invocationcounttest"/>
  <testcase name="sumtest" time="0.000" classname="com.test.invocationcounttest"/>
  <testcase name="sumtest" time="0.001" classname="com.test.invocationcounttest"/>
  <testcase name="sumtest" time="0.000" classname="com.test.invocationcounttest"/>
  <testcase name="sumtest" time="0.001" classname="com.test.invocationcounttest"/>
  <testcase name="sumtest" time="0.000" classname="com.test.invocationcounttest"/>
  <testcase name="sumtest" time="0.001" classname="com.test.invocationcounttest"/>
  <testcase name="sumtest" time="0.000" classname="com.test.invocationcounttest"/>
  <testcase name="sumtest" time="0.001" classname="com.test.invocationcounttest"/>
  <testcase name="sumtest" time="0.000" classname="com.test.invocationcounttest"/>
  <testcase name="sumtest" time="0.000" classname="com.test.invocationcounttest"/>
  <testcase name="sumtest" time="0.000" classname="com.test.invocationcounttest"/>
  <testcase name="sumtest" time="0.001" classname="com.test.invocationcounttest"/>
  <testcase name="sumtest" time="0.000" classname="com.test.invocationcounttest"/>
  <testcase name="sumtest" time="0.012" classname="com.test.invocationcounttest"/>
  <testcase name="sumtest" time="0.000" classname="com.test.invocationcounttest"/>
  <testcase name="sumtest" time="0.000" classname="com.test.invocationcounttest"/>
  <testcase name="sumtest" time="0.000" classname="com.test.invocationcounttest"/>
  <testcase name="sumtest" time="0.001" classname="com.test.invocationcounttest"/>
  <testcase name="sumtest" time="0.000" classname="com.test.invocationcounttest"/>
  <testcase name="sumtest" time="0.001" classname="com.test.invocationcounttest"/>
  <testcase name="sumtest" time="0.000" classname="com.test.invocationcounttest"/>
  <testcase name="sumtest" time="0.000" classname="com.test.invocationcounttest"/>
  <testcase name="sumtest" time="0.000" classname="com.test.invocationcounttest"/>
  <testcase name="sumtest" time="0.001" classname="com.test.invocationcounttest"/>
  <testcase name="sumtest" time="0.000" classname="com.test.invocationcounttest"/>
  <testcase name="sumtest" time="0.001" classname="com.test.invocationcounttest"/>
  <testcase name="sumtest" time="0.001" classname="com.test.invocationcounttest"/>
</testsuite> <!-- com.test.invocationcounttest -->
