<?xml version="1.0" encoding="UTF-8"?>
<!-- Generated by org.testng.reporters.JUnitXMLReporter -->
<testsuite hostname="admin-PC" ignored="0" name="testGuru" tests="3" failures="0" timestamp="08 Jun 2019 09:54:26 GMT" time="72.046" errors="0">
  <testcase name="openbrowser" time="59.492" classname="priority.Priorityexample"/>
  <testcase name="search" time="7.954" classname="priority.Priorityexample"/>
  <testcase name="tearDown" time="4.51" classname="priority.Priorityexample"/>
</testsuite> <!-- testGuru -->
