<?xml version="1.0" encoding="UTF-8"?>
<!-- Generated by org.testng.reporters.JUnitXMLReporter -->
<testsuite hostname="admin-PC" ignored="0" name=" Second Test Name" tests="4" failures="0" timestamp="16 May 2019 04:00:17 GMT" time="0.016" errors="0">
  <testcase name="firstmethod" time="0.001" classname="com.book.package1.secondtest"/>
  <testcase name="secondmethod" time="0.001" classname="com.book.package1.secondtest"/>
  <testcase name="firstmethod" time="0.004" classname="com.book.package2.secondtest"/>
  <testcase name="secondmethod" time="0.002" classname="com.book.package2.secondtest"/>
</testsuite> <!--  Second Test Name -->
