<?xml version="1.0" encoding="UTF-8"?>
<!-- Generated by org.testng.reporters.JUnitXMLReporter -->
<testsuite hostname="admin-PC" ignored="0" name=" Test Name" tests="4" failures="0" timestamp="16 May 2019 03:50:06 GMT" time="0.11" errors="0">
  <testcase name="firstmethod" time="0.02" classname="com.book.firsttest"/>
  <testcase name="secondmethod" time="0.001" classname="com.book.firsttest"/>
  <testcase name="firstmethod" time="0.005" classname="com.book.secondtest"/>
  <testcase name="secondmethod" time="0.003" classname="com.book.secondtest"/>
</testsuite> <!--  Test Name -->
