<?xml version="1.0" encoding="UTF-8"?>
<!-- Generated by org.testng.reporters.JUnitXMLReporter -->
<testsuite hostname="admin-PC" ignored="0" name="Test" tests="5004" failures="2" timestamp="15 May 2019 12:04:04 GMT" time="50.15" errors="0">
  <testcase name="logintest" time="0.015" classname="com.test.dependsontest">
    <failure type="java.lang.ArithmeticException" message="/ by zero">
      <![CDATA[java.lang.ArithmeticException: / by zero
at com.test.dependsontest.logintest(dependsontest.java:11)
... Removed 25 stack frames]]>
    </failure>
  </testcase> <!-- logintest -->
  <testcase name="searchtest" time="0.0" classname="com.test.dependsontest">
    <skipped/>
  </testcase> <!-- searchtest -->
  <testcase name="sumtest" time="0.0" classname="com.test.invocationtest"/>
  <testcase name="sumtest" time="0.0" classname="com.test.invocationtest"/>
  <testcase name="sumtest" time="0.0" classname="com.test.invocationtest"/>
  <testcase name="sumtest" time="0.0" classname="com.test.invocationtest"/>
  <testcase name="sumtest" time="0.0" classname="com.test.invocationtest"/>
  <testcase name="sumtest" time="0.016" classname="com.test.invocationtest"/>
  <testcase name="sumtest" time="0.0" classname="com.test.invocationtest"/>
  <testcase name="sumtest" time="0.0" classname="com.test.invocationtest"/>
  <testcase name="sumtest" time="0.016" classname="com.test.invocationtest"/>
  <testcase name="sumtest" time="0.0" classname="com.test.invocationtest"/>
  <testcase name="sumtest" time="0.0" classname="com.test.invocationtest"/>
  <testcase name="sumtest" time="0.0" classname="com.test.invocationtest"/>
  <testcase name="sumtest" time="0.0" classname="com.test.invocationtest"/>
  <testcase name="sumtest" time="0.0" classname="com.test.invocationtest"/>
  <testcase name="sumtest" time="0.0" classname="com.test.invocationtest"/>
  <testcase name="sumtest" time="0.0" classname="com.test.invocationtest"/>
  <testcase name="sumtest" time="0.0" classname="com.test.invocationtest"/>
  <testcase name="sumtest" time="0.0" classname="com.test.invocationtest"/>
  <testcase name="sumtest" time="0.0" classname="com.test.invocationtest"/>
  <testcase name="sumtest" time="0.0" classname="com.test.invocationtest"/>
  <testcase name="sumtest" time="0.0" classname="com.test.invocationtest"/>
  <testcase name="sumtest" time="0.0" classname="com.test.invocationtest"/>
  <testcase name="sumtest" time="0.0" classname="com.test.invocationtest"/>
  <testcase name="sumtest" time="0.015" classname="com.test.invocationtest"/>
  <testcase name="sumtest" time="0.016" classname="com.test.invocationtest"/>
  <testcase name="sumtest" time="0.0" classname="com.test.invocationtest"/>
  <testcase name="sumtest" time="0.0" classname="com.test.invocationtest"/>
  <testcase name="sumtest" time="0.0" classname="com.test.invocationtest"/>
  <testcase name="sumtest" time="0.0" classname="com.test.invocationtest"/>
  <testcase name="sumtest" time="0.0" classname="com.test.invocationtest"/>
  <testcase name="sumtest" time="0.0" classname="com.test.invocationtest"/>
  <testcase name="sumtest" time="0.0" classname="com.test.invocationtest"/>
  <testcase name="sumtest" time="0.016" classname="com.test.invocationtest"/>
  <testcase name="sumtest" time="0.0" classname="com.test.invocationtest"/>
  <testcase name="sumtest" time="0.0" classname="com.test.invocationtest"/>
  <testcase name="sumtest" time="0.0" classname="com.test.invocationtest"/>
  <testcase name="sumtest" time="0.0" classname="com.test.invocationtest"/>
  <testcase name="sumtest" time="0.0" classname="com.test.invocationtest"/>
  <testcase name="sumtest" time="0.0" classname="com.test.invocationtest"/>
  <testcase name="sumtest" time="0.0" classname="com.test.invocationtest"/>
  <testcase name="sumtest" time="0.015" classname="com.test.invocationtest"/>
  <testcase name="sumtest" time="0.0" classname="com.test.invocationtest"/>
  <testcase name="sumtest" time="0.0" classname="com.test.invocationtest"/>
  <testcase name="sumtest" time="0.0" classname="com.test.invocationtest"/>
  <testcase name="sumtest" time="0.0" classname="com.test.invocationtest"/>
  <testcase name="sumtest" time="0.0" classname="com.test.invocationtest"/>
  <testcase name="sumtest" time="0.0" classname="com.test.invocationtest"/>
  <testcase name="sumtest" time="0.0" classname="com.test.invocationtest"/>
  <testcase name="sumtest" time="0.0" classname="com.test.invocationtest"/>
  <testcase name="sumtest" time="0.0" classname="com.test.invocationtest"/>
  <testcase name="sumtest" time="0.019" classname="com.test.invocationtest"/>
  <testcase name="sumtest" time="0.0" classname="com.test.invocationtest"/>
  <testcase name="sumtest" time="0.017" classname="com.test.invocationtest"/>
  <testcase name="sumtest" time="0.0" classname="com.test.invocationtest"/>
  <testcase name="sumtest" time="0.0" classname="com.test.invocationtest"/>
  <testcase name="sumtest" time="0.0" classname="com.test.invocationtest"/>
  <testcase name="sumtest" time="0.0" classname="com.test.invocationtest"/>
  <testcase name="sumtest" time="0.0" classname="com.test.invocationtest"/>
  <testcase name="sumtest" time="0.0" classname="com.test.invocationtest"/>
  <testcase name="sumtest" time="0.001" classname="com.test.invocationtest"/>
  <testcase name="sumtest" time="0.0" classname="com.test.invocationtest"/>
  <testcase name="sumtest" time="0.0" classname="com.test.invocationtest"/>
  <testcase name="sumtest" time="0.0" classname="com.test.invocationtest"/>
  <testcase name="sumtest" time="0.0" classname="com.test.invocationtest"/>
  <testcase name="sumtest" time="0.0" classname="com.test.invocationtest"/>
  <testcase name="sumtest" time="0.0" classname="com.test.invocationtest"/>
  <testcase name="sumtest" time="0.0" classname="com.test.invocationtest"/>
  <testcase name="sumtest" time="0.061" classname="com.test.invocationtest"/>
  <testcase name="sumtest" time="0.0" classname="com.test.invocationtest"/>
  <testcase name="sumtest" time="0.0" classname="com.test.invocationtest"/>
  <testcase name="sumtest" time="0.0" classname="com.test.invocationtest"/>
  <testcase name="sumtest" time="0.0" classname="com.test.invocationtest"/>
  <testcase name="sumtest" time="0.0" classname="com.test.invocationtest"/>
  <testcase name="sumtest" time="0.0" classname="com.test.invocationtest"/>
  <testcase name="sumtest" time="0.0" classname="com.test.invocationtest"/>
  <testcase name="sumtest" time="0.0" classname="com.test.invocationtest"/>
  <testcase name="sumtest" time="0.001" classname="com.test.invocationtest"/>
  <testcase name="sumtest" time="0.001" classname="com.test.invocationtest"/>
  <testcase name="sumtest" time="0.0" classname="com.test.invocationtest"/>
  <testcase name="sumtest" time="0.0" classname="com.test.invocationtest"/>
  <testcase name="sumtest" time="0.001" classname="com.test.invocationtest"/>
  <testcase name="sumtest" time="0.002" classname="com.test.invocationtest"/>
  <testcase name="sumtest" time="0.001" classname="com.test.invocationtest"/>
  <testcase name="sumtest" time="0.0" classname="com.test.invocationtest"/>
  <testcase name="sumtest" time="0.0" classname="com.test.invocationtest"/>
  <testcase name="sumtest" time="0.001" classname="com.test.invocationtest"/>
  <testcase name="sumtest" time="0.001" classname="com.test.invocationtest"/>
  <testcase name="sumtest" time="0.0" classname="com.test.invocationtest"/>
  <testcase name="sumtest" time="0.0" classname="com.test.invocationtest"/>
  <testcase name="sumtest" time="0.0" classname="com.test.invocationtest"/>
  <testcase name="sumtest" time="0.001" classname="com.test.invocationtest"/>
  <testcase name="sumtest" time="0.003" classname="com.test.invocationtest"/>
  <testcase name="sumtest" time="0.0" classname="com.test.invocationtest"/>
  <testcase name="sumtest" time="0.001" classname="com.test.invocationtest"/>
  <testcase name="sumtest" time="0.001" classname="com.test.invocationtest"/>
  <testcase name="sumtest" time="0.0" classname="com.test.invocationtest"/>
  <testcase name="sumtest" time="0.0" classname="com.test.invocationtest"/>
  <testcase name="sumtest" time="0.001" classname="com.test.invocationtest"/>
  <testcase name="sumtest" time="0.0" classname="com.test.invocationtest"/>
  <testcase name="sumtest" time="0.0" classname="com.test.invocationtest"/>
  <testcase name="sumtest" time="0.0" classname="com.test.invocationtest"/>
  <testcase name="sumtest" time="0.0" classname="com.test.invocationtest"/>
  <testcase name="sumtest" time="0.001" classname="com.test.invocationtest"/>
  <testcase name="sumtest" time="0.003" classname="com.test.invocationtest"/>
  <testcase name="sumtest" time="0.008" classname="com.test.invocationtest"/>
  <testcase name="sumtest" time="0.002" classname="com.test.invocationtest"/>
  <testcase name="sumtest" time="0.002" classname="com.test.invocationtest"/>
  <testcase name="sumtest" time="0.001" classname="com.test.invocationtest"/>
  <testcase name="sumtest" time="0.0" classname="com.test.invocationtest"/>
  <testcase name="sumtest" time="0.0" classname="com.test.invocationtest"/>
  <testcase name="sumtest" time="0.001" classname="com.test.invocationtest"/>
  <testcase name="sumtest" time="0.001" classname="com.test.invocationtest"/>
  <testcase name="sumtest" time="0.002" classname="com.test.invocationtest"/>
  <testcase name="sumtest" time="0.0" classname="com.test.invocationtest"/>
  <testcase name="sumtest" time="0.002" classname="com.test.invocationtest"/>
  <testcase name="sumtest" time="0.001" classname="com.test.invocationtest"/>
  <testcase name="sumtest" time="0.001" classname="com.test.invocationtest"/>
  <testcase name="sumtest" time="0.011" classname="com.test.invocationtest"/>
  <testcase name="sumtest" time="0.0" classname="com.test.invocationtest"/>
  <testcase name="sumtest" time="0.001" classname="com.test.invocationtest"/>
  <testcase name="sumtest" time="0.0" classname="com.test.invocationtest"/>
  <testcase name="sumtest" time="0.001" classname="com.test.invocationtest"/>
  <testcase name="sumtest" time="0.001" classname="com.test.invocationtest"/>
  <testcase name="sumtest" time="0.002" classname="com.test.invocationtest"/>
  <testcase name="sumtest" time="0.0" classname="com.test.invocationtest"/>
  <testcase name="sumtest" time="0.001" classname="com.test.invocationtest"/>
  <testcase name="sumtest" time="0.001" classname="com.test.invocationtest"/>
  <testcase name="sumtest" time="0.001" classname="com.test.invocationtest"/>
  <testcase name="sumtest" time="0.001" classname="com.test.invocationtest"/>
  <testcase name="sumtest" time="0.001" classname="com.test.invocationtest"/>
  <testcase name="sumtest" time="0.0" classname="com.test.invocationtest"/>
  <testcase name="sumtest" time="0.0" classname="com.test.invocationtest"/>
  <testcase name="sumtest" time="0.0" classname="com.test.invocationtest"/>
  <testcase name="sumtest" time="0.001" classname="com.test.invocationtest"/>
  <testcase name="sumtest" time="0.0" classname="com.test.invocationtest"/>
  <testcase name="sumtest" time="0.0" classname="com.test.invocationtest"/>
  <testcase name="sumtest" time="0.0" classname="com.test.invocationtest"/>
  <testcase name="sumtest" time="0.001" classname="com.test.invocationtest"/>
  <testcase name="sumtest" time="0.0" classname="com.test.invocationtest"/>
  <testcase name="sumtest" time="0.0" classname="com.test.invocationtest"/>
  <testcase name="sumtest" time="0.0" classname="com.test.invocationtest"/>
  <testcase name="sumtest" time="0.018" classname="com.test.invocationtest"/>
  <testcase name="sumtest" time="0.0" classname="com.test.invocationtest"/>
  <testcase name="sumtest" time="0.001" classname="com.test.invocationtest"/>
  <testcase name="sumtest" time="0.0" classname="com.test.invocationtest"/>
  <testcase name="sumtest" time="0.001" classname="com.test.invocationtest"/>
  <testcase name="sumtest" time="0.002" classname="com.test.invocationtest"/>
  <testcase name="sumtest" time="0.001" classname="com.test.invocationtest"/>
  <testcase name="sumtest" time="0.001" classname="com.test.invocationtest"/>
  <testcase name="sumtest" time="0.001" classname="com.test.invocationtest"/>
  <testcase name="sumtest" time="0.001" classname="com.test.invocationtest"/>
  <testcase name="sumtest" time="0.0" classname="com.test.invocationtest"/>
  <testcase name="sumtest" time="0.024" classname="com.test.invocationtest"/>
  <testcase name="sumtest" time="0.001" classname="com.test.invocationtest"/>
  <testcase name="sumtest" time="0.0" classname="com.test.invocationtest"/>
  <testcase name="sumtest" time="0.0" classname="com.test.invocationtest"/>
  <testcase name="sumtest" time="0.0" classname="com.test.invocationtest"/>
  <testcase name="sumtest" time="0.0" classname="com.test.invocationtest"/>
  <testcase name="sumtest" time="0.003" classname="com.test.invocationtest"/>
  <testcase name="sumtest" time="0.001" classname="com.test.invocationtest"/>
  <testcase name="sumtest" time="0.0" classname="com.test.invocationtest"/>
  <testcase name="sumtest" time="0.0" classname="com.test.invocationtest"/>
  <testcase name="sumtest" time="0.002" classname="com.test.invocationtest"/>
  <testcase name="sumtest" time="0.0" classname="com.test.invocationtest"/>
  <testcase name="sumtest" time="0.001" classname="com.test.invocationtest"/>
  <testcase name="sumtest" time="0.0" classname="com.test.invocationtest"/>
  <testcase name="sumtest" time="0.001" classname="com.test.invocationtest"/>
  <testcase name="sumtest" time="0.001" classname="com.test.invocationtest"/>
  <testcase name="sumtest" time="0.001" classname="com.test.invocationtest"/>
  <testcase name="sumtest" time="0.0" classname="com.test.invocationtest"/>
  <testcase name="sumtest" time="0.001" classname="com.test.invocationtest"/>
  <testcase name="sumtest" time="0.009" classname="com.test.invocationtest"/>
  <testcase name="sumtest" time="0.0" classname="com.test.invocationtest"/>
  <testcase name="sumtest" time="0.0" classname="com.test.invocationtest"/>
  <testcase name="sumtest" time="0.0" classname="com.test.invocationtest"/>
  <testcase name="sumtest" time="0.001" classname="com.test.invocationtest"/>
  <testcase name="sumtest" time="0.001" classname="com.test.invocationtest"/>
  <testcase name="sumtest" time="0.0" classname="com.test.invocationtest"/>
  <testcase name="sumtest" time="0.001" classname="com.test.invocationtest"/>
  <testcase name="sumtest" time="0.001" classname="com.test.invocationtest"/>
  <testcase name="sumtest" time="0.0" classname="com.test.invocationtest"/>
  <testcase name="sumtest" time="0.001" classname="com.test.invocationtest"/>
  <testcase name="sumtest" time="0.0" classname="com.test.invocationtest"/>
  <testcase name="sumtest" time="0.0" classname="com.test.invocationtest"/>
  <testcase name="sumtest" time="0.001" classname="com.test.invocationtest"/>
  <testcase name="sumtest" time="0.002" classname="com.test.invocationtest"/>
  <testcase name="sumtest" time="0.001" classname="com.test.invocationtest"/>
  <testcase name="sumtest" time="0.001" classname="com.test.invocationtest"/>
  <testcase name="sumtest" time="0.0" classname="com.test.invocationtest"/>
  <testcase name="sumtest" time="0.019" classname="com.test.invocationtest"/>
  <testcase name="sumtest" time="0.001" classname="com.test.invocationtest"/>
  <testcase name="sumtest" time="0.001" classname="com.test.invocationtest"/>
  <testcase name="sumtest" time="0.0" classname="com.test.invocationtest"/>
  <testcase name="sumtest" time="0.0" classname="com.test.invocationtest"/>
  <testcase name="sumtest" time="0.0" classname="com.test.invocationtest"/>
  <testcase name="sumtest" time="0.0" classname="com.test.invocationtest"/>
  <testcase name="sumtest" time="0.0" classname="com.test.invocationtest"/>
  <testcase name="sumtest" time="0.001" classname="com.test.invocationtest"/>
  <testcase name="sumtest" time="0.001" classname="com.test.invocationtest"/>
  <testcase name="sumtest" time="0.0" classname="com.test.invocationtest"/>
  <testcase name="sumtest" time="0.0" classname="com.test.invocationtest"/>
  <testcase name="sumtest" time="0.0" classname="com.test.invocationtest"/>
  <testcase name="sumtest" time="0.0" classname="com.test.invocationtest"/>
  <testcase name="sumtest" time="0.0" classname="com.test.invocationtest"/>
  <testcase name="sumtest" time="0.0" classname="com.test.invocationtest"/>
  <testcase name="sumtest" time="0.0" classname="com.test.invocationtest"/>
  <testcase name="sumtest" time="0.029" classname="com.test.invocationtest"/>
  <testcase name="sumtest" time="0.0" classname="com.test.invocationtest"/>
  <testcase name="sumtest" time="0.0" classname="com.test.invocationtest"/>
  <testcase name="sumtest" time="0.0" classname="com.test.invocationtest"/>
  <testcase name="sumtest" time="0.0" classname="com.test.invocationtest"/>
  <testcase name="sumtest" time="0.0" classname="com.test.invocationtest"/>
  <testcase name="sumtest" time="0.0" classname="com.test.invocationtest"/>
  <testcase name="sumtest" time="0.0" classname="com.test.invocationtest"/>
  <testcase name="sumtest" time="0.0" classname="com.test.invocationtest"/>
  <testcase name="sumtest" time="0.0" classname="com.test.invocationtest"/>
  <testcase name="sumtest" time="0.0" classname="com.test.invocationtest"/>
  <testcase name="sumtest" time="0.0" classname="com.test.invocationtest"/>
  <testcase name="sumtest" time="0.0" classname="com.test.invocationtest"/>
  <testcase name="sumtest" time="0.0" classname="com.test.invocationtest"/>
  <testcase name="sumtest" time="0.016" classname="com.test.invocationtest"/>
  <testcase name="sumtest" time="0.0" classname="com.test.invocationtest"/>
  <testcase name="sumtest" time="0.0" classname="com.test.invocationtest"/>
  <testcase name="sumtest" time="0.0" classname="com.test.invocationtest"/>
  <testcase name="sumtest" time="0.0" classname="com.test.invocationtest"/>
  <testcase name="sumtest" time="0.0" classname="com.test.invocationtest"/>
  <testcase name="sumtest" time="0.0" classname="com.test.invocationtest"/>
  <testcase name="sumtest" time="0.0" classname="com.test.invocationtest"/>
  <testcase name="sumtest" time="0.016" classname="com.test.invocationtest"/>
  <testcase name="sumtest" time="0.0" classname="com.test.invocationtest"/>
  <testcase name="sumtest" time="0.0" classname="com.test.invocationtest"/>
  <testcase name="sumtest" time="0.0" classname="com.test.invocationtest"/>
  <testcase name="sumtest" time="0.0" classname="com.test.invocationtest"/>
  <testcase name="sumtest" time="0.0" classname="com.test.invocationtest"/>
  <testcase name="sumtest" time="0.015" classname="com.test.invocationtest"/>
  <testcase name="sumtest" time="0.0" classname="com.test.invocationtest"/>
  <testcase name="sumtest" time="0.0" classname="com.test.invocationtest"/>
  <testcase name="sumtest" time="0.0" classname="com.test.invocationtest"/>
  <testcase name="sumtest" time="0.0" classname="com.test.invocationtest"/>
  <testcase name="sumtest" time="0.0" classname="com.test.invocationtest"/>
  <testcase name="sumtest" time="0.0" classname="com.test.invocationtest"/>
  <testcase name="sumtest" time="0.0" classname="com.test.invocationtest"/>
  <testcase name="sumtest" time="0.0" classname="com.test.invocationtest"/>
  <testcase name="sumtest" time="0.0" classname="com.test.invocationtest"/>
  <testcase name="sumtest" time="0.0" classname="com.test.invocationtest"/>
  <testcase name="sumtest" time="0.0" classname="com.test.invocationtest"/>
  <testcase name="sumtest" time="0.0" classname="com.test.invocationtest"/>
  <testcase name="sumtest" time="0.0" classname="com.test.invocationtest"/>
  <testcase name="sumtest" time="0.0" classname="com.test.invocationtest"/>
  <testcase name="sumtest" time="0.0" classname="com.test.invocationtest"/>
  <testcase name="sumtest" time="0.0" classname="com.test.invocationtest"/>
  <testcase name="sumtest" time="0.015" classname="com.test.invocationtest"/>
  <testcase name="sumtest" time="0.0" classname="com.test.invocationtest"/>
  <testcase name="sumtest" time="0.0" classname="com.test.invocationtest"/>
  <testcase name="sumtest" time="0.0" classname="com.test.invocationtest"/>
  <testcase name="sumtest" time="0.0" classname="com.test.invocationtest"/>
  <testcase name="sumtest" time="0.0" classname="com.test.invocationtest"/>
  <testcase name="sumtest" time="0.016" classname="com.test.invocationtest"/>
  <testcase name="sumtest" time="0.0" classname="com.test.invocationtest"/>
  <testcase name="sumtest" time="0.0" classname="com.test.invocationtest"/>
  <testcase name="sumtest" time="0.0" classname="com.test.invocationtest"/>
  <testcase name="sumtest" time="0.0" classname="com.test.invocationtest"/>
  <testcase name="sumtest" time="0.0" classname="com.test.invocationtest"/>
  <testcase name="sumtest" time="0.0" classname="com.test.invocationtest"/>
  <testcase name="sumtest" time="0.0" classname="com.test.invocationtest"/>
  <testcase name="sumtest" time="0.0" classname="com.test.invocationtest"/>
  <testcase name="sumtest" time="0.0" classname="com.test.invocationtest"/>
  <testcase name="sumtest" time="0.0" classname="com.test.invocationtest"/>
  <testcase name="sumtest" time="0.0" classname="com.test.invocationtest"/>
  <testcase name="sumtest" time="0.0" classname="com.test.invocationtest"/>
  <testcase name="sumtest" time="0.0" classname="com.test.invocationtest"/>
  <testcase name="sumtest" time="0.016" classname="com.test.invocationtest"/>
  <testcase name="sumtest" time="0.0" classname="com.test.invocationtest"/>
  <testcase name="sumtest" time="0.0" classname="com.test.invocationtest"/>
  <testcase name="sumtest" time="0.0" classname="com.test.invocationtest"/>
  <testcase name="sumtest" time="0.0" classname="com.test.invocationtest"/>
  <testcase name="sumtest" time="0.0" classname="com.test.invocationtest"/>
  <testcase name="sumtest" time="0.0" classname="com.test.invocationtest"/>
  <testcase name="sumtest" time="0.0" classname="com.test.invocationtest"/>
  <testcase name="sumtest" time="0.0" classname="com.test.invocationtest"/>
  <testcase name="sumtest" time="0.016" classname="com.test.invocationtest"/>
  <testcase name="sumtest" time="0.0" classname="com.test.invocationtest"/>
  <testcase name="sumtest" time="0.0" classname="com.test.invocationtest"/>
  <testcase name="sumtest" time="0.0" classname="com.test.invocationtest"/>
  <testcase name="sumtest" time="0.0" classname="com.test.invocationtest"/>
  <testcase name="sumtest" time="0.0" classname="com.test.invocationtest"/>
  <testcase name="sumtest" time="0.0" classname="com.test.invocationtest"/>
  <testcase name="sumtest" time="0.0" classname="com.test.invocationtest"/>
  <testcase name="sumtest" time="0.0" classname="com.test.invocationtest"/>
  <testcase name="sumtest" time="0.016" classname="com.test.invocationtest"/>
  <testcase name="sumtest" time="0.0" classname="com.test.invocationtest"/>
  <testcase name="sumtest" time="0.0" classname="com.test.invocationtest"/>
  <testcase name="sumtest" time="0.0" classname="com.test.invocationtest"/>
  <testcase name="sumtest" time="0.0" classname="com.test.invocationtest"/>
  <testcase name="sumtest" time="0.016" classname="com.test.invocationtest"/>
  <testcase name="sumtest" time="0.0" classname="com.test.invocationtest"/>
  <testcase name="sumtest" time="0.0" classname="com.test.invocationtest"/>
  <testcase name="sumtest" time="0.0" classname="com.test.invocationtest"/>
  <testcase name="sumtest" time="0.0" classname="com.test.invocationtest"/>
  <testcase name="sumtest" time="0.0" classname="com.test.invocationtest"/>
  <testcase name="sumtest" time="0.0" classname="com.test.invocationtest"/>
  <testcase name="sumtest" time="0.0" classname="com.test.invocationtest"/>
  <testcase name="sumtest" time="0.0" classname="com.test.invocationtest"/>
  <testcase name="sumtest" time="0.0" classname="com.test.invocationtest"/>
  <testcase name="sumtest" time="0.031" classname="com.test.invocationtest"/>
  <testcase name="sumtest" time="0.0" classname="com.test.invocationtest"/>
  <testcase name="sumtest" time="0.0" classname="com.test.invocationtest"/>
  <testcase name="sumtest" time="0.0" classname="com.test.invocationtest"/>
  <testcase name="sumtest" time="0.0" classname="com.test.invocationtest"/>
  <testcase name="sumtest" time="0.0" classname="com.test.invocationtest"/>
  <testcase name="sumtest" time="0.0" classname="com.test.invocationtest"/>
  <testcase name="sumtest" time="0.0" classname="com.test.invocationtest"/>
  <testcase name="sumtest" time="0.0" classname="com.test.invocationtest"/>
  <testcase name="sumtest" time="0.0" classname="com.test.invocationtest"/>
  <testcase name="sumtest" time="0.0" classname="com.test.invocationtest"/>
  <testcase name="sumtest" time="0.0" classname="com.test.invocationtest"/>
  <testcase name="sumtest" time="0.0" classname="com.test.invocationtest"/>
  <testcase name="sumtest" time="0.0" classname="com.test.invocationtest"/>
  <testcase name="sumtest" time="0.0" classname="com.test.invocationtest"/>
  <testcase name="sumtest" time="0.0" classname="com.test.invocationtest"/>
  <testcase name="sumtest" time="0.0" classname="com.test.invocationtest"/>
  <testcase name="sumtest" time="0.0" classname="com.test.invocationtest"/>
  <testcase name="sumtest" time="0.016" classname="com.test.invocationtest"/>
  <testcase name="sumtest" time="0.0" classname="com.test.invocationtest"/>
  <testcase name="sumtest" time="0.0" classname="com.test.invocationtest"/>
  <testcase name="sumtest" time="0.0" classname="com.test.invocationtest"/>
  <testcase name="sumtest" time="0.0" classname="com.test.invocationtest"/>
  <testcase name="sumtest" time="0.016" classname="com.test.invocationtest"/>
  <testcase name="sumtest" time="0.0" classname="com.test.invocationtest"/>
  <testcase name="sumtest" time="0.0" classname="com.test.invocationtest"/>
  <testcase name="sumtest" time="0.0" classname="com.test.invocationtest"/>
  <testcase name="sumtest" time="0.0" classname="com.test.invocationtest"/>
  <testcase name="sumtest" time="0.0" classname="com.test.invocationtest"/>
  <testcase name="sumtest" time="0.0" classname="com.test.invocationtest"/>
  <testcase name="sumtest" time="0.0" classname="com.test.invocationtest"/>
  <testcase name="sumtest" time="0.0" classname="com.test.invocationtest"/>
  <testcase name="sumtest" time="0.0" classname="com.test.invocationtest"/>
  <testcase name="sumtest" time="0.0" classname="com.test.invocationtest"/>
  <testcase name="sumtest" time="0.0" classname="com.test.invocationtest"/>
  <testcase name="sumtest" time="0.016" classname="com.test.invocationtest"/>
  <testcase name="sumtest" time="0.0" classname="com.test.invocationtest"/>
  <testcase name="sumtest" time="0.0" classname="com.test.invocationtest"/>
  <testcase name="sumtest" time="0.0" classname="com.test.invocationtest"/>
  <testcase name="sumtest" time="0.0" classname="com.test.invocationtest"/>
  <testcase name="sumtest" time="0.0" classname="com.test.invocationtest"/>
  <testcase name="sumtest" time="0.0" classname="com.test.invocationtest"/>
  <testcase name="sumtest" time="0.0" classname="com.test.invocationtest"/>
  <testcase name="sumtest" time="0.0" classname="com.test.invocationtest"/>
  <testcase name="sumtest" time="0.0" classname="com.test.invocationtest"/>
  <testcase name="sumtest" time="0.0" classname="com.test.invocationtest"/>
  <testcase name="sumtest" time="0.0" classname="com.test.invocationtest"/>
  <testcase name="sumtest" time="0.0" classname="com.test.invocationtest"/>
  <testcase name="sumtest" time="0.0" classname="com.test.invocationtest"/>
  <testcase name="sumtest" time="0.0" classname="com.test.invocationtest"/>
  <testcase name="sumtest" time="0.0" classname="com.test.invocationtest"/>
  <testcase name="sumtest" time="0.015" classname="com.test.invocationtest"/>
  <testcase name="sumtest" time="0.0" classname="com.test.invocationtest"/>
  <testcase name="sumtest" time="0.0" classname="com.test.invocationtest"/>
  <testcase name="sumtest" time="0.0" classname="com.test.invocationtest"/>
  <testcase name="sumtest" time="0.0" classname="com.test.invocationtest"/>
  <testcase name="sumtest" time="0.0" classname="com.test.invocationtest"/>
  <testcase name="sumtest" time="0.0" classname="com.test.invocationtest"/>
  <testcase name="sumtest" time="0.016" classname="com.test.invocationtest"/>
  <testcase name="sumtest" time="0.0" classname="com.test.invocationtest"/>
  <testcase name="sumtest" time="0.0" classname="com.test.invocationtest"/>
  <testcase name="sumtest" time="0.0" classname="com.test.invocationtest"/>
  <testcase name="sumtest" time="0.0" classname="com.test.invocationtest"/>
  <testcase name="sumtest" time="0.0" classname="com.test.invocationtest"/>
  <testcase name="sumtest" time="0.0" classname="com.test.invocationtest"/>
  <testcase name="sumtest" time="0.0" classname="com.test.invocationtest"/>
  <testcase name="sumtest" time="0.0" classname="com.test.invocationtest"/>
  <testcase name="sumtest" time="0.0" classname="com.test.invocationtest"/>
  <testcase name="sumtest" time="0.0" classname="com.test.invocationtest"/>
  <testcase name="sumtest" time="0.0" classname="com.test.invocationtest"/>
  <testcase name="sumtest" time="0.031" classname="com.test.invocationtest"/>
  <testcase name="sumtest" time="0.0" classname="com.test.invocationtest"/>
  <testcase name="sumtest" time="0.0" classname="com.test.invocationtest"/>
  <testcase name="sumtest" time="0.0" classname="com.test.invocationtest"/>
  <testcase name="sumtest" time="0.0" classname="com.test.invocationtest"/>
  <testcase name="sumtest" time="0.0" classname="com.test.invocationtest"/>
  <testcase name="sumtest" time="0.0" classname="com.test.invocationtest"/>
  <testcase name="sumtest" time="0.0" classname="com.test.invocationtest"/>
  <testcase name="sumtest" time="0.0" classname="com.test.invocationtest"/>
  <testcase name="sumtest" time="0.0" classname="com.test.invocationtest"/>
  <testcase name="sumtest" time="0.0" classname="com.test.invocationtest"/>
  <testcase name="sumtest" time="0.0" classname="com.test.invocationtest"/>
  <testcase name="sumtest" time="0.015" classname="com.test.invocationtest"/>
  <testcase name="sumtest" time="0.0" classname="com.test.invocationtest"/>
  <testcase name="sumtest" time="0.0" classname="com.test.invocationtest"/>
  <testcase name="sumtest" time="0.0" classname="com.test.invocationtest"/>
  <testcase name="sumtest" time="0.0" classname="com.test.invocationtest"/>
  <testcase name="sumtest" time="0.0" classname="com.test.invocationtest"/>
  <testcase name="sumtest" time="0.0" classname="com.test.invocationtest"/>
  <testcase name="sumtest" time="0.0" classname="com.test.invocationtest"/>
  <testcase name="sumtest" time="0.0" classname="com.test.invocationtest"/>
  <testcase name="sumtest" time="0.0" classname="com.test.invocationtest"/>
  <testcase name="sumtest" time="0.0" classname="com.test.invocationtest"/>
  <testcase name="sumtest" time="0.016" classname="com.test.invocationtest"/>
  <testcase name="sumtest" time="0.0" classname="com.test.invocationtest"/>
  <testcase name="sumtest" time="0.0" classname="com.test.invocationtest"/>
  <testcase name="sumtest" time="0.016" classname="com.test.invocationtest"/>
  <testcase name="sumtest" time="0.0" classname="com.test.invocationtest"/>
  <testcase name="sumtest" time="0.0" classname="com.test.invocationtest"/>
  <testcase name="sumtest" time="0.0" classname="com.test.invocationtest"/>
  <testcase name="sumtest" time="0.0" classname="com.test.invocationtest"/>
  <testcase name="sumtest" time="0.0" classname="com.test.invocationtest"/>
  <testcase name="sumtest" time="0.0" classname="com.test.invocationtest"/>
  <testcase name="sumtest" time="0.0" classname="com.test.invocationtest"/>
  <testcase name="sumtest" time="0.0" classname="com.test.invocationtest"/>
  <testcase name="sumtest" time="0.051" classname="com.test.invocationtest"/>
  <testcase name="sumtest" time="0.0" classname="com.test.invocationtest"/>
  <testcase name="sumtest" time="0.0" classname="com.test.invocationtest"/>
  <testcase name="sumtest" time="0.0" classname="com.test.invocationtest"/>
  <testcase name="sumtest" time="0.0" classname="com.test.invocationtest"/>
  <testcase name="sumtest" time="0.0" classname="com.test.invocationtest"/>
  <testcase name="sumtest" time="0.0" classname="com.test.invocationtest"/>
  <testcase name="sumtest" time="0.0" classname="com.test.invocationtest"/>
  <testcase name="sumtest" time="0.0" classname="com.test.invocationtest"/>
  <testcase name="sumtest" time="0.0" classname="com.test.invocationtest"/>
  <testcase name="sumtest" time="0.0" classname="com.test.invocationtest"/>
  <testcase name="sumtest" time="0.0" classname="com.test.invocationtest"/>
  <testcase name="sumtest" time="0.0" classname="com.test.invocationtest"/>
  <testcase name="sumtest" time="0.0" classname="com.test.invocationtest"/>
  <testcase name="sumtest" time="0.016" classname="com.test.invocationtest"/>
  <testcase name="sumtest" time="0.0" classname="com.test.invocationtest"/>
  <testcase name="sumtest" time="0.0" classname="com.test.invocationtest"/>
  <testcase name="sumtest" time="0.0" classname="com.test.invocationtest"/>
  <testcase name="sumtest" time="0.0" classname="com.test.invocationtest"/>
  <testcase name="sumtest" time="0.0" classname="com.test.invocationtest"/>
  <testcase name="sumtest" time="0.0" classname="com.test.invocationtest"/>
  <testcase name="sumtest" time="0.0" classname="com.test.invocationtest"/>
  <testcase name="sumtest" time="0.0" classname="com.test.invocationtest"/>
  <testcase name="sumtest" time="0.015" classname="com.test.invocationtest"/>
  <testcase name="sumtest" time="0.0" classname="com.test.invocationtest"/>
  <testcase name="sumtest" time="0.0" classname="com.test.invocationtest"/>
  <testcase name="sumtest" time="0.0" classname="com.test.invocationtest"/>
  <testcase name="sumtest" time="0.0" classname="com.test.invocationtest"/>
  <testcase name="sumtest" time="0.0" classname="com.test.invocationtest"/>
  <testcase name="sumtest" time="0.0" classname="com.test.invocationtest"/>
  <testcase name="sumtest" time="0.0" classname="com.test.invocationtest"/>
  <testcase name="sumtest" time="0.0" classname="com.test.invocationtest"/>
  <testcase name="sumtest" time="0.0" classname="com.test.invocationtest"/>
  <testcase name="sumtest" time="0.0" classname="com.test.invocationtest"/>
  <testcase name="sumtest" time="0.0" classname="com.test.invocationtest"/>
  <testcase name="sumtest" time="0.0" classname="com.test.invocationtest"/>
  <testcase name="sumtest" time="0.0" classname="com.test.invocationtest"/>
  <testcase name="sumtest" time="0.0" classname="com.test.invocationtest"/>
  <testcase name="sumtest" time="0.0" classname="com.test.invocationtest"/>
  <testcase name="sumtest" time="0.0" classname="com.test.invocationtest"/>
  <testcase name="sumtest" time="0.0" classname="com.test.invocationtest"/>
  <testcase name="sumtest" time="0.0" classname="com.test.invocationtest"/>
  <testcase name="sumtest" time="0.0" classname="com.test.invocationtest"/>
  <testcase name="sumtest" time="0.0" classname="com.test.invocationtest"/>
  <testcase name="sumtest" time="0.0" classname="com.test.invocationtest"/>
  <testcase name="sumtest" time="0.0" classname="com.test.invocationtest"/>
  <testcase name="sumtest" time="0.0" classname="com.test.invocationtest"/>
  <testcase name="sumtest" time="0.0" classname="com.test.invocationtest"/>
  <testcase name="sumtest" time="0.0" classname="com.test.invocationtest"/>
  <testcase name="sumtest" time="0.0" classname="com.test.invocationtest"/>
  <testcase name="sumtest" time="0.0" classname="com.test.invocationtest"/>
  <testcase name="sumtest" time="0.0" classname="com.test.invocationtest"/>
  <testcase name="sumtest" time="0.0" classname="com.test.invocationtest"/>
  <testcase name="sumtest" time="0.0" classname="com.test.invocationtest"/>
  <testcase name="sumtest" time="0.001" classname="com.test.invocationtest"/>
  <testcase name="sumtest" time="0.0" classname="com.test.invocationtest"/>
  <testcase name="sumtest" time="0.001" classname="com.test.invocationtest"/>
  <testcase name="sumtest" time="0.0" classname="com.test.invocationtest"/>
  <testcase name="sumtest" time="0.01" classname="com.test.invocationtest"/>
  <testcase name="sumtest" time="0.0" classname="com.test.invocationtest"/>
  <testcase name="sumtest" time="0.0" classname="com.test.invocationtest"/>
  <testcase name="sumtest" time="0.0" classname="com.test.invocationtest"/>
  <testcase name="sumtest" time="0.0" classname="com.test.invocationtest"/>
  <testcase name="sumtest" time="0.001" classname="com.test.invocationtest"/>
  <testcase name="sumtest" time="0.0" classname="com.test.invocationtest"/>
  <testcase name="sumtest" time="0.0" classname="com.test.invocationtest"/>
  <testcase name="sumtest" time="0.001" classname="com.test.invocationtest"/>
  <testcase name="sumtest" time="0.0" classname="com.test.invocationtest"/>
  <testcase name="sumtest" time="0.0" classname="com.test.invocationtest"/>
  <testcase name="sumtest" time="0.001" classname="com.test.invocationtest"/>
  <testcase name="sumtest" time="0.022" classname="com.test.invocationtest"/>
  <testcase name="sumtest" time="0.0" classname="com.test.invocationtest"/>
  <testcase name="sumtest" time="0.001" classname="com.test.invocationtest"/>
  <testcase name="sumtest" time="0.0" classname="com.test.invocationtest"/>
  <testcase name="sumtest" time="0.002" classname="com.test.invocationtest"/>
  <testcase name="sumtest" time="0.001" classname="com.test.invocationtest"/>
  <testcase name="sumtest" time="0.001" classname="com.test.invocationtest"/>
  <testcase name="sumtest" time="0.0" classname="com.test.invocationtest"/>
  <testcase name="sumtest" time="0.0" classname="com.test.invocationtest"/>
  <testcase name="sumtest" time="0.0" classname="com.test.invocationtest"/>
  <testcase name="sumtest" time="0.0" classname="com.test.invocationtest"/>
  <testcase name="sumtest" time="0.0" classname="com.test.invocationtest"/>
  <testcase name="sumtest" time="0.0" classname="com.test.invocationtest"/>
  <testcase name="sumtest" time="0.0" classname="com.test.invocationtest"/>
  <testcase name="sumtest" time="0.0" classname="com.test.invocationtest"/>
  <testcase name="sumtest" time="0.0" classname="com.test.invocationtest"/>
  <testcase name="sumtest" time="0.0" classname="com.test.invocationtest"/>
  <testcase name="sumtest" time="0.0" classname="com.test.invocationtest"/>
  <testcase name="sumtest" time="0.0" classname="com.test.invocationtest"/>
  <testcase name="sumtest" time="0.0" classname="com.test.invocationtest"/>
  <testcase name="sumtest" time="0.0" classname="com.test.invocationtest"/>
  <testcase name="sumtest" time="0.0" classname="com.test.invocationtest"/>
  <testcase name="sumtest" time="0.0" classname="com.test.invocationtest"/>
  <testcase name="sumtest" time="0.015" classname="com.test.invocationtest"/>
  <testcase name="sumtest" time="0.0" classname="com.test.invocationtest"/>
  <testcase name="sumtest" time="0.0" classname="com.test.invocationtest"/>
  <testcase name="sumtest" time="0.0" classname="com.test.invocationtest"/>
  <testcase name="sumtest" time="0.0" classname="com.test.invocationtest"/>
  <testcase name="sumtest" time="0.0" classname="com.test.invocationtest"/>
  <testcase name="sumtest" time="0.0" classname="com.test.invocationtest"/>
  <testcase name="sumtest" time="0.0" classname="com.test.invocationtest"/>
  <testcase name="sumtest" time="0.0" classname="com.test.invocationtest"/>
  <testcase name="sumtest" time="0.0" classname="com.test.invocationtest"/>
  <testcase name="sumtest" time="0.0" classname="com.test.invocationtest"/>
  <testcase name="sumtest" time="0.0" classname="com.test.invocationtest"/>
  <testcase name="sumtest" time="0.016" classname="com.test.invocationtest"/>
  <testcase name="sumtest" time="0.0" classname="com.test.invocationtest"/>
  <testcase name="sumtest" time="0.0" classname="com.test.invocationtest"/>
  <testcase name="sumtest" time="0.0" classname="com.test.invocationtest"/>
  <testcase name="sumtest" time="0.0" classname="com.test.invocationtest"/>
  <testcase name="sumtest" time="0.016" classname="com.test.invocationtest"/>
  <testcase name="sumtest" time="0.0" classname="com.test.invocationtest"/>
  <testcase name="sumtest" time="0.0" classname="com.test.invocationtest"/>
  <testcase name="sumtest" time="0.0" classname="com.test.invocationtest"/>
  <testcase name="sumtest" time="0.0" classname="com.test.invocationtest"/>
  <testcase name="sumtest" time="0.0" classname="com.test.invocationtest"/>
  <testcase name="sumtest" time="0.0" classname="com.test.invocationtest"/>
  <testcase name="sumtest" time="0.0" classname="com.test.invocationtest"/>
  <testcase name="sumtest" time="0.0" classname="com.test.invocationtest"/>
  <testcase name="sumtest" time="0.0" classname="com.test.invocationtest"/>
  <testcase name="sumtest" time="0.0" classname="com.test.invocationtest"/>
  <testcase name="sumtest" time="0.0" classname="com.test.invocationtest"/>
  <testcase name="sumtest" time="0.0" classname="com.test.invocationtest"/>
  <testcase name="sumtest" time="0.0" classname="com.test.invocationtest"/>
  <testcase name="sumtest" time="0.0" classname="com.test.invocationtest"/>
  <testcase name="sumtest" time="0.0" classname="com.test.invocationtest"/>
  <testcase name="sumtest" time="0.0" classname="com.test.invocationtest"/>
  <testcase name="sumtest" time="0.0" classname="com.test.invocationtest"/>
  <testcase name="sumtest" time="0.016" classname="com.test.invocationtest"/>
  <testcase name="sumtest" time="0.0" classname="com.test.invocationtest"/>
  <testcase name="sumtest" time="0.0" classname="com.test.invocationtest"/>
  <testcase name="sumtest" time="0.0" classname="com.test.invocationtest"/>
  <testcase name="sumtest" time="0.0" classname="com.test.invocationtest"/>
  <testcase name="sumtest" time="0.0" classname="com.test.invocationtest"/>
  <testcase name="sumtest" time="0.0" classname="com.test.invocationtest"/>
  <testcase name="sumtest" time="0.0" classname="com.test.invocationtest"/>
  <testcase name="sumtest" time="0.0" classname="com.test.invocationtest"/>
  <testcase name="sumtest" time="0.0" classname="com.test.invocationtest"/>
  <testcase name="sumtest" time="0.0" classname="com.test.invocationtest"/>
  <testcase name="sumtest" time="0.0" classname="com.test.invocationtest"/>
  <testcase name="sumtest" time="0.016" classname="com.test.invocationtest"/>
  <testcase name="sumtest" time="0.0" classname="com.test.invocationtest"/>
  <testcase name="sumtest" time="0.0" classname="com.test.invocationtest"/>
  <testcase name="sumtest" time="0.0" classname="com.test.invocationtest"/>
  <testcase name="sumtest" time="0.0" classname="com.test.invocationtest"/>
  <testcase name="sumtest" time="0.0" classname="com.test.invocationtest"/>
  <testcase name="sumtest" time="0.0" classname="com.test.invocationtest"/>
  <testcase name="sumtest" time="0.0" classname="com.test.invocationtest"/>
  <testcase name="sumtest" time="0.0" classname="com.test.invocationtest"/>
  <testcase name="sumtest" time="0.0" classname="com.test.invocationtest"/>
  <testcase name="sumtest" time="0.0" classname="com.test.invocationtest"/>
  <testcase name="sumtest" time="0.0" classname="com.test.invocationtest"/>
  <testcase name="sumtest" time="0.0" classname="com.test.invocationtest"/>
  <testcase name="sumtest" time="0.0" classname="com.test.invocationtest"/>
  <testcase name="sumtest" time="0.0" classname="com.test.invocationtest"/>
  <testcase name="sumtest" time="0.0" classname="com.test.invocationtest"/>
  <testcase name="sumtest" time="0.0" classname="com.test.invocationtest"/>
  <testcase name="sumtest" time="0.0" classname="com.test.invocationtest"/>
  <testcase name="sumtest" time="0.0" classname="com.test.invocationtest"/>
  <testcase name="sumtest" time="0.0" classname="com.test.invocationtest"/>
  <testcase name="sumtest" time="0.0" classname="com.test.invocationtest"/>
  <testcase name="sumtest" time="0.0" classname="com.test.invocationtest"/>
  <testcase name="sumtest" time="0.0" classname="com.test.invocationtest"/>
  <testcase name="sumtest" time="0.0" classname="com.test.invocationtest"/>
  <testcase name="sumtest" time="0.0" classname="com.test.invocationtest"/>
  <testcase name="sumtest" time="0.0" classname="com.test.invocationtest"/>
  <testcase name="sumtest" time="0.016" classname="com.test.invocationtest"/>
  <testcase name="sumtest" time="0.0" classname="com.test.invocationtest"/>
  <testcase name="sumtest" time="0.0" classname="com.test.invocationtest"/>
  <testcase name="sumtest" time="0.0" classname="com.test.invocationtest"/>
  <testcase name="sumtest" time="0.0" classname="com.test.invocationtest"/>
  <testcase name="sumtest" time="0.0" classname="com.test.invocationtest"/>
  <testcase name="sumtest" time="0.0" classname="com.test.invocationtest"/>
  <testcase name="sumtest" time="0.0" classname="com.test.invocationtest"/>
  <testcase name="sumtest" time="0.0" classname="com.test.invocationtest"/>
  <testcase name="sumtest" time="0.031" classname="com.test.invocationtest"/>
  <testcase name="sumtest" time="0.0" classname="com.test.invocationtest"/>
  <testcase name="sumtest" time="0.0" classname="com.test.invocationtest"/>
  <testcase name="sumtest" time="0.0" classname="com.test.invocationtest"/>
  <testcase name="sumtest" time="0.0" classname="com.test.invocationtest"/>
  <testcase name="sumtest" time="0.0" classname="com.test.invocationtest"/>
  <testcase name="sumtest" time="0.0" classname="com.test.invocationtest"/>
  <testcase name="sumtest" time="0.0" classname="com.test.invocationtest"/>
  <testcase name="sumtest" time="0.0" classname="com.test.invocationtest"/>
  <testcase name="sumtest" time="0.0" classname="com.test.invocationtest"/>
  <testcase name="sumtest" time="0.0" classname="com.test.invocationtest"/>
  <testcase name="sumtest" time="0.0" classname="com.test.invocationtest"/>
  <testcase name="sumtest" time="0.0" classname="com.test.invocationtest"/>
  <testcase name="sumtest" time="0.0" classname="com.test.invocationtest"/>
  <testcase name="sumtest" time="0.0" classname="com.test.invocationtest"/>
  <testcase name="sumtest" time="0.0" classname="com.test.invocationtest"/>
  <testcase name="sumtest" time="0.0" classname="com.test.invocationtest"/>
  <testcase name="sumtest" time="0.0" classname="com.test.invocationtest"/>
  <testcase name="sumtest" time="0.0" classname="com.test.invocationtest"/>
  <testcase name="sumtest" time="0.0" classname="com.test.invocationtest"/>
  <testcase name="sumtest" time="0.0" classname="com.test.invocationtest"/>
  <testcase name="sumtest" time="0.0" classname="com.test.invocationtest"/>
  <testcase name="sumtest" time="0.0" classname="com.test.invocationtest"/>
  <testcase name="sumtest" time="0.016" classname="com.test.invocationtest"/>
  <testcase name="sumtest" time="0.0" classname="com.test.invocationtest"/>
  <testcase name="sumtest" time="0.0" classname="com.test.invocationtest"/>
  <testcase name="sumtest" time="0.0" classname="com.test.invocationtest"/>
  <testcase name="sumtest" time="0.0" classname="com.test.invocationtest"/>
  <testcase name="sumtest" time="0.0" classname="com.test.invocationtest"/>
  <testcase name="sumtest" time="0.0" classname="com.test.invocationtest"/>
  <testcase name="sumtest" time="0.0" classname="com.test.invocationtest"/>
  <testcase name="sumtest" time="0.0" classname="com.test.invocationtest"/>
  <testcase name="sumtest" time="0.0" classname="com.test.invocationtest"/>
  <testcase name="sumtest" time="0.0" classname="com.test.invocationtest"/>
  <testcase name="sumtest" time="0.0" classname="com.test.invocationtest"/>
  <testcase name="sumtest" time="0.031" classname="com.test.invocationtest"/>
  <testcase name="sumtest" time="0.0" classname="com.test.invocationtest"/>
  <testcase name="sumtest" time="0.0" classname="com.test.invocationtest"/>
  <testcase name="sumtest" time="0.0" classname="com.test.invocationtest"/>
  <testcase name="sumtest" time="0.0" classname="com.test.invocationtest"/>
  <testcase name="sumtest" time="0.0" classname="com.test.invocationtest"/>
  <testcase name="sumtest" time="0.0" classname="com.test.invocationtest"/>
  <testcase name="sumtest" time="0.0" classname="com.test.invocationtest"/>
  <testcase name="sumtest" time="0.0" classname="com.test.invocationtest"/>
  <testcase name="sumtest" time="0.0" classname="com.test.invocationtest"/>
  <testcase name="sumtest" time="0.0" classname="com.test.invocationtest"/>
  <testcase name="sumtest" time="0.0" classname="com.test.invocationtest"/>
  <testcase name="sumtest" time="0.0" classname="com.test.invocationtest"/>
  <testcase name="sumtest" time="0.0" classname="com.test.invocationtest"/>
  <testcase name="sumtest" time="0.0" classname="com.test.invocationtest"/>
  <testcase name="sumtest" time="0.0" classname="com.test.invocationtest"/>
  <testcase name="sumtest" time="0.0" classname="com.test.invocationtest"/>
  <testcase name="sumtest" time="0.0" classname="com.test.invocationtest"/>
  <testcase name="sumtest" time="0.0" classname="com.test.invocationtest"/>
  <testcase name="sumtest" time="0.0" classname="com.test.invocationtest"/>
  <testcase name="sumtest" time="0.0" classname="com.test.invocationtest"/>
  <testcase name="sumtest" time="0.0" classname="com.test.invocationtest"/>
  <testcase name="sumtest" time="0.0" classname="com.test.invocationtest"/>
  <testcase name="sumtest" time="0.015" classname="com.test.invocationtest"/>
  <testcase name="sumtest" time="0.0" classname="com.test.invocationtest"/>
  <testcase name="sumtest" time="0.0" classname="com.test.invocationtest"/>
  <testcase name="sumtest" time="0.0" classname="com.test.invocationtest"/>
  <testcase name="sumtest" time="0.0" classname="com.test.invocationtest"/>
  <testcase name="sumtest" time="0.0" classname="com.test.invocationtest"/>
  <testcase name="sumtest" time="0.0" classname="com.test.invocationtest"/>
  <testcase name="sumtest" time="0.0" classname="com.test.invocationtest"/>
  <testcase name="sumtest" time="0.0" classname="com.test.invocationtest"/>
  <testcase name="sumtest" time="0.0" classname="com.test.invocationtest"/>
  <testcase name="sumtest" time="0.0" classname="com.test.invocationtest"/>
  <testcase name="sumtest" time="0.0" classname="com.test.invocationtest"/>
  <testcase name="sumtest" time="0.016" classname="com.test.invocationtest"/>
  <testcase name="sumtest" time="0.0" classname="com.test.invocationtest"/>
  <testcase name="sumtest" time="0.0" classname="com.test.invocationtest"/>
  <testcase name="sumtest" time="0.0" classname="com.test.invocationtest"/>
  <testcase name="sumtest" time="0.0" classname="com.test.invocationtest"/>
  <testcase name="sumtest" time="0.0" classname="com.test.invocationtest"/>
  <testcase name="sumtest" time="0.0" classname="com.test.invocationtest"/>
  <testcase name="sumtest" time="0.0" classname="com.test.invocationtest"/>
  <testcase name="sumtest" time="0.0" classname="com.test.invocationtest"/>
  <testcase name="sumtest" time="0.0" classname="com.test.invocationtest"/>
  <testcase name="sumtest" time="0.0" classname="com.test.invocationtest"/>
  <testcase name="sumtest" time="0.0" classname="com.test.invocationtest"/>
  <testcase name="sumtest" time="0.0" classname="com.test.invocationtest"/>
  <testcase name="sumtest" time="0.0" classname="com.test.invocationtest"/>
  <testcase name="sumtest" time="0.0" classname="com.test.invocationtest"/>
  <testcase name="sumtest" time="0.0" classname="com.test.invocationtest"/>
  <testcase name="sumtest" time="0.0" classname="com.test.invocationtest"/>
  <testcase name="sumtest" time="0.0" classname="com.test.invocationtest"/>
  <testcase name="sumtest" time="0.0" classname="com.test.invocationtest"/>
  <testcase name="sumtest" time="0.0" classname="com.test.invocationtest"/>
  <testcase name="sumtest" time="0.0" classname="com.test.invocationtest"/>
  <testcase name="sumtest" time="0.0" classname="com.test.invocationtest"/>
  <testcase name="sumtest" time="0.0" classname="com.test.invocationtest"/>
  <testcase name="sumtest" time="0.016" classname="com.test.invocationtest"/>
  <testcase name="sumtest" time="0.0" classname="com.test.invocationtest"/>
  <testcase name="sumtest" time="0.016" classname="com.test.invocationtest"/>
  <testcase name="sumtest" time="0.0" classname="com.test.invocationtest"/>
  <testcase name="sumtest" time="0.0" classname="com.test.invocationtest"/>
  <testcase name="sumtest" time="0.0" classname="com.test.invocationtest"/>
  <testcase name="sumtest" time="0.0" classname="com.test.invocationtest"/>
  <testcase name="sumtest" time="0.0" classname="com.test.invocationtest"/>
  <testcase name="sumtest" time="0.0" classname="com.test.invocationtest"/>
  <testcase name="sumtest" time="0.0" classname="com.test.invocationtest"/>
  <testcase name="sumtest" time="0.0" classname="com.test.invocationtest"/>
  <testcase name="sumtest" time="0.0" classname="com.test.invocationtest"/>
  <testcase name="sumtest" time="0.015" classname="com.test.invocationtest"/>
  <testcase name="sumtest" time="0.0" classname="com.test.invocationtest"/>
  <testcase name="sumtest" time="0.0" classname="com.test.invocationtest"/>
  <testcase name="sumtest" time="0.0" classname="com.test.invocationtest"/>
  <testcase name="sumtest" time="0.0" classname="com.test.invocationtest"/>
  <testcase name="sumtest" time="0.0" classname="com.test.invocationtest"/>
  <testcase name="sumtest" time="0.0" classname="com.test.invocationtest"/>
  <testcase name="sumtest" time="0.0" classname="com.test.invocationtest"/>
  <testcase name="sumtest" time="0.0" classname="com.test.invocationtest"/>
  <testcase name="sumtest" time="0.0" classname="com.test.invocationtest"/>
  <testcase name="sumtest" time="0.016" classname="com.test.invocationtest"/>
  <testcase name="sumtest" time="0.0" classname="com.test.invocationtest"/>
  <testcase name="sumtest" time="0.0" classname="com.test.invocationtest"/>
  <testcase name="sumtest" time="0.0" classname="com.test.invocationtest"/>
  <testcase name="sumtest" time="0.0" classname="com.test.invocationtest"/>
  <testcase name="sumtest" time="0.0" classname="com.test.invocationtest"/>
  <testcase name="sumtest" time="0.0" classname="com.test.invocationtest"/>
  <testcase name="sumtest" time="0.0" classname="com.test.invocationtest"/>
  <testcase name="sumtest" time="0.0" classname="com.test.invocationtest"/>
  <testcase name="sumtest" time="0.0" classname="com.test.invocationtest"/>
  <testcase name="sumtest" time="0.0" classname="com.test.invocationtest"/>
  <testcase name="sumtest" time="0.0" classname="com.test.invocationtest"/>
  <testcase name="sumtest" time="0.0" classname="com.test.invocationtest"/>
  <testcase name="sumtest" time="0.016" classname="com.test.invocationtest"/>
  <testcase name="sumtest" time="0.0" classname="com.test.invocationtest"/>
  <testcase name="sumtest" time="0.0" classname="com.test.invocationtest"/>
  <testcase name="sumtest" time="0.0" classname="com.test.invocationtest"/>
  <testcase name="sumtest" time="0.0" classname="com.test.invocationtest"/>
  <testcase name="sumtest" time="0.0" classname="com.test.invocationtest"/>
  <testcase name="sumtest" time="0.0" classname="com.test.invocationtest"/>
  <testcase name="sumtest" time="0.0" classname="com.test.invocationtest"/>
  <testcase name="sumtest" time="0.016" classname="com.test.invocationtest"/>
  <testcase name="sumtest" time="0.0" classname="com.test.invocationtest"/>
  <testcase name="sumtest" time="0.0" classname="com.test.invocationtest"/>
  <testcase name="sumtest" time="0.0" classname="com.test.invocationtest"/>
  <testcase name="sumtest" time="0.0" classname="com.test.invocationtest"/>
  <testcase name="sumtest" time="0.0" classname="com.test.invocationtest"/>
  <testcase name="sumtest" time="0.0" classname="com.test.invocationtest"/>
  <testcase name="sumtest" time="0.0" classname="com.test.invocationtest"/>
  <testcase name="sumtest" time="0.0" classname="com.test.invocationtest"/>
  <testcase name="sumtest" time="0.0" classname="com.test.invocationtest"/>
  <testcase name="sumtest" time="0.0" classname="com.test.invocationtest"/>
  <testcase name="sumtest" time="0.0" classname="com.test.invocationtest"/>
  <testcase name="sumtest" time="0.0" classname="com.test.invocationtest"/>
  <testcase name="sumtest" time="0.0" classname="com.test.invocationtest"/>
  <testcase name="sumtest" time="0.0" classname="com.test.invocationtest"/>
  <testcase name="sumtest" time="0.0" classname="com.test.invocationtest"/>
  <testcase name="sumtest" time="0.0" classname="com.test.invocationtest"/>
  <testcase name="sumtest" time="0.016" classname="com.test.invocationtest"/>
  <testcase name="sumtest" time="0.0" classname="com.test.invocationtest"/>
  <testcase name="sumtest" time="0.0" classname="com.test.invocationtest"/>
  <testcase name="sumtest" time="0.0" classname="com.test.invocationtest"/>
  <testcase name="sumtest" time="0.0" classname="com.test.invocationtest"/>
  <testcase name="sumtest" time="0.0" classname="com.test.invocationtest"/>
  <testcase name="sumtest" time="0.0" classname="com.test.invocationtest"/>
  <testcase name="sumtest" time="0.0" classname="com.test.invocationtest"/>
  <testcase name="sumtest" time="0.0" classname="com.test.invocationtest"/>
  <testcase name="sumtest" time="0.0" classname="com.test.invocationtest"/>
  <testcase name="sumtest" time="0.0" classname="com.test.invocationtest"/>
  <testcase name="sumtest" time="0.0" classname="com.test.invocationtest"/>
  <testcase name="sumtest" time="0.0" classname="com.test.invocationtest"/>
  <testcase name="sumtest" time="0.016" classname="com.test.invocationtest"/>
  <testcase name="sumtest" time="0.0" classname="com.test.invocationtest"/>
  <testcase name="sumtest" time="0.0" classname="com.test.invocationtest"/>
  <testcase name="sumtest" time="0.0" classname="com.test.invocationtest"/>
  <testcase name="sumtest" time="0.0" classname="com.test.invocationtest"/>
  <testcase name="sumtest" time="0.0" classname="com.test.invocationtest"/>
  <testcase name="sumtest" time="0.0" classname="com.test.invocationtest"/>
  <testcase name="sumtest" time="0.0" classname="com.test.invocationtest"/>
  <testcase name="sumtest" time="0.0" classname="com.test.invocationtest"/>
  <testcase name="sumtest" time="0.0" classname="com.test.invocationtest"/>
  <testcase name="sumtest" time="0.0" classname="com.test.invocationtest"/>
  <testcase name="sumtest" time="0.0" classname="com.test.invocationtest"/>
  <testcase name="sumtest" time="0.0" classname="com.test.invocationtest"/>
  <testcase name="sumtest" time="0.0" classname="com.test.invocationtest"/>
  <testcase name="sumtest" time="0.0" classname="com.test.invocationtest"/>
  <testcase name="sumtest" time="0.0" classname="com.test.invocationtest"/>
  <testcase name="sumtest" time="0.0" classname="com.test.invocationtest"/>
  <testcase name="sumtest" time="0.0" classname="com.test.invocationtest"/>
  <testcase name="sumtest" time="0.0" classname="com.test.invocationtest"/>
  <testcase name="sumtest" time="0.0" classname="com.test.invocationtest"/>
  <testcase name="sumtest" time="0.0" classname="com.test.invocationtest"/>
  <testcase name="sumtest" time="0.0" classname="com.test.invocationtest"/>
  <testcase name="sumtest" time="0.0" classname="com.test.invocationtest"/>
  <testcase name="sumtest" time="0.0" classname="com.test.invocationtest"/>
  <testcase name="sumtest" time="0.0" classname="com.test.invocationtest"/>
  <testcase name="sumtest" time="0.0" classname="com.test.invocationtest"/>
  <testcase name="sumtest" time="0.0" classname="com.test.invocationtest"/>
  <testcase name="sumtest" time="0.0" classname="com.test.invocationtest"/>
  <testcase name="sumtest" time="0.0" classname="com.test.invocationtest"/>
  <testcase name="sumtest" time="0.0" classname="com.test.invocationtest"/>
  <testcase name="sumtest" time="0.016" classname="com.test.invocationtest"/>
  <testcase name="sumtest" time="0.0" classname="com.test.invocationtest"/>
  <testcase name="sumtest" time="0.0" classname="com.test.invocationtest"/>
  <testcase name="sumtest" time="0.0" classname="com.test.invocationtest"/>
  <testcase name="sumtest" time="0.0" classname="com.test.invocationtest"/>
  <testcase name="sumtest" time="0.0" classname="com.test.invocationtest"/>
  <testcase name="sumtest" time="0.0" classname="com.test.invocationtest"/>
  <testcase name="sumtest" time="0.0" classname="com.test.invocationtest"/>
  <testcase name="sumtest" time="0.0" classname="com.test.invocationtest"/>
  <testcase name="sumtest" time="0.0" classname="com.test.invocationtest"/>
  <testcase name="sumtest" time="0.0" classname="com.test.invocationtest"/>
  <testcase name="sumtest" time="0.0" classname="com.test.invocationtest"/>
  <testcase name="sumtest" time="0.0" classname="com.test.invocationtest"/>
  <testcase name="sumtest" time="0.0" classname="com.test.invocationtest"/>
  <testcase name="sumtest" time="0.0" classname="com.test.invocationtest"/>
  <testcase name="sumtest" time="0.0" classname="com.test.invocationtest"/>
  <testcase name="sumtest" time="0.0" classname="com.test.invocationtest"/>
  <testcase name="sumtest" time="0.0" classname="com.test.invocationtest"/>
  <testcase name="sumtest" time="0.0" classname="com.test.invocationtest"/>
  <testcase name="sumtest" time="0.0" classname="com.test.invocationtest"/>
  <testcase name="sumtest" time="0.0" classname="com.test.invocationtest"/>
  <testcase name="sumtest" time="0.016" classname="com.test.invocationtest"/>
  <testcase name="sumtest" time="0.001" classname="com.test.invocationtest"/>
  <testcase name="sumtest" time="0.001" classname="com.test.invocationtest"/>
  <testcase name="sumtest" time="0.0" classname="com.test.invocationtest"/>
  <testcase name="sumtest" time="0.0" classname="com.test.invocationtest"/>
  <testcase name="sumtest" time="0.002" classname="com.test.invocationtest"/>
  <testcase name="sumtest" time="0.0" classname="com.test.invocationtest"/>
  <testcase name="sumtest" time="0.002" classname="com.test.invocationtest"/>
  <testcase name="sumtest" time="0.001" classname="com.test.invocationtest"/>
  <testcase name="sumtest" time="0.001" classname="com.test.invocationtest"/>
  <testcase name="sumtest" time="0.0" classname="com.test.invocationtest"/>
  <testcase name="sumtest" time="0.001" classname="com.test.invocationtest"/>
  <testcase name="sumtest" time="0.001" classname="com.test.invocationtest"/>
  <testcase name="sumtest" time="0.001" classname="com.test.invocationtest"/>
  <testcase name="sumtest" time="0.0" classname="com.test.invocationtest"/>
  <testcase name="sumtest" time="0.001" classname="com.test.invocationtest"/>
  <testcase name="sumtest" time="0.0" classname="com.test.invocationtest"/>
  <testcase name="sumtest" time="0.001" classname="com.test.invocationtest"/>
  <testcase name="sumtest" time="0.0" classname="com.test.invocationtest"/>
  <testcase name="sumtest" time="0.0" classname="com.test.invocationtest"/>
  <testcase name="sumtest" time="0.0" classname="com.test.invocationtest"/>
  <testcase name="sumtest" time="0.0" classname="com.test.invocationtest"/>
  <testcase name="sumtest" time="0.0" classname="com.test.invocationtest"/>
  <testcase name="sumtest" time="0.0" classname="com.test.invocationtest"/>
  <testcase name="sumtest" time="0.0" classname="com.test.invocationtest"/>
  <testcase name="sumtest" time="0.0" classname="com.test.invocationtest"/>
  <testcase name="sumtest" time="0.0" classname="com.test.invocationtest"/>
  <testcase name="sumtest" time="0.0" classname="com.test.invocationtest"/>
  <testcase name="sumtest" time="0.0" classname="com.test.invocationtest"/>
  <testcase name="sumtest" time="0.0" classname="com.test.invocationtest"/>
  <testcase name="sumtest" time="0.0" classname="com.test.invocationtest"/>
  <testcase name="sumtest" time="0.0" classname="com.test.invocationtest"/>
  <testcase name="sumtest" time="0.0" classname="com.test.invocationtest"/>
  <testcase name="sumtest" time="0.0" classname="com.test.invocationtest"/>
  <testcase name="sumtest" time="0.0" classname="com.test.invocationtest"/>
  <testcase name="sumtest" time="0.0" classname="com.test.invocationtest"/>
  <testcase name="sumtest" time="0.0" classname="com.test.invocationtest"/>
  <testcase name="sumtest" time="0.0" classname="com.test.invocationtest"/>
  <testcase name="sumtest" time="0.0" classname="com.test.invocationtest"/>
  <testcase name="sumtest" time="0.0" classname="com.test.invocationtest"/>
  <testcase name="sumtest" time="0.0" classname="com.test.invocationtest"/>
  <testcase name="sumtest" time="0.031" classname="com.test.invocationtest"/>
  <testcase name="sumtest" time="0.0" classname="com.test.invocationtest"/>
  <testcase name="sumtest" time="0.0" classname="com.test.invocationtest"/>
  <testcase name="sumtest" time="0.0" classname="com.test.invocationtest"/>
  <testcase name="sumtest" time="0.016" classname="com.test.invocationtest"/>
  <testcase name="sumtest" time="0.0" classname="com.test.invocationtest"/>
  <testcase name="sumtest" time="0.0" classname="com.test.invocationtest"/>
  <testcase name="sumtest" time="0.0" classname="com.test.invocationtest"/>
  <testcase name="sumtest" time="0.0" classname="com.test.invocationtest"/>
  <testcase name="sumtest" time="0.0" classname="com.test.invocationtest"/>
  <testcase name="sumtest" time="0.031" classname="com.test.invocationtest"/>
  <testcase name="sumtest" time="0.0" classname="com.test.invocationtest"/>
  <testcase name="sumtest" time="0.0" classname="com.test.invocationtest"/>
  <testcase name="sumtest" time="0.0" classname="com.test.invocationtest"/>
  <testcase name="sumtest" time="0.0" classname="com.test.invocationtest"/>
  <testcase name="sumtest" time="0.0" classname="com.test.invocationtest"/>
  <testcase name="sumtest" time="0.0" classname="com.test.invocationtest"/>
  <testcase name="sumtest" time="0.0" classname="com.test.invocationtest"/>
  <testcase name="sumtest" time="0.0" classname="com.test.invocationtest"/>
  <testcase name="sumtest" time="0.0" classname="com.test.invocationtest"/>
  <testcase name="sumtest" time="0.0" classname="com.test.invocationtest"/>
  <testcase name="sumtest" time="0.0" classname="com.test.invocationtest"/>
  <testcase name="sumtest" time="0.0" classname="com.test.invocationtest"/>
  <testcase name="sumtest" time="0.0" classname="com.test.invocationtest"/>
  <testcase name="sumtest" time="0.0" classname="com.test.invocationtest"/>
  <testcase name="sumtest" time="0.0" classname="com.test.invocationtest"/>
  <testcase name="sumtest" time="0.0" classname="com.test.invocationtest"/>
  <testcase name="sumtest" time="0.0" classname="com.test.invocationtest"/>
  <testcase name="sumtest" time="0.0" classname="com.test.invocationtest"/>
  <testcase name="sumtest" time="0.0" classname="com.test.invocationtest"/>
  <testcase name="sumtest" time="0.0" classname="com.test.invocationtest"/>
  <testcase name="sumtest" time="0.0" classname="com.test.invocationtest"/>
  <testcase name="sumtest" time="0.0" classname="com.test.invocationtest"/>
  <testcase name="sumtest" time="0.0" classname="com.test.invocationtest"/>
  <testcase name="sumtest" time="0.0" classname="com.test.invocationtest"/>
  <testcase name="sumtest" time="0.0" classname="com.test.invocationtest"/>
  <testcase name="sumtest" time="0.0" classname="com.test.invocationtest"/>
  <testcase name="sumtest" time="0.0" classname="com.test.invocationtest"/>
  <testcase name="sumtest" time="0.0" classname="com.test.invocationtest"/>
  <testcase name="sumtest" time="0.0" classname="com.test.invocationtest"/>
  <testcase name="sumtest" time="0.0" classname="com.test.invocationtest"/>
  <testcase name="sumtest" time="0.0" classname="com.test.invocationtest"/>
  <testcase name="sumtest" time="0.0" classname="com.test.invocationtest"/>
  <testcase name="sumtest" time="0.0" classname="com.test.invocationtest"/>
  <testcase name="sumtest" time="0.0" classname="com.test.invocationtest"/>
  <testcase name="sumtest" time="0.0" classname="com.test.invocationtest"/>
  <testcase name="sumtest" time="0.001" classname="com.test.invocationtest"/>
  <testcase name="sumtest" time="0.0" classname="com.test.invocationtest"/>
  <testcase name="sumtest" time="0.0" classname="com.test.invocationtest"/>
  <testcase name="sumtest" time="0.0" classname="com.test.invocationtest"/>
  <testcase name="sumtest" time="0.0" classname="com.test.invocationtest"/>
  <testcase name="sumtest" time="0.0" classname="com.test.invocationtest"/>
  <testcase name="sumtest" time="0.0" classname="com.test.invocationtest"/>
  <testcase name="sumtest" time="0.0" classname="com.test.invocationtest"/>
  <testcase name="sumtest" time="0.0" classname="com.test.invocationtest"/>
  <testcase name="sumtest" time="0.0" classname="com.test.invocationtest"/>
  <testcase name="sumtest" time="0.014" classname="com.test.invocationtest"/>
  <testcase name="sumtest" time="0.0" classname="com.test.invocationtest"/>
  <testcase name="sumtest" time="0.0" classname="com.test.invocationtest"/>
  <testcase name="sumtest" time="0.0" classname="com.test.invocationtest"/>
  <testcase name="sumtest" time="0.0" classname="com.test.invocationtest"/>
  <testcase name="sumtest" time="0.001" classname="com.test.invocationtest"/>
  <testcase name="sumtest" time="0.0" classname="com.test.invocationtest"/>
  <testcase name="sumtest" time="0.001" classname="com.test.invocationtest"/>
  <testcase name="sumtest" time="0.0" classname="com.test.invocationtest"/>
  <testcase name="sumtest" time="0.001" classname="com.test.invocationtest"/>
  <testcase name="sumtest" time="0.0" classname="com.test.invocationtest"/>
  <testcase name="sumtest" time="0.001" classname="com.test.invocationtest"/>
  <testcase name="sumtest" time="0.0" classname="com.test.invocationtest"/>
  <testcase name="sumtest" time="0.001" classname="com.test.invocationtest"/>
  <testcase name="sumtest" time="0.0" classname="com.test.invocationtest"/>
  <testcase name="sumtest" time="0.001" classname="com.test.invocationtest"/>
  <testcase name="sumtest" time="0.0" classname="com.test.invocationtest"/>
  <testcase name="sumtest" time="0.0" classname="com.test.invocationtest"/>
  <testcase name="sumtest" time="0.0" classname="com.test.invocationtest"/>
  <testcase name="sumtest" time="0.02" classname="com.test.invocationtest"/>
  <testcase name="sumtest" time="0.0" classname="com.test.invocationtest"/>
  <testcase name="sumtest" time="0.001" classname="com.test.invocationtest"/>
  <testcase name="sumtest" time="0.001" classname="com.test.invocationtest"/>
  <testcase name="sumtest" time="0.0" classname="com.test.invocationtest"/>
  <testcase name="sumtest" time="0.001" classname="com.test.invocationtest"/>
  <testcase name="sumtest" time="0.0" classname="com.test.invocationtest"/>
  <testcase name="sumtest" time="0.001" classname="com.test.invocationtest"/>
  <testcase name="sumtest" time="0.0" classname="com.test.invocationtest"/>
  <testcase name="sumtest" time="0.0" classname="com.test.invocationtest"/>
  <testcase name="sumtest" time="0.0" classname="com.test.invocationtest"/>
  <testcase name="sumtest" time="0.0" classname="com.test.invocationtest"/>
  <testcase name="sumtest" time="0.0" classname="com.test.invocationtest"/>
  <testcase name="sumtest" time="0.0" classname="com.test.invocationtest"/>
  <testcase name="sumtest" time="0.03" classname="com.test.invocationtest"/>
  <testcase name="sumtest" time="0.0" classname="com.test.invocationtest"/>
  <testcase name="sumtest" time="0.001" classname="com.test.invocationtest"/>
  <testcase name="sumtest" time="0.0" classname="com.test.invocationtest"/>
  <testcase name="sumtest" time="0.001" classname="com.test.invocationtest"/>
  <testcase name="sumtest" time="0.001" classname="com.test.invocationtest"/>
  <testcase name="sumtest" time="0.0" classname="com.test.invocationtest"/>
  <testcase name="sumtest" time="0.0" classname="com.test.invocationtest"/>
  <testcase name="sumtest" time="0.0" classname="com.test.invocationtest"/>
  <testcase name="sumtest" time="0.0" classname="com.test.invocationtest"/>
  <testcase name="sumtest" time="0.0" classname="com.test.invocationtest"/>
  <testcase name="sumtest" time="0.0" classname="com.test.invocationtest"/>
  <testcase name="sumtest" time="0.0" classname="com.test.invocationtest"/>
  <testcase name="sumtest" time="0.001" classname="com.test.invocationtest"/>
  <testcase name="sumtest" time="0.0" classname="com.test.invocationtest"/>
  <testcase name="sumtest" time="0.002" classname="com.test.invocationtest"/>
  <testcase name="sumtest" time="0.0" classname="com.test.invocationtest"/>
  <testcase name="sumtest" time="0.001" classname="com.test.invocationtest"/>
  <testcase name="sumtest" time="0.0" classname="com.test.invocationtest"/>
  <testcase name="sumtest" time="0.001" classname="com.test.invocationtest"/>
  <testcase name="sumtest" time="0.0" classname="com.test.invocationtest"/>
  <testcase name="sumtest" time="0.001" classname="com.test.invocationtest"/>
  <testcase name="sumtest" time="0.0" classname="com.test.invocationtest"/>
  <testcase name="sumtest" time="0.001" classname="com.test.invocationtest"/>
  <testcase name="sumtest" time="0.0" classname="com.test.invocationtest"/>
  <testcase name="sumtest" time="0.001" classname="com.test.invocationtest"/>
  <testcase name="sumtest" time="0.0" classname="com.test.invocationtest"/>
  <testcase name="sumtest" time="0.001" classname="com.test.invocationtest"/>
  <testcase name="sumtest" time="0.001" classname="com.test.invocationtest"/>
  <testcase name="sumtest" time="0.001" classname="com.test.invocationtest"/>
  <testcase name="sumtest" time="0.002" classname="com.test.invocationtest"/>
  <testcase name="sumtest" time="0.0" classname="com.test.invocationtest"/>
  <testcase name="sumtest" time="0.0" classname="com.test.invocationtest"/>
  <testcase name="sumtest" time="0.001" classname="com.test.invocationtest"/>
  <testcase name="sumtest" time="0.0" classname="com.test.invocationtest"/>
  <testcase name="sumtest" time="0.001" classname="com.test.invocationtest"/>
  <testcase name="sumtest" time="0.0" classname="com.test.invocationtest"/>
  <testcase name="sumtest" time="0.001" classname="com.test.invocationtest"/>
  <testcase name="sumtest" time="0.053" classname="com.test.invocationtest"/>
  <testcase name="sumtest" time="0.0" classname="com.test.invocationtest"/>
  <testcase name="sumtest" time="0.0" classname="com.test.invocationtest"/>
  <testcase name="sumtest" time="0.0" classname="com.test.invocationtest"/>
  <testcase name="sumtest" time="0.0" classname="com.test.invocationtest"/>
  <testcase name="sumtest" time="0.0" classname="com.test.invocationtest"/>
  <testcase name="sumtest" time="0.0" classname="com.test.invocationtest"/>
  <testcase name="sumtest" time="0.0" classname="com.test.invocationtest"/>
  <testcase name="sumtest" time="0.0" classname="com.test.invocationtest"/>
  <testcase name="sumtest" time="0.0" classname="com.test.invocationtest"/>
  <testcase name="sumtest" time="0.0" classname="com.test.invocationtest"/>
  <testcase name="sumtest" time="0.0" classname="com.test.invocationtest"/>
  <testcase name="sumtest" time="0.0" classname="com.test.invocationtest"/>
  <testcase name="sumtest" time="0.016" classname="com.test.invocationtest"/>
  <testcase name="sumtest" time="0.0" classname="com.test.invocationtest"/>
  <testcase name="sumtest" time="0.0" classname="com.test.invocationtest"/>
  <testcase name="sumtest" time="0.0" classname="com.test.invocationtest"/>
  <testcase name="sumtest" time="0.0" classname="com.test.invocationtest"/>
  <testcase name="sumtest" time="0.0" classname="com.test.invocationtest"/>
  <testcase name="sumtest" time="0.0" classname="com.test.invocationtest"/>
  <testcase name="sumtest" time="0.0" classname="com.test.invocationtest"/>
  <testcase name="sumtest" time="0.0" classname="com.test.invocationtest"/>
  <testcase name="sumtest" time="0.0" classname="com.test.invocationtest"/>
  <testcase name="sumtest" time="0.016" classname="com.test.invocationtest"/>
  <testcase name="sumtest" time="0.0" classname="com.test.invocationtest"/>
  <testcase name="sumtest" time="0.0" classname="com.test.invocationtest"/>
  <testcase name="sumtest" time="0.0" classname="com.test.invocationtest"/>
  <testcase name="sumtest" time="0.0" classname="com.test.invocationtest"/>
  <testcase name="sumtest" time="0.0" classname="com.test.invocationtest"/>
  <testcase name="sumtest" time="0.0" classname="com.test.invocationtest"/>
  <testcase name="sumtest" time="0.0" classname="com.test.invocationtest"/>
  <testcase name="sumtest" time="0.0" classname="com.test.invocationtest"/>
  <testcase name="sumtest" time="0.0" classname="com.test.invocationtest"/>
  <testcase name="sumtest" time="0.0" classname="com.test.invocationtest"/>
  <testcase name="sumtest" time="0.0" classname="com.test.invocationtest"/>
  <testcase name="sumtest" time="0.0" classname="com.test.invocationtest"/>
  <testcase name="sumtest" time="0.0" classname="com.test.invocationtest"/>
  <testcase name="sumtest" time="0.0" classname="com.test.invocationtest"/>
  <testcase name="sumtest" time="0.0" classname="com.test.invocationtest"/>
  <testcase name="sumtest" time="0.0" classname="com.test.invocationtest"/>
  <testcase name="sumtest" time="0.0" classname="com.test.invocationtest"/>
  <testcase name="sumtest" time="0.0" classname="com.test.invocationtest"/>
  <testcase name="sumtest" time="0.0" classname="com.test.invocationtest"/>
  <testcase name="sumtest" time="0.0" classname="com.test.invocationtest"/>
  <testcase name="sumtest" time="0.0" classname="com.test.invocationtest"/>
  <testcase name="sumtest" time="0.0" classname="com.test.invocationtest"/>
  <testcase name="sumtest" time="0.0" classname="com.test.invocationtest"/>
  <testcase name="sumtest" time="0.0" classname="com.test.invocationtest"/>
  <testcase name="sumtest" time="0.0" classname="com.test.invocationtest"/>
  <testcase name="sumtest" time="0.0" classname="com.test.invocationtest"/>
  <testcase name="sumtest" time="0.0" classname="com.test.invocationtest"/>
  <testcase name="sumtest" time="0.0" classname="com.test.invocationtest"/>
  <testcase name="sumtest" time="0.0" classname="com.test.invocationtest"/>
  <testcase name="sumtest" time="0.0" classname="com.test.invocationtest"/>
  <testcase name="sumtest" time="0.0" classname="com.test.invocationtest"/>
  <testcase name="sumtest" time="0.0" classname="com.test.invocationtest"/>
  <testcase name="sumtest" time="0.0" classname="com.test.invocationtest"/>
  <testcase name="sumtest" time="0.0" classname="com.test.invocationtest"/>
  <testcase name="sumtest" time="0.0" classname="com.test.invocationtest"/>
  <testcase name="sumtest" time="0.0" classname="com.test.invocationtest"/>
  <testcase name="sumtest" time="0.0" classname="com.test.invocationtest"/>
  <testcase name="sumtest" time="0.0" classname="com.test.invocationtest"/>
  <testcase name="sumtest" time="0.0" classname="com.test.invocationtest"/>
  <testcase name="sumtest" time="0.0" classname="com.test.invocationtest"/>
  <testcase name="sumtest" time="0.0" classname="com.test.invocationtest"/>
  <testcase name="sumtest" time="0.0" classname="com.test.invocationtest"/>
  <testcase name="sumtest" time="0.0" classname="com.test.invocationtest"/>
  <testcase name="sumtest" time="0.0" classname="com.test.invocationtest"/>
  <testcase name="sumtest" time="0.0" classname="com.test.invocationtest"/>
[...]
  <testcase name="sumtest" time="0.0" classname="com.test.invocationtest"/>
  <testcase name="sumtest" time="0.0" classname="com.test.invocationtest"/>
  <testcase name="sumtest" time="0.0" classname="com.test.invocationtest"/>
  <testcase name="sumtest" time="0.0" classname="com.test.invocationtest"/>
  <testcase name="sumtest" time="0.0" classname="com.test.invocationtest"/>
  <testcase name="sumtest" time="0.0" classname="com.test.invocationtest"/>
  <testcase name="sumtest" time="0.0" classname="com.test.invocationtest"/>
  <testcase name="sumtest" time="0.0" classname="com.test.invocationtest"/>
  <testcase name="sumtest" time="0.0" classname="com.test.invocationtest"/>
  <testcase name="sumtest" time="0.0" classname="com.test.invocationtest"/>
  <testcase name="sumtest" time="0.0" classname="com.test.invocationtest"/>
  <testcase name="sumtest" time="0.0" classname="com.test.invocationtest"/>
  <testcase name="sumtest" time="0.0" classname="com.test.invocationtest"/>
  <testcase name="sumtest" time="0.0" classname="com.test.invocationtest"/>
  <testcase name="sumtest" time="0.0" classname="com.test.invocationtest"/>
  <testcase name="sumtest" time="0.0" classname="com.test.invocationtest"/>
  <testcase name="sumtest" time="0.0" classname="com.test.invocationtest"/>
  <testcase name="sumtest" time="0.0" classname="com.test.invocationtest"/>
  <testcase name="sumtest" time="0.0" classname="com.test.invocationtest"/>
  <testcase name="sumtest" time="0.0" classname="com.test.invocationtest"/>
  <testcase name="sumtest" time="0.0" classname="com.test.invocationtest"/>
  <testcase name="sumtest" time="0.016" classname="com.test.invocationtest"/>
  <testcase name="sumtest" time="0.0" classname="com.test.invocationtest"/>
  <testcase name="sumtest" time="0.0" classname="com.test.invocationtest"/>
  <testcase name="sumtest" time="0.0" classname="com.test.invocationtest"/>
  <testcase name="sumtest" time="0.0" classname="com.test.invocationtest"/>
  <testcase name="sumtest" time="0.0" classname="com.test.invocationtest"/>
  <testcase name="sumtest" time="0.0" classname="com.test.invocationtest"/>
  <testcase name="sumtest" time="0.0" classname="com.test.invocationtest"/>
  <testcase name="sumtest" time="0.0" classname="com.test.invocationtest"/>
  <testcase name="sumtest" time="0.0" classname="com.test.invocationtest"/>
  <testcase name="sumtest" time="0.0" classname="com.test.invocationtest"/>
  <testcase name="sumtest" time="0.0" classname="com.test.invocationtest"/>
  <testcase name="sumtest" time="0.001" classname="com.test.invocationtest"/>
  <testcase name="sumtest" time="0.0" classname="com.test.invocationtest"/>
  <testcase name="sumtest" time="0.0" classname="com.test.invocationtest"/>
  <testcase name="sumtest" time="0.0" classname="com.test.invocationtest"/>
  <testcase name="sumtest" time="0.0" classname="com.test.invocationtest"/>
  <testcase name="sumtest" time="0.011" classname="com.test.invocationtest"/>
  <testcase name="sumtest" time="0.003" classname="com.test.invocationtest"/>
  <testcase name="sumtest" time="0.0" classname="com.test.invocationtest"/>
  <testcase name="sumtest" time="0.002" classname="com.test.invocationtest"/>
  <testcase name="sumtest" time="0.001" classname="com.test.invocationtest"/>
  <testcase name="sumtest" time="0.0" classname="com.test.invocationtest"/>
  <testcase name="sumtest" time="0.001" classname="com.test.invocationtest"/>
  <testcase name="sumtest" time="0.0" classname="com.test.invocationtest"/>
  <testcase name="sumtest" time="0.0" classname="com.test.invocationtest"/>
  <testcase name="sumtest" time="0.001" classname="com.test.invocationtest"/>
  <testcase name="sumtest" time="0.0" classname="com.test.invocationtest"/>
  <testcase name="sumtest" time="0.001" classname="com.test.invocationtest"/>
  <testcase name="sumtest" time="0.009" classname="com.test.invocationtest"/>
  <testcase name="sumtest" time="0.001" classname="com.test.invocationtest"/>
  <testcase name="sumtest" time="0.0" classname="com.test.invocationtest"/>
  <testcase name="sumtest" time="0.0" classname="com.test.invocationtest"/>
  <testcase name="sumtest" time="0.0" classname="com.test.invocationtest"/>
  <testcase name="sumtest" time="0.0" classname="com.test.invocationtest"/>
  <testcase name="sumtest" time="0.0" classname="com.test.invocationtest"/>
  <testcase name="sumtest" time="0.0" classname="com.test.invocationtest"/>
  <testcase name="sumtest" time="0.0" classname="com.test.invocationtest"/>
  <testcase name="sumtest" time="0.0" classname="com.test.invocationtest"/>
  <testcase name="sumtest" time="0.0" classname="com.test.invocationtest"/>
  <testcase name="sumtest" time="0.0" classname="com.test.invocationtest"/>
  <testcase name="sumtest" time="0.001" classname="com.test.invocationtest"/>
  <testcase name="sumtest" time="0.0" classname="com.test.invocationtest"/>
  <testcase name="sumtest" time="0.0" classname="com.test.invocationtest"/>
  <testcase name="sumtest" time="0.001" classname="com.test.invocationtest"/>
  <testcase name="sumtest" time="0.0" classname="com.test.invocationtest"/>
  <testcase name="sumtest" time="0.001" classname="com.test.invocationtest"/>
  <testcase name="sumtest" time="0.0" classname="com.test.invocationtest"/>
  <testcase name="sumtest" time="0.0" classname="com.test.invocationtest"/>
  <testcase name="sumtest" time="0.0" classname="com.test.invocationtest"/>
  <testcase name="sumtest" time="0.0" classname="com.test.invocationtest"/>
  <testcase name="sumtest" time="0.0" classname="com.test.invocationtest"/>
  <testcase name="sumtest" time="0.011" classname="com.test.invocationtest"/>
  <testcase name="sumtest" time="0.001" classname="com.test.invocationtest"/>
  <testcase name="sumtest" time="0.0" classname="com.test.invocationtest"/>
  <testcase name="sumtest" time="0.001" classname="com.test.invocationtest"/>
  <testcase name="sumtest" time="0.0" classname="com.test.invocationtest"/>
  <testcase name="sumtest" time="0.0" classname="com.test.invocationtest"/>
  <testcase name="sumtest" time="0.0" classname="com.test.invocationtest"/>
  <testcase name="sumtest" time="0.0" classname="com.test.invocationtest"/>
  <testcase name="sumtest" time="0.0" classname="com.test.invocationtest"/>
  <testcase name="sumtest" time="0.0" classname="com.test.invocationtest"/>
  <testcase name="sumtest" time="0.0" classname="com.test.invocationtest"/>
  <testcase name="sumtest" time="0.0" classname="com.test.invocationtest"/>
  <testcase name="sumtest" time="0.0" classname="com.test.invocationtest"/>
  <testcase name="sumtest" time="0.0" classname="com.test.invocationtest"/>
  <testcase name="sumtest" time="0.0" classname="com.test.invocationtest"/>
  <testcase name="sumtest" time="0.0" classname="com.test.invocationtest"/>
  <testcase name="sumtest" time="0.0" classname="com.test.invocationtest"/>
  <testcase name="sumtest" time="0.0" classname="com.test.invocationtest"/>
  <testcase name="sumtest" time="0.0" classname="com.test.invocationtest"/>
  <testcase name="sumtest" time="0.0" classname="com.test.invocationtest"/>
  <testcase name="sumtest" time="0.0" classname="com.test.invocationtest"/>
  <testcase name="sumtest" time="0.0" classname="com.test.invocationtest"/>
  <testcase name="sumtest" time="0.0" classname="com.test.invocationtest"/>
  <testcase name="sumtest" time="0.0" classname="com.test.invocationtest"/>
  <testcase name="sumtest" time="0.0" classname="com.test.invocationtest"/>
  <testcase name="sumtest" time="0.0" classname="com.test.invocationtest"/>
  <testcase name="sumtest" time="0.0" classname="com.test.invocationtest"/>
  <testcase name="sumtest" time="0.0" classname="com.test.invocationtest"/>
  <testcase name="sumtest" time="0.0" classname="com.test.invocationtest"/>
  <testcase name="sumtest" time="0.0" classname="com.test.invocationtest"/>
  <testcase name="sumtest" time="0.0" classname="com.test.invocationtest"/>
  <testcase name="sumtest" time="0.0" classname="com.test.invocationtest"/>
  <testcase name="sumtest" time="0.0" classname="com.test.invocationtest"/>
  <testcase name="sumtest" time="0.0" classname="com.test.invocationtest"/>
  <testcase name="sumtest" time="0.0" classname="com.test.invocationtest"/>
  <testcase name="sumtest" time="0.016" classname="com.test.invocationtest"/>
  <testcase name="sumtest" time="0.0" classname="com.test.invocationtest"/>
  <testcase name="sumtest" time="0.0" classname="com.test.invocationtest"/>
  <testcase name="sumtest" time="0.0" classname="com.test.invocationtest"/>
  <testcase name="sumtest" time="0.0" classname="com.test.invocationtest"/>
  <testcase name="sumtest" time="0.0" classname="com.test.invocationtest"/>
  <testcase name="sumtest" time="0.0" classname="com.test.invocationtest"/>
  <testcase name="sumtest" time="0.0" classname="com.test.invocationtest"/>
  <testcase name="sumtest" time="0.0" classname="com.test.invocationtest"/>
  <testcase name="sumtest" time="0.0" classname="com.test.invocationtest"/>
  <testcase name="sumtest" time="0.0" classname="com.test.invocationtest"/>
  <testcase name="sumtest" time="0.0" classname="com.test.invocationtest"/>
  <testcase name="sumtest" time="0.015" classname="com.test.invocationtest"/>
  <testcase name="sumtest" time="0.0" classname="com.test.invocationtest"/>
  <testcase name="sumtest" time="0.0" classname="com.test.invocationtest"/>
  <testcase name="sumtest" time="0.0" classname="com.test.invocationtest"/>
  <testcase name="sumtest" time="0.0" classname="com.test.invocationtest"/>
  <testcase name="sumtest" time="0.0" classname="com.test.invocationtest"/>
  <testcase name="sumtest" time="0.0" classname="com.test.invocationtest"/>
  <testcase name="sumtest" time="0.0" classname="com.test.invocationtest"/>
  <testcase name="sumtest" time="0.0" classname="com.test.invocationtest"/>
  <testcase name="sumtest" time="0.0" classname="com.test.invocationtest"/>
  <testcase name="sumtest" time="0.0" classname="com.test.invocationtest"/>
  <testcase name="sumtest" time="0.0" classname="com.test.invocationtest"/>
  <testcase name="sumtest" time="0.0" classname="com.test.invocationtest"/>
  <testcase name="sumtest" time="0.0" classname="com.test.invocationtest"/>
  <testcase name="sumtest" time="0.0" classname="com.test.invocationtest"/>
  <testcase name="sumtest" time="0.0" classname="com.test.invocationtest"/>
  <testcase name="sumtest" time="0.0" classname="com.test.invocationtest"/>
  <testcase name="sumtest" time="0.0" classname="com.test.invocationtest"/>
  <testcase name="sumtest" time="0.0" classname="com.test.invocationtest"/>
  <testcase name="sumtest" time="0.0" classname="com.test.invocationtest"/>
  <testcase name="sumtest" time="0.0" classname="com.test.invocationtest"/>
  <testcase name="sumtest" time="0.0" classname="com.test.invocationtest"/>
  <testcase name="sumtest" time="0.0" classname="com.test.invocationtest"/>
  <testcase name="sumtest" time="0.015" classname="com.test.invocationtest"/>
  <testcase name="sumtest" time="0.0" classname="com.test.invocationtest"/>
  <testcase name="sumtest" time="0.0" classname="com.test.invocationtest"/>
  <testcase name="sumtest" time="0.0" classname="com.test.invocationtest"/>
  <testcase name="sumtest" time="0.0" classname="com.test.invocationtest"/>
  <testcase name="sumtest" time="0.0" classname="com.test.invocationtest"/>
  <testcase name="sumtest" time="0.0" classname="com.test.invocationtest"/>
  <testcase name="sumtest" time="0.0" classname="com.test.invocationtest"/>
  <testcase name="sumtest" time="0.0" classname="com.test.invocationtest"/>
  <testcase name="sumtest" time="0.0" classname="com.test.invocationtest"/>
  <testcase name="sumtest" time="0.0" classname="com.test.invocationtest"/>
  <testcase name="sumtest" time="0.0" classname="com.test.invocationtest"/>
  <testcase name="sumtest" time="0.0" classname="com.test.invocationtest"/>
  <testcase name="sumtest" time="0.0" classname="com.test.invocationtest"/>
  <testcase name="sumtest" time="0.0" classname="com.test.invocationtest"/>
  <testcase name="sumtest" time="0.0" classname="com.test.invocationtest"/>
  <testcase name="sumtest" time="0.0" classname="com.test.invocationtest"/>
  <testcase name="sumtest" time="0.0" classname="com.test.invocationtest"/>
  <testcase name="sumtest" time="0.0" classname="com.test.invocationtest"/>
  <testcase name="sumtest" time="0.0" classname="com.test.invocationtest"/>
  <testcase name="sumtest" time="0.0" classname="com.test.invocationtest"/>
  <testcase name="sumtest" time="0.0" classname="com.test.invocationtest"/>
  <testcase name="sumtest" time="0.0" classname="com.test.invocationtest"/>
  <testcase name="sumtest" time="0.015" classname="com.test.invocationtest"/>
  <testcase name="sumtest" time="0.0" classname="com.test.invocationtest"/>
  <testcase name="sumtest" time="0.0" classname="com.test.invocationtest"/>
  <testcase name="sumtest" time="0.0" classname="com.test.invocationtest"/>
  <testcase name="sumtest" time="0.0" classname="com.test.invocationtest"/>
  <testcase name="sumtest" time="0.0" classname="com.test.invocationtest"/>
  <testcase name="sumtest" time="0.016" classname="com.test.invocationtest"/>
  <testcase name="sumtest" time="0.0" classname="com.test.invocationtest"/>
  <testcase name="sumtest" time="0.0" classname="com.test.invocationtest"/>
  <testcase name="sumtest" time="0.0" classname="com.test.invocationtest"/>
  <testcase name="sumtest" time="0.0" classname="com.test.invocationtest"/>
  <testcase name="sumtest" time="0.0" classname="com.test.invocationtest"/>
  <testcase name="sumtest" time="0.0" classname="com.test.invocationtest"/>
  <testcase name="sumtest" time="0.0" classname="com.test.invocationtest"/>
  <testcase name="sumtest" time="0.0" classname="com.test.invocationtest"/>
  <testcase name="sumtest" time="0.0" classname="com.test.invocationtest"/>
  <testcase name="sumtest" time="0.0" classname="com.test.invocationtest"/>
  <testcase name="sumtest" time="0.0" classname="com.test.invocationtest"/>
  <testcase name="sumtest" time="0.0" classname="com.test.invocationtest"/>
  <testcase name="sumtest" time="0.0" classname="com.test.invocationtest"/>
  <testcase name="sumtest" time="0.0" classname="com.test.invocationtest"/>
  <testcase name="sumtest" time="0.0" classname="com.test.invocationtest"/>
  <testcase name="sumtest" time="0.0" classname="com.test.invocationtest"/>
  <testcase name="sumtest" time="0.0" classname="com.test.invocationtest"/>
  <testcase name="sumtest" time="0.0" classname="com.test.invocationtest"/>
  <testcase name="sumtest" time="0.0" classname="com.test.invocationtest"/>
  <testcase name="sumtest" time="0.0" classname="com.test.invocationtest"/>
  <testcase name="sumtest" time="0.0" classname="com.test.invocationtest"/>
  <testcase name="sumtest" time="0.0" classname="com.test.invocationtest"/>
  <testcase name="sumtest" time="0.016" classname="com.test.invocationtest"/>
  <testcase name="sumtest" time="0.0" classname="com.test.invocationtest"/>
  <testcase name="sumtest" time="0.0" classname="com.test.invocationtest"/>
  <testcase name="sumtest" time="0.0" classname="com.test.invocationtest"/>
  <testcase name="sumtest" time="0.0" classname="com.test.invocationtest"/>
  <testcase name="sumtest" time="0.0" classname="com.test.invocationtest"/>
  <testcase name="sumtest" time="0.015" classname="com.test.invocationtest"/>
  <testcase name="sumtest" time="0.0" classname="com.test.invocationtest"/>
  <testcase name="sumtest" time="0.0" classname="com.test.invocationtest"/>
  <testcase name="sumtest" time="0.0" classname="com.test.invocationtest"/>
  <testcase name="sumtest" time="0.0" classname="com.test.invocationtest"/>
  <testcase name="sumtest" time="0.0" classname="com.test.invocationtest"/>
  <testcase name="sumtest" time="0.0" classname="com.test.invocationtest"/>
  <testcase name="sumtest" time="0.0" classname="com.test.invocationtest"/>
  <testcase name="sumtest" time="0.0" classname="com.test.invocationtest"/>
  <testcase name="sumtest" time="0.0" classname="com.test.invocationtest"/>
  <testcase name="sumtest" time="0.0" classname="com.test.invocationtest"/>
  <testcase name="sumtest" time="0.0" classname="com.test.invocationtest"/>
  <testcase name="sumtest" time="0.0" classname="com.test.invocationtest"/>
  <testcase name="sumtest" time="0.0" classname="com.test.invocationtest"/>
  <testcase name="sumtest" time="0.0" classname="com.test.invocationtest"/>
  <testcase name="sumtest" time="0.0" classname="com.test.invocationtest"/>
  <testcase name="sumtest" time="0.0" classname="com.test.invocationtest"/>
  <testcase name="sumtest" time="0.0" classname="com.test.invocationtest"/>
  <testcase name="sumtest" time="0.0" classname="com.test.invocationtest"/>
  <testcase name="sumtest" time="0.0" classname="com.test.invocationtest"/>
  <testcase name="sumtest" time="0.0" classname="com.test.invocationtest"/>
  <testcase name="sumtest" time="0.0" classname="com.test.invocationtest"/>
  <testcase name="sumtest" time="0.0" classname="com.test.invocationtest"/>
  <testcase name="sumtest" time="0.0" classname="com.test.invocationtest"/>
  <testcase name="sumtest" time="0.0" classname="com.test.invocationtest"/>
  <testcase name="sumtest" time="0.0" classname="com.test.invocationtest"/>
  <testcase name="sumtest" time="0.0" classname="com.test.invocationtest"/>
  <testcase name="sumtest" time="0.0" classname="com.test.invocationtest"/>
  <testcase name="sumtest" time="0.0" classname="com.test.invocationtest"/>
  <testcase name="sumtest" time="0.0" classname="com.test.invocationtest"/>
  <testcase name="sumtest" time="0.0" classname="com.test.invocationtest"/>
  <testcase name="sumtest" time="0.0" classname="com.test.invocationtest"/>
  <testcase name="sumtest" time="0.0" classname="com.test.invocationtest"/>
  <testcase name="sumtest" time="0.0" classname="com.test.invocationtest"/>
  <testcase name="sumtest" time="0.0" classname="com.test.invocationtest"/>
  <testcase name="sumtest" time="0.016" classname="com.test.invocationtest"/>
  <testcase name="sumtest" time="0.0" classname="com.test.invocationtest"/>
  <testcase name="sumtest" time="0.0" classname="com.test.invocationtest"/>
  <testcase name="sumtest" time="0.0" classname="com.test.invocationtest"/>
  <testcase name="sumtest" time="0.0" classname="com.test.invocationtest"/>
  <testcase name="testcase6" time="0.12" classname="com.test.TestNGbasicsTest"/>
  <testcase name="testcase1" time="5.183" classname="com.test.timeouttestcase">
    <failure type="org.testng.internal.thread.ThreadTimeoutException" message="Method com.test.timeouttestcase.testcase1() didn&amp;apos;t finish within the time-out 5000">
      <![CDATA[org.testng.internal.thread.ThreadTimeoutException: Method com.test.timeouttestcase.testcase1() didn't finish within the time-out 5000
at java.io.FileOutputStream.writeBytes(Native Method)
at java.io.FileOutputStream.write(Unknown Source)
at java.io.BufferedOutputStream.flushBuffer(Unknown Source)
at java.io.BufferedOutputStream.flush(Unknown Source)
at java.io.PrintStream.write(Unknown Source)
at sun.nio.cs.StreamEncoder.writeBytes(Unknown Source)
at sun.nio.cs.StreamEncoder.implFlushBuffer(Unknown Source)
at sun.nio.cs.StreamEncoder.flushBuffer(Unknown Source)
at java.io.OutputStreamWriter.flushBuffer(Unknown Source)
at java.io.PrintStream.write(Unknown Source)
at java.io.PrintStream.print(Unknown Source)
at java.io.PrintStream.println(Unknown Source)
at com.test.timeouttestcase.testcase1(timeouttestcase.java:12)
at java.util.concurrent.Executors$RunnableAdapter.call(Unknown Source)
at java.util.concurrent.FutureTask.run(Unknown Source)
at java.util.concurrent.ThreadPoolExecutor.runWorker(Unknown Source)
at java.util.concurrent.ThreadPoolExecutor$Worker.run(Unknown Source)
at java.lang.Thread.run(Unknown Source)
... Removed 7 stack frames]]>
    </failure>
  </testcase> <!-- testcase1 -->
</testsuite> <!-- Test -->
