<?xml version="1.0" encoding="UTF-8"?>
<!-- Generated by org.testng.reporters.JUnitXMLReporter -->
<testsuite hostname="admin-PC" ignored="2" name="Default test(failed)" tests="1" failures="0" timestamp="16 May 2019 09:50:37 GMT" time="0.038" errors="0">
  <testcase name="testcase3" time="0.006" classname="com.BeforeAfter.BeforeAfterTest"/>
  <testcase name="testcase1" time="0.0" classname="com.BeforeAfter.BeforeAfterTest">
    <ignored/>
  </testcase> <!-- testcase1 -->
  <testcase name="testcase2" time="0.0" classname="com.BeforeAfter.BeforeAfterTest">
    <ignored/>
  </testcase> <!-- testcase2 -->
</testsuite> <!-- Default test(failed) -->
