<?xml version="1.0" encoding="UTF-8"?>
<!-- Generated by org.testng.reporters.JUnitXMLReporter -->
<testsuite hostname="admin-PC" ignored="0" name="Priority test" tests="3" failures="0" timestamp="16 May 2019 12:29:21 GMT" time="18.366" errors="0">
  <testcase name="openbrowser" time="10.123" classname="priority.Priorityexample"/>
  <testcase name="search" time="7.103" classname="priority.Priorityexample"/>
  <testcase name="tearDown" time="1.088" classname="priority.Priorityexample"/>
</testsuite> <!-- Priority test -->
